20131231 18:22:54: 
  SELECT * FROM `zt_company` WHERE `pms` = 'localhost:88' 
  SELECT * FROM `zt_company` WHERE `pms` = 'localhost' 
  SELECT * FROM `zt_config` WHERE owner IN ('system','') AND company IN ('1','0') ORDER BY id
  SELECT * FROM `zt_user` WHERE account  = 'kevin' AND deleted  = '0' AND  `zt_user`.company = '1' 
  UPDATE `zt_user` SET  visits = visits + 1 , ip = '::1', last = '1388485373' WHERE account  = 'kevin' AND  `zt_user`.company = '1' 
  SELECT module, method FROM `zt_userGroup` AS t1  LEFT JOIN `zt_groupPriv` AS t2  ON t1.group = t2.group  WHERE t1.account  = 'kevin' AND  t1.company = '1' 
  SELECT `group` FROM `zt_userGroup` WHERE `account` = 'kevin'  AND  `zt_userGroup`.company = '1' 
  INSERT INTO `zt_action` SET `objectType` = 'user',`objectID` = '200511',`actor` = 'kevin',`action` = 'login',`date` = '2013-12-31 18:22:53',`comment` = '',`extra` = '',`product` = ',0,',`project` = '0',`company` = '1'
  SELECT * FROM `zt_config` WHERE owner IN ('system','kevin') AND company IN ('1','0') ORDER BY id

20131231 18:22:59: my
  SELECT * FROM `zt_config` WHERE owner IN ('system','kevin') AND company IN ('1','0') ORDER BY id
  SELECT *, IF(INSTR(" done", status) < 2, 0, 1) AS isDone FROM `zt_project` WHERE iscat  = '0' AND status  != 'done' AND deleted  = '0'  AND  `zt_project`.company = '1'  ORDER BY isDone, `order`, status
  SELECT id, project, estimate, consumed, `left`, status, closedReason FROM `zt_task` WHERE project IN ('200050','200008','200009','200010','200011','200013','200014','200017','200018','200020','200022','200023','200024','200025','200027','200028','200029','200030','200031','200032','200033','200035','200036','200037','200034','200038','200039','200041','200042','200043','200045','200051','200053','200054','200055','200056','200076','1','13','32','33','36','45','63','50','53','54','58','59','60','200098','200100','200044','200046','200066','200079','200058','200059','200060','200061','200062','200063','200064','200065','200068','200069','200070','200071','200080','200072','200074','200075','200082','200078','200081','200083','200084','200085','200086','200087','200089','200090','200091','200092','200093','4','6','7','9','10','12','14','15','17','18','19','20','21','22','23','24','25','26','27','28','29','30','31','34','37','38','39','42','43','44','46','47','48','51','52','55','56','57','61','62','200094','200095','200097','200099','200101','200102','200103','200104','200105','200106','200107') AND deleted  = '0' AND  `zt_task`.company = '1' 
  SELECT project, date AS name, `left` AS value FROM `zt_burn` WHERE project IN ('200050','200008','200009','200010','200011','200013','200014','200017','200018','200020','200022','200023','200024','200025','200027','200028','200029','200030','200031','200032','200033','200035','200036','200037','200034','200038','200039','200041','200042','200043','200045','200051','200053','200054','200055','200056','200076','1','13','32','33','36','45','63','50','53','54','58','59','60','200098','200100','200044','200046','200066','200079','200058','200059','200060','200061','200062','200063','200064','200065','200068','200069','200070','200071','200080','200072','200074','200075','200082','200078','200081','200083','200084','200085','200086','200087','200089','200090','200091','200092','200093','4','6','7','9','10','12','14','15','17','18','19','20','21','22','23','24','25','26','27','28','29','30','31','34','37','38','39','42','43','44','46','47','48','51','52','55','56','57','61','62','200094','200095','200097','200099','200101','200102','200103','200104','200105','200106','200107')  AND  `zt_burn`.company = '1'  ORDER BY date desc
  SELECT project, account FROM `zt_team` WHERE  `zt_team`.company = '1' 
  SELECT * FROM `zt_product` WHERE deleted  = '0' AND status  != 'closed'  AND  `zt_product`.company = '1'  ORDER BY `order` asc
  SELECT product, status, count(status) AS count FROM `zt_story` WHERE deleted  = '0' AND product IN ('200035','200007','200011','200014','200015','200016','200017','200018','200020','200021','200027','200025','200026','200028','200029','200030','200031','200032','200037','200038','200039','200040','200041','200042','200043','200044','200045','200046','200047','200049','200050','200051','200052','200053','1','3','5','6','7','8','9','10','11','12','13','14','15','16','17','19','20','21','22','23','25','26','27','200054','200056','200057','200058','200059','200060','200061')  AND  `zt_story`.company = '1'  GROUP BY product, status
  SELECT product, count(*) AS count FROM `zt_productPlan` WHERE deleted  = '0' AND product IN ('200035','200007','200011','200014','200015','200016','200017','200018','200020','200021','200027','200025','200026','200028','200029','200030','200031','200032','200037','200038','200039','200040','200041','200042','200043','200044','200045','200046','200047','200049','200050','200051','200052','200053','1','3','5','6','7','8','9','10','11','12','13','14','15','16','17','19','20','21','22','23','25','26','27','200054','200056','200057','200058','200059','200060','200061') AND end  > '2013-12-31 18:22:55'  AND  `zt_productPlan`.company = '1'  GROUP BY product
  SELECT product, count(*) AS count FROM `zt_release` WHERE deleted  = '0' AND product IN ('200035','200007','200011','200014','200015','200016','200017','200018','200020','200021','200027','200025','200026','200028','200029','200030','200031','200032','200037','200038','200039','200040','200041','200042','200043','200044','200045','200046','200047','200049','200050','200051','200052','200053','1','3','5','6','7','8','9','10','11','12','13','14','15','16','17','19','20','21','22','23','25','26','27','200054','200056','200057','200058','200059','200060','200061')  AND  `zt_release`.company = '1'  GROUP BY product
  SELECT product,count(*) AS conut FROM `zt_bug` WHERE deleted  = '0' AND product IN ('200035','200007','200011','200014','200015','200016','200017','200018','200020','200021','200027','200025','200026','200028','200029','200030','200031','200032','200037','200038','200039','200040','200041','200042','200043','200044','200045','200046','200047','200049','200050','200051','200052','200053','1','3','5','6','7','8','9','10','11','12','13','14','15','16','17','19','20','21','22','23','25','26','27','200054','200056','200057','200058','200059','200060','200061')  AND  `zt_bug`.company = '1'  GROUP BY product
  SELECT product,count(*) AS count FROM `zt_bug` WHERE status  = 'active' AND deleted  = '0' AND product IN ('200035','200007','200011','200014','200015','200016','200017','200018','200020','200021','200027','200025','200026','200028','200029','200030','200031','200032','200037','200038','200039','200040','200041','200042','200043','200044','200045','200046','200047','200049','200050','200051','200052','200053','1','3','5','6','7','8','9','10','11','12','13','14','15','16','17','19','20','21','22','23','25','26','27','200054','200056','200057','200058','200059','200060','200061')  AND  `zt_bug`.company = '1'  GROUP BY product
  SELECT product,count(*) AS count FROM `zt_bug` WHERE AssignedTo  = '' AND deleted  = '0' AND product IN ('200035','200007','200011','200014','200015','200016','200017','200018','200020','200021','200027','200025','200026','200028','200029','200030','200031','200032','200037','200038','200039','200040','200041','200042','200043','200044','200045','200046','200047','200049','200050','200051','200052','200053','1','3','5','6','7','8','9','10','11','12','13','14','15','16','17','19','20','21','22','23','25','26','27','200054','200056','200057','200058','200059','200060','200061')  AND  `zt_bug`.company = '1'  GROUP BY product
  SELECT * FROM `zt_action` WHERE 1  AND date  > '2013-12-29' AND date  < '2014-01-01'  AND  `zt_action`.company = '1'  ORDER BY date desc  limit 0, 14 
  SELECT commiter, account, realname FROM `zt_user` WHERE commiter  != '' AND  `zt_user`.company = '1' 
  SELECT id, account AS name FROM `zt_user` WHERE id IN ('200511','200227','200412','200159') AND  `zt_user`.company = '1' 
  SELECT id, name AS name FROM `zt_docLib` WHERE id IN ('200007','200006') AND  `zt_docLib`.company = '1' 
  SELECT * FROM `zt_todo` WHERE account  = 'kevin' AND date >= '1970-01-01'  AND date <= '2109-01-01'  AND status IN ('wait','doing')  AND  `zt_todo`.company = '1'  ORDER BY date, status, begin LIMIT 10 
  SELECT * FROM `zt_todo` WHERE account  = 'kevin' AND date >= '1970-01-01'  AND date <= '2109-01-01'  AND status IN ('wait','doing') ORDER BY date, status, begin LIMIT 10 
  SELECT t1.*, t2.id as projectID, t2.name as projectName, t3.id as storyID, t3.title as storyTitle, t3.status AS storyStatus, t3.version AS latestStoryVersion FROM `zt_task` AS t1  LEFT JOIN `zt_project` AS t2  ON t1.project = t2.id  LEFT JOIN `zt_story` AS t3  ON t1.story = t3.id  WHERE t1.deleted  = '0' AND t1.assignedTo  = 'kevin'  AND  t1.company = '1'  ORDER BY id desc LIMIT 10 
  SELECT t1.*, t2.id as projectID, t2.name as projectName, t3.id as storyID, t3.title as storyTitle, t3.status AS storyStatus, t3.version AS latestStoryVersion FROM `zt_task` AS t1  LEFT JOIN `zt_project` AS t2  ON t1.project = t2.id  LEFT JOIN `zt_story` AS t3  ON t1.story = t3.id  WHERE t1.deleted  = '0' AND t1.assignedTo  = 'kevin' ORDER BY id desc LIMIT 10 
  SELECT t1.id, t1.title, t2.name as product FROM `zt_bug` AS t1  LEFT JOIN `zt_product` AS t2  ON t1.product=t2.id  WHERE t1.assignedTo  = 'kevin' AND t1.deleted  = '0'  AND  t1.company = '1'  ORDER BY id desc LIMIT 10 
  SELECT id, title FROM `zt_story` WHERE deleted  = '0' AND assignedTo  = 'kevin'  AND  `zt_story`.company = '1'  ORDER BY id desc LIMIT 10 
  SELECT account, realname FROM `zt_user`  WHERE  `zt_user`.company = '1'  ORDER BY account

20131231 18:23:13: notice
  SELECT * FROM `zt_config` WHERE owner IN ('system','kevin') AND company IN ('1','0') ORDER BY id

20131231 18:23:13: notice-browse
  SELECT * FROM `zt_config` WHERE owner IN ('system','kevin') AND company IN ('1','0') ORDER BY id
  SELECT * FROM `zt_notice` WHERE deleted  = '0'  AND  `zt_notice`.company = '1'  ORDER BY id desc
  SELECT COUNT(*) AS recTotal FROM `zt_notice` WHERE deleted  = '0'  AND  `zt_notice`.company = '1'  
  SELECT * FROM `zt_notice` WHERE deleted  = '0'  AND  `zt_notice`.company = '1'  ORDER BY id desc
  SELECT * FROM `zt_module` WHERE root  = '0' AND type  = 'notice'  AND  `zt_module`.company = '1'  ORDER BY grade desc, `order`
  SELECT account, realname FROM `zt_user`  WHERE  `zt_user`.company = '1'  ORDER BY account

20131231 18:23:15: product
  SELECT * FROM `zt_config` WHERE owner IN ('system','kevin') AND company IN ('1','0') ORDER BY id
  SELECT *,  IF(INSTR(" closed", status) < 2, 0, 1) AS isClosed FROM `zt_product` WHERE deleted  = '0'  AND  `zt_product`.company = '1'  ORDER BY isClosed, `order`

20131231 18:23:15: product-browse
  SELECT * FROM `zt_config` WHERE owner IN ('system','kevin') AND company IN ('1','0') ORDER BY id
  SELECT *,  IF(INSTR(" closed", status) < 2, 0, 1) AS isClosed FROM `zt_product` WHERE deleted  = '0'  AND  `zt_product`.company = '1'  ORDER BY isClosed, `order`
  SELECT id, status, name FROM `zt_product` WHERE id IN ('200035','200007','200011','200014','200015','200016','200017','200018','200020','200021','200027','200025','200026','200028','200029','200030','200031','200032','200037','200038','200039','200040','200041','200042','200043','200044','200045','200046','200047','200049','200050','200051','200052','200053','1','3','5','6','7','8','9','10','11','12','13','14','15','16','17','19','20','21','22','23','25','26','27','200054','200056','200057','200058','200059','200060','200061','200012','200013','200036')  AND  `zt_product`.company = '1'  ORDER BY `order`
  SELECT t1.*, t2.title as planTitle FROM `zt_story` AS t1  LEFT JOIN `zt_productPlan` AS t2  ON t1.plan = t2.id  WHERE t1.product IN ('200035') AND t1.deleted  = '0'  AND  t1.company = '1'  ORDER BY id desc
  SELECT COUNT(*) AS recTotal FROM `zt_story` AS t1  LEFT JOIN `zt_productPlan` AS t2  ON t1.plan = t2.id  WHERE t1.product IN ('200035') AND t1.deleted  = '0'  AND  t1.company = '1'  
  SELECT t1.*, t2.title as planTitle FROM `zt_story` AS t1  LEFT JOIN `zt_productPlan` AS t2  ON t1.plan = t2.id  WHERE t1.product IN ('200035') AND t1.deleted  = '0'  AND  t1.company = '1'  ORDER BY id desc  limit 0, 20 
  SELECT t1.*, t2.title as planTitle FROM `zt_story` AS t1  LEFT JOIN `zt_productPlan` AS t2  ON t1.plan = t2.id  WHERE t1.product IN ('200035') AND t1.deleted  = '0' ORDER BY id desc  limit 0, 20 
  SELECT id,title FROM `zt_productPlan` WHERE product  = '200035' AND deleted  = '0'  AND  `zt_productPlan`.company = '1'  ORDER BY begin
  SELECT * FROM `zt_module` WHERE root  = '200035' AND type  = 'story'  AND  `zt_module`.company = '1'  ORDER BY grade desc, `order`
  SELECT * FROM `zt_module` WHERE root  = '200035' AND type  = 'story'  AND  `zt_module`.company = '1'  ORDER BY grade desc, `order`
  SELECT account, realname FROM `zt_user`  WHERE  `zt_user`.company = '1'  ORDER BY account

20131231 18:23:17: project
  SELECT * FROM `zt_config` WHERE owner IN ('system','kevin') AND company IN ('1','0') ORDER BY id
  SELECT *, IF(INSTR(" done", status) < 2, 0, 1) AS isDone FROM `zt_project` WHERE iscat  = '0' AND deleted  = '0'  AND  `zt_project`.company = '1'  ORDER BY isDone, `order`, status
  SELECT project, account FROM `zt_team` WHERE  `zt_team`.company = '1' 

20131231 18:23:19: project-task
  SELECT * FROM `zt_config` WHERE owner IN ('system','kevin') AND company IN ('1','0') ORDER BY id
  SELECT *, IF(INSTR(" done", status) < 2, 0, 1) AS isDone FROM `zt_project` WHERE iscat  = '0' AND deleted  = '0'  AND  `zt_project`.company = '1'  ORDER BY isDone, `order`, status
  SELECT project, account FROM `zt_team` WHERE  `zt_team`.company = '1' 
  SELECT * FROM `zt_project` WHERE `id` = '200050'  AND  `zt_project`.company = '1' 
  SELECT 
            SUM(estimate) AS totalEstimate, 
            SUM(consumed) AS totalConsumed, 
            SUM(`left`) AS totalLeft FROM `zt_task` WHERE project  = '200050' AND status  != 'cancel' AND deleted  = '0' AND  `zt_task`.company = '1' 
  SELECT sum(days * hours) AS totalHours FROM `zt_team` WHERE project  = '200050' AND  `zt_team`.company = '1' 
  SELECT t2.id, t2.name FROM `zt_projectProduct` AS t1  LEFT JOIN `zt_product` AS t2  ON t1.product = t2.id  WHERE t1.project  = '200050' AND  t1.company = '1' 
  SELECT id, name FROM `zt_project` WHERE parent  = '200050' AND  `zt_project`.company = '1' 
  SELECT t1.*, t1.hours * t1.days AS totalHours, t2.realname FROM `zt_team` AS t1  LEFT JOIN `zt_user` AS t2  ON t1.account = t2.account  WHERE t1.project  = '200050' AND t2.company  = '1' AND  t1.company = '1' 
  SELECT commiter, account, realname FROM `zt_user` WHERE commiter  != '' AND  `zt_user`.company = '1' 
  SELECT * FROM `zt_action` WHERE objectType  = 'project' AND objectID  = '200050'  AND  `zt_action`.company = '1'  ORDER BY date, id
  SELECT * FROM `zt_history` WHERE action IN ('200130','202839','202850','205766','235807')  AND  `zt_history`.company = '1'  ORDER BY id
  SELECT * FROM `zt_project` WHERE `id` = '200050'  AND  `zt_project`.company = '1' 
  SELECT 
            SUM(estimate) AS totalEstimate, 
            SUM(consumed) AS totalConsumed, 
            SUM(`left`) AS totalLeft FROM `zt_task` WHERE project  = '200050' AND status  != 'cancel' AND deleted  = '0' AND  `zt_task`.company = '1' 
  SELECT sum(days * hours) AS totalHours FROM `zt_team` WHERE project  = '200050' AND  `zt_team`.company = '1' 
  SELECT *,  IF(INSTR(" closed", status) < 2, 0, 1) AS isClosed FROM `zt_product` WHERE deleted  = '0'  AND  `zt_product`.company = '1'  ORDER BY isClosed, `order`
  SELECT t1.id, t1.name,t1.status, t2.product FROM `zt_project` AS t1  LEFT JOIN `zt_projectProduct` AS t2  ON t1.id = t2.project  WHERE t1.deleted  = '0'  AND  t1.company = '1'  ORDER BY t1.order
  SELECT *, IF(INSTR(" done", status) < 2, 0, 1) AS isDone FROM `zt_project` WHERE iscat  = '0' AND deleted  = '0'  AND  `zt_project`.company = '1'  ORDER BY isDone, `order`, status
  SELECT t1.*, t2.id AS storyID, t2.title AS storyTitle, t2.version AS latestStoryVersion, t2.status AS storyStatus, t3.realname AS assignedToRealName FROM `zt_task` AS t1  LEFT JOIN `zt_story` AS t2  ON t1.story = t2.id  LEFT JOIN `zt_user` AS t3  ON t1.assignedTo = t3.account  WHERE t1.project  = '200050' AND t1.deleted  = '0'  AND  t1.company = '1'  ORDER BY statusCustom,id desc
  SELECT COUNT(*) AS recTotal FROM `zt_task` AS t1  LEFT JOIN `zt_story` AS t2  ON t1.story = t2.id  LEFT JOIN `zt_user` AS t3  ON t1.assignedTo = t3.account  WHERE t1.project  = '200050' AND t1.deleted  = '0'  AND  t1.company = '1'  
  SELECT t1.*, t2.id AS storyID, t2.title AS storyTitle, t2.version AS latestStoryVersion, t2.status AS storyStatus, t3.realname AS assignedToRealName FROM `zt_task` AS t1  LEFT JOIN `zt_story` AS t2  ON t1.story = t2.id  LEFT JOIN `zt_user` AS t3  ON t1.assignedTo = t3.account  WHERE t1.project  = '200050' AND t1.deleted  = '0'  AND  t1.company = '1'  ORDER BY statusCustom,id desc  limit 0, 100 
  SELECT t1.*, t2.id AS storyID, t2.title AS storyTitle, t2.version AS latestStoryVersion, t2.status AS storyStatus, t3.realname AS assignedToRealName FROM `zt_task` AS t1  LEFT JOIN `zt_story` AS t2  ON t1.story = t2.id  LEFT JOIN `zt_user` AS t3  ON t1.assignedTo = t3.account  WHERE t1.project  = '200050' AND t1.deleted  = '0' ORDER BY statusCustom,id desc  limit 0, 100 
  SELECT * FROM `zt_module` WHERE root  = '200050' AND type  = 'task'  AND  `zt_module`.company = '1'  ORDER BY grade desc, `order`
  SELECT account, realname FROM `zt_user`  WHERE  `zt_user`.company = '1'  ORDER BY account
  SELECT * FROM `zt_module` WHERE root  = '200050' AND type  = 'task'  AND  `zt_module`.company = '1'  ORDER BY grade desc, `order`
  SELECT *,  IF(INSTR(" closed", status) < 2, 0, 1) AS isClosed FROM `zt_product` WHERE deleted  = '0'  AND  `zt_product`.company = '1'  ORDER BY isClosed, `order`
  SELECT t1.id, t1.name,t1.status, t2.product FROM `zt_project` AS t1  LEFT JOIN `zt_projectProduct` AS t2  ON t1.id = t2.project  WHERE t1.deleted  = '0'  AND  t1.company = '1'  ORDER BY t1.order
  SELECT *, IF(INSTR(" done", status) < 2, 0, 1) AS isDone FROM `zt_project` WHERE iscat  = '0' AND deleted  = '0'  AND  `zt_project`.company = '1'  ORDER BY isDone, `order`, status

20131231 18:23:30: project-task-200039
  SELECT * FROM `zt_config` WHERE owner IN ('system','kevin') AND company IN ('1','0') ORDER BY id
  SELECT *, IF(INSTR(" done", status) < 2, 0, 1) AS isDone FROM `zt_project` WHERE iscat  = '0' AND deleted  = '0'  AND  `zt_project`.company = '1'  ORDER BY isDone, `order`, status
  SELECT project, account FROM `zt_team` WHERE  `zt_team`.company = '1' 
  SELECT * FROM `zt_project` WHERE `id` = '200039'  AND  `zt_project`.company = '1' 
  SELECT 
            SUM(estimate) AS totalEstimate, 
            SUM(consumed) AS totalConsumed, 
            SUM(`left`) AS totalLeft FROM `zt_task` WHERE project  = '200039' AND status  != 'cancel' AND deleted  = '0' AND  `zt_task`.company = '1' 
  SELECT sum(days * hours) AS totalHours FROM `zt_team` WHERE project  = '200039' AND  `zt_team`.company = '1' 
  SELECT t2.id, t2.name FROM `zt_projectProduct` AS t1  LEFT JOIN `zt_product` AS t2  ON t1.product = t2.id  WHERE t1.project  = '200039' AND  t1.company = '1' 
  SELECT id, name FROM `zt_project` WHERE parent  = '200039' AND  `zt_project`.company = '1' 
  SELECT t1.*, t1.hours * t1.days AS totalHours, t2.realname FROM `zt_team` AS t1  LEFT JOIN `zt_user` AS t2  ON t1.account = t2.account  WHERE t1.project  = '200039' AND t2.company  = '1' AND  t1.company = '1' 
  SELECT commiter, account, realname FROM `zt_user` WHERE commiter  != '' AND  `zt_user`.company = '1' 
  SELECT * FROM `zt_action` WHERE objectType  = 'project' AND objectID  = '200039'  AND  `zt_action`.company = '1'  ORDER BY date, id
  SELECT * FROM `zt_history` WHERE action IN ('217340','285431')  AND  `zt_history`.company = '1'  ORDER BY id
  SELECT * FROM `zt_project` WHERE `id` = '200039'  AND  `zt_project`.company = '1' 
  SELECT 
            SUM(estimate) AS totalEstimate, 
            SUM(consumed) AS totalConsumed, 
            SUM(`left`) AS totalLeft FROM `zt_task` WHERE project  = '200039' AND status  != 'cancel' AND deleted  = '0' AND  `zt_task`.company = '1' 
  SELECT sum(days * hours) AS totalHours FROM `zt_team` WHERE project  = '200039' AND  `zt_team`.company = '1' 
  SELECT *,  IF(INSTR(" closed", status) < 2, 0, 1) AS isClosed FROM `zt_product` WHERE deleted  = '0'  AND  `zt_product`.company = '1'  ORDER BY isClosed, `order`
  SELECT t1.id, t1.name,t1.status, t2.product FROM `zt_project` AS t1  LEFT JOIN `zt_projectProduct` AS t2  ON t1.id = t2.project  WHERE t1.deleted  = '0'  AND  t1.company = '1'  ORDER BY t1.order
  SELECT *, IF(INSTR(" done", status) < 2, 0, 1) AS isDone FROM `zt_project` WHERE iscat  = '0' AND deleted  = '0'  AND  `zt_project`.company = '1'  ORDER BY isDone, `order`, status
  SELECT t1.*, t2.id AS storyID, t2.title AS storyTitle, t2.version AS latestStoryVersion, t2.status AS storyStatus, t3.realname AS assignedToRealName FROM `zt_task` AS t1  LEFT JOIN `zt_story` AS t2  ON t1.story = t2.id  LEFT JOIN `zt_user` AS t3  ON t1.assignedTo = t3.account  WHERE t1.project  = '200039' AND t1.deleted  = '0'  AND  t1.company = '1'  ORDER BY statusCustom,id desc
  SELECT COUNT(*) AS recTotal FROM `zt_task` AS t1  LEFT JOIN `zt_story` AS t2  ON t1.story = t2.id  LEFT JOIN `zt_user` AS t3  ON t1.assignedTo = t3.account  WHERE t1.project  = '200039' AND t1.deleted  = '0'  AND  t1.company = '1'  
  SELECT t1.*, t2.id AS storyID, t2.title AS storyTitle, t2.version AS latestStoryVersion, t2.status AS storyStatus, t3.realname AS assignedToRealName FROM `zt_task` AS t1  LEFT JOIN `zt_story` AS t2  ON t1.story = t2.id  LEFT JOIN `zt_user` AS t3  ON t1.assignedTo = t3.account  WHERE t1.project  = '200039' AND t1.deleted  = '0'  AND  t1.company = '1'  ORDER BY statusCustom,id desc
  SELECT t1.*, t2.id AS storyID, t2.title AS storyTitle, t2.version AS latestStoryVersion, t2.status AS storyStatus, t3.realname AS assignedToRealName FROM `zt_task` AS t1  LEFT JOIN `zt_story` AS t2  ON t1.story = t2.id  LEFT JOIN `zt_user` AS t3  ON t1.assignedTo = t3.account  WHERE t1.project  = '200039' AND t1.deleted  = '0' ORDER BY statusCustom,id desc
  SELECT * FROM `zt_module` WHERE root  = '200039' AND type  = 'task'  AND  `zt_module`.company = '1'  ORDER BY grade desc, `order`
  SELECT account, realname FROM `zt_user`  WHERE  `zt_user`.company = '1'  ORDER BY account
  SELECT * FROM `zt_module` WHERE root  = '200039' AND type  = 'task'  AND  `zt_module`.company = '1'  ORDER BY grade desc, `order`
  SELECT *,  IF(INSTR(" closed", status) < 2, 0, 1) AS isClosed FROM `zt_product` WHERE deleted  = '0'  AND  `zt_product`.company = '1'  ORDER BY isClosed, `order`
  SELECT t1.id, t1.name,t1.status, t2.product FROM `zt_project` AS t1  LEFT JOIN `zt_projectProduct` AS t2  ON t1.id = t2.project  WHERE t1.deleted  = '0'  AND  t1.company = '1'  ORDER BY t1.order
  SELECT *, IF(INSTR(" done", status) < 2, 0, 1) AS isDone FROM `zt_project` WHERE iscat  = '0' AND deleted  = '0'  AND  `zt_project`.company = '1'  ORDER BY isDone, `order`, status

20131231 18:23:43: task-view-207839
  SELECT * FROM `zt_config` WHERE owner IN ('system','kevin') AND company IN ('1','0') ORDER BY id
  SELECT t1.*, t2.id AS storyID, t2.title AS storyTitle, t2.version AS latestStoryVersion, t2.status AS storyStatus, t3.realname AS assignedToRealName FROM `zt_task` AS t1  LEFT JOIN `zt_story` AS t2  ON t1.story = t2.id  LEFT JOIN `zt_user` AS t3  ON t1.assignedTo = t3.account  WHERE t1.id  = '207839' AND  t1.company = '1' 
  SELECT * FROM `zt_file` WHERE objectType  = 'task' AND objectID  = '207839'  AND  `zt_file`.company = '1'  ORDER BY id
  SELECT * FROM `zt_project` WHERE `id` = '200039'  AND  `zt_project`.company = '1' 
  SELECT 
            SUM(estimate) AS totalEstimate, 
            SUM(consumed) AS totalConsumed, 
            SUM(`left`) AS totalLeft FROM `zt_task` WHERE project  = '200039' AND status  != 'cancel' AND deleted  = '0' AND  `zt_task`.company = '1' 
  SELECT sum(days * hours) AS totalHours FROM `zt_team` WHERE project  = '200039' AND  `zt_team`.company = '1' 
  SELECT *, IF(INSTR(" done", status) < 2, 0, 1) AS isDone FROM `zt_project` WHERE iscat  = '0' AND deleted  = '0'  AND  `zt_project`.company = '1'  ORDER BY isDone, `order`, status
  SELECT project, account FROM `zt_team` WHERE  `zt_team`.company = '1' 
  SELECT * FROM `zt_project` WHERE `id` = '200039'  AND  `zt_project`.company = '1' 
  SELECT 
            SUM(estimate) AS totalEstimate, 
            SUM(consumed) AS totalConsumed, 
            SUM(`left`) AS totalLeft FROM `zt_task` WHERE project  = '200039' AND status  != 'cancel' AND deleted  = '0' AND  `zt_task`.company = '1' 
  SELECT sum(days * hours) AS totalHours FROM `zt_team` WHERE project  = '200039' AND  `zt_team`.company = '1' 
  SELECT *,  IF(INSTR(" closed", status) < 2, 0, 1) AS isClosed FROM `zt_product` WHERE deleted  = '0'  AND  `zt_product`.company = '1'  ORDER BY isClosed, `order`
  SELECT t1.id, t1.name,t1.status, t2.product FROM `zt_project` AS t1  LEFT JOIN `zt_projectProduct` AS t2  ON t1.id = t2.project  WHERE t1.deleted  = '0'  AND  t1.company = '1'  ORDER BY t1.order
  SELECT *, IF(INSTR(" done", status) < 2, 0, 1) AS isDone FROM `zt_project` WHERE iscat  = '0' AND deleted  = '0'  AND  `zt_project`.company = '1'  ORDER BY isDone, `order`, status
  SELECT commiter, account, realname FROM `zt_user` WHERE commiter  != '' AND  `zt_user`.company = '1' 
  SELECT * FROM `zt_action` WHERE objectType  = 'task' AND objectID  = '207839'  AND  `zt_action`.company = '1'  ORDER BY date, id
  SELECT * FROM `zt_history` WHERE action IN ('313511','333826')  AND  `zt_history`.company = '1'  ORDER BY id
  SELECT account, realname FROM `zt_user`  WHERE  `zt_user`.company = '1'  ORDER BY account
  SELECT * FROM `zt_task` WHERE  project  = '200039' AND deleted  = '0'    AND  `zt_task`.company = '1'  ORDER BY  statusCustom,id desc

20131231 18:23:43: js/jquery/syntaxhighlighter/scripts/shCore
  SELECT * FROM `zt_config` WHERE owner IN ('system','kevin') AND company IN ('1','0') ORDER BY id

20131231 18:23:43: js/jquery/syntaxhighlighter/styles/shCore
  SELECT * FROM `zt_config` WHERE owner IN ('system','kevin') AND company IN ('1','0') ORDER BY id

20131231 18:23:43: js/jquery/syntaxhighlighter/styles/shThemeDefault
  SELECT * FROM `zt_config` WHERE owner IN ('system','kevin') AND company IN ('1','0') ORDER BY id

20131231 18:23:43: js/jquery/syntaxhighlighter/scripts/shAutoloader
  SELECT * FROM `zt_config` WHERE owner IN ('system','kevin') AND company IN ('1','0') ORDER BY id

20131231 18:24:43: misc-ping
  SELECT * FROM `zt_config` WHERE owner IN ('system','kevin') AND company IN ('1','0') ORDER BY id

20131231 18:26:07: qa
  SELECT * FROM `zt_config` WHERE owner IN ('system','kevin') AND company IN ('1','0') ORDER BY id

20131231 18:26:08: bug-browse
  SELECT * FROM `zt_config` WHERE owner IN ('system','kevin') AND company IN ('1','0') ORDER BY id
  SELECT *,  IF(INSTR(" closed", status) < 2, 0, 1) AS isClosed FROM `zt_product` WHERE deleted  = '0'  AND  `zt_product`.company = '1'  ORDER BY isClosed, `order`
  SELECT id, status, name FROM `zt_product` WHERE id IN ('200035','200007','200011','200014','200015','200016','200017','200018','200020','200021','200027','200025','200026','200028','200029','200030','200031','200032','200037','200038','200039','200040','200041','200042','200043','200044','200045','200046','200047','200049','200050','200051','200052','200053','1','3','5','6','7','8','9','10','11','12','13','14','15','16','17','19','20','21','22','23','25','26','27','200054','200056','200057','200058','200059','200060','200061','200012','200013','200036')  AND  `zt_product`.company = '1'  ORDER BY `order`
  SELECT id, status, name FROM `zt_product` WHERE id IN ('200035','200007','200011','200014','200015','200016','200017','200018','200020','200021','200027','200025','200026','200028','200029','200030','200031','200032','200037','200038','200039','200040','200041','200042','200043','200044','200045','200046','200047','200049','200050','200051','200052','200053','1','3','5','6','7','8','9','10','11','12','13','14','15','16','17','19','20','21','22','23','25','26','27','200054','200056','200057','200058','200059','200060','200061','200012','200013','200036')  AND  `zt_product`.company = '1'  ORDER BY `order`
  SELECT *, IF(INSTR(" done", status) < 2, 0, 1) AS isDone FROM `zt_project` WHERE iscat  = '0' AND deleted  = '0'  AND  `zt_project`.company = '1'  ORDER BY isDone, `order`, status
  SELECT project, account FROM `zt_team` WHERE  `zt_team`.company = '1' 
  SELECT * FROM `zt_bug` WHERE product  = '200035' AND project IN ('200050','200008','200009','200010','200011','200013','200014','200017','200018','200020','200022','200023','200024','200025','200027','200028','200029','200030','200031','200032','200033','200035','200036','200037','200034','200038','200039','200041','200042','200043','200045','200051','200053','200054','200055','200056','200076','1','13','32','33','36','45','63','50','53','54','58','59','60','200098','200100','200044','200046','200066','200079','200058','200059','200060','200061','200062','200063','200064','200065','200068','200069','200070','200071','200080','200072','200074','200075','200082','200078','200081','200083','200084','200085','200086','200087','200089','200090','200091','200092','200093','4','6','7','9','10','12','14','15','17','18','19','20','21','22','23','24','25','26','27','28','29','30','31','34','37','38','42','43','44','46','47','48','51','52','55','56','57','61','62','200094','200095','200097','200099','200101','200102','200103','200104','200105','200106','200107','200005','200015','200016','200021','200040','200052','200057','200067','200073','200088','200096','0') AND deleted  = '0'  AND  `zt_bug`.company = '1'  ORDER BY id desc
  SELECT COUNT(*) AS recTotal FROM `zt_bug` WHERE product  = '200035' AND project IN ('200050','200008','200009','200010','200011','200013','200014','200017','200018','200020','200022','200023','200024','200025','200027','200028','200029','200030','200031','200032','200033','200035','200036','200037','200034','200038','200039','200041','200042','200043','200045','200051','200053','200054','200055','200056','200076','1','13','32','33','36','45','63','50','53','54','58','59','60','200098','200100','200044','200046','200066','200079','200058','200059','200060','200061','200062','200063','200064','200065','200068','200069','200070','200071','200080','200072','200074','200075','200082','200078','200081','200083','200084','200085','200086','200087','200089','200090','200091','200092','200093','4','6','7','9','10','12','14','15','17','18','19','20','21','22','23','24','25','26','27','28','29','30','31','34','37','38','42','43','44','46','47','48','51','52','55','56','57','61','62','200094','200095','200097','200099','200101','200102','200103','200104','200105','200106','200107','200005','200015','200016','200021','200040','200052','200057','200067','200073','200088','200096','0') AND deleted  = '0'  AND  `zt_bug`.company = '1'  
  SELECT * FROM `zt_bug` WHERE product  = '200035' AND project IN ('200050','200008','200009','200010','200011','200013','200014','200017','200018','200020','200022','200023','200024','200025','200027','200028','200029','200030','200031','200032','200033','200035','200036','200037','200034','200038','200039','200041','200042','200043','200045','200051','200053','200054','200055','200056','200076','1','13','32','33','36','45','63','50','53','54','58','59','60','200098','200100','200044','200046','200066','200079','200058','200059','200060','200061','200062','200063','200064','200065','200068','200069','200070','200071','200080','200072','200074','200075','200082','200078','200081','200083','200084','200085','200086','200087','200089','200090','200091','200092','200093','4','6','7','9','10','12','14','15','17','18','19','20','21','22','23','24','25','26','27','28','29','30','31','34','37','38','42','43','44','46','47','48','51','52','55','56','57','61','62','200094','200095','200097','200099','200101','200102','200103','200104','200105','200106','200107','200005','200015','200016','200021','200040','200052','200057','200067','200073','200088','200096','0') AND deleted  = '0'  AND  `zt_bug`.company = '1'  ORDER BY id desc  limit 0, 20 
  SELECT * FROM `zt_bug` WHERE product  = '200035' AND project IN ('200050','200008','200009','200010','200011','200013','200014','200017','200018','200020','200022','200023','200024','200025','200027','200028','200029','200030','200031','200032','200033','200035','200036','200037','200034','200038','200039','200041','200042','200043','200045','200051','200053','200054','200055','200056','200076','1','13','32','33','36','45','63','50','53','54','58','59','60','200098','200100','200044','200046','200066','200079','200058','200059','200060','200061','200062','200063','200064','200065','200068','200069','200070','200071','200080','200072','200074','200075','200082','200078','200081','200083','200084','200085','200086','200087','200089','200090','200091','200092','200093','4','6','7','9','10','12','14','15','17','18','19','20','21','22','23','24','25','26','27','28','29','30','31','34','37','38','42','43','44','46','47','48','51','52','55','56','57','61','62','200094','200095','200097','200099','200101','200102','200103','200104','200105','200106','200107','200005','200015','200016','200021','200040','200052','200057','200067','200073','200088','200096','0') AND deleted  = '0' ORDER BY id desc  limit 0, 20 
  SELECT id, status FROM `zt_project` WHERE id IN ('200072','200072','200072','200050','200050','200050','200050','200050','200050','200050','200050','200050','200050','200072','200072','200050','200072','200072','200072','200072') AND  `zt_project`.company = '1' 
  SELECT * FROM `zt_module` WHERE root  = '200035' AND type  = 'bug'  AND  `zt_module`.company = '1'  ORDER BY grade desc, `order`
  SELECT t2.id, t2.name, t2.deleted FROM `zt_projectProduct` AS t1  LEFT JOIN `zt_project` AS t2  ON t1.project = t2.id  WHERE t1.product  = '200035'  AND  t1.company = '1'  ORDER BY t1.project desc
  SELECT id,name FROM `zt_build` WHERE product IN ('200035') AND deleted  = '0'  AND  `zt_build`.company = '1'  ORDER BY date desc, id desc
  SELECT id,name FROM `zt_build` WHERE product IN ('200035') AND deleted  = '0'  AND  `zt_build`.company = '1'  ORDER BY date desc, id desc
  SELECT account, realname FROM `zt_user`  WHERE  `zt_user`.company = '1'  ORDER BY account
  SELECT id,name FROM `zt_build` WHERE product IN ('200035') AND deleted  = '0'  AND  `zt_build`.company = '1'  ORDER BY date desc, id desc
  SELECT * FROM `zt_module` WHERE root  = '200035' AND type  = 'bug'  AND  `zt_module`.company = '1'  ORDER BY grade desc, `order`

