20131224 13:58:55: user-login-L3plbnRhby8=
  SELECT * FROM `zt_company` WHERE `pms` = 'localhost:88' 
  SELECT * FROM `zt_company` WHERE `pms` = 'localhost' 
  SELECT * FROM `zt_config` WHERE owner IN ('system','') AND company IN ('1','0') ORDER BY id

20131224 13:58:56: misc-checkupdate
  SELECT * FROM `zt_config` WHERE owner IN ('system','') AND company IN ('1','0') ORDER BY id

20131224 13:58:59: user-login-L3plbnRhby8=
  SELECT * FROM `zt_config` WHERE owner IN ('system','') AND company IN ('1','0') ORDER BY id
  SELECT locked FROM `zt_user` WHERE account  = 'fujia' AND  `zt_user`.company = '1' 
  SELECT * FROM `zt_user` WHERE account  = 'fujia' AND password  = 'a4385e22e023442f25680a4bd2eb8e22' AND deleted  = '0' AND  `zt_user`.company = '1' 
  UPDATE `zt_user` SET  visits = visits + 1 , ip = '::1', last = '1387864739' WHERE account  = 'fujia' AND  `zt_user`.company = '1' 
  UPDATE `zt_user` SET  fails  = '0', locked = '0000-00-00 00:00:00' WHERE account  = 'fujia'
  SELECT module, method FROM `zt_userGroup` AS t1  LEFT JOIN `zt_groupPriv` AS t2  ON t1.group = t2.group  WHERE t1.account  = 'fujia' AND  t1.company = '1' 
  SELECT `group` FROM `zt_userGroup` WHERE `account` = 'fujia'  AND  `zt_userGroup`.company = '1' 
  INSERT INTO `zt_action` SET `objectType` = 'user',`objectID` = '200227',`actor` = 'fujia',`action` = 'login',`date` = '2013-12-24 13:58:59',`comment` = '',`extra` = '',`product` = ',0,',`project` = '0',`company` = '1'

20131224 13:58:59: index
  SELECT * FROM `zt_config` WHERE owner IN ('system','fujia') AND company IN ('1','0') ORDER BY id

20131224 13:59:04: my
  SELECT * FROM `zt_config` WHERE owner IN ('system','fujia') AND company IN ('1','0') ORDER BY id
  SELECT *, IF(INSTR(" done", status) < 2, 0, 1) AS isDone FROM `zt_project` WHERE iscat  = '0' AND status  != 'done' AND deleted  = '0'  AND  `zt_project`.company = '1'  ORDER BY isDone, `order`, status
  SELECT id, project, estimate, consumed, `left`, status, closedReason FROM `zt_task` WHERE project IN ('200050','200008','200009','200010','200011','200013','200014','200017','200018','200020','200022','200023','200024','200025','200027','200028','200029','200030','200031','200032','200033','200035','200036','200037','200034','200038','200039','200041','200042','200043','200045','200051','200053','200054','200055','200056','200076','1','13','32','33','36','45','63','50','53','54','58','59','60','200044','200046','200066','200079','200058','200059','200060','200061','200062','200063','200064','200065','200068','200069','200070','200071','200080','200072','200074','200075','200082','200078','200081','200083','200084','200085','200086','200087','200089','200090','200091','200092','200093','4','6','7','9','10','12','14','15','17','18','19','20','21','22','23','24','25','26','27','28','29','30','31','34','37','38','39','42','43','44','46','47','48','51','52','55','56','57','61','62','200094','200095','200096','200097','200098') AND deleted  = '0' AND  `zt_task`.company = '1' 
  SELECT project, date AS name, `left` AS value FROM `zt_burn` WHERE project IN ('200050','200008','200009','200010','200011','200013','200014','200017','200018','200020','200022','200023','200024','200025','200027','200028','200029','200030','200031','200032','200033','200035','200036','200037','200034','200038','200039','200041','200042','200043','200045','200051','200053','200054','200055','200056','200076','1','13','32','33','36','45','63','50','53','54','58','59','60','200044','200046','200066','200079','200058','200059','200060','200061','200062','200063','200064','200065','200068','200069','200070','200071','200080','200072','200074','200075','200082','200078','200081','200083','200084','200085','200086','200087','200089','200090','200091','200092','200093','4','6','7','9','10','12','14','15','17','18','19','20','21','22','23','24','25','26','27','28','29','30','31','34','37','38','39','42','43','44','46','47','48','51','52','55','56','57','61','62','200094','200095','200096','200097','200098')  AND  `zt_burn`.company = '1'  ORDER BY date desc
  SELECT project, account FROM `zt_team` WHERE  `zt_team`.company = '1' 
  SELECT * FROM `zt_product` WHERE deleted  = '0' AND status  != 'closed'  AND  `zt_product`.company = '1'  ORDER BY `order` asc
  SELECT product, status, count(status) AS count FROM `zt_story` WHERE deleted  = '0' AND product IN ('200035','200007','200011','200014','200015','200016','200017','200018','200020','200021','200027','200025','200026','200028','200029','200030','200031','200032','200037','200038','200039','200040','200041','200042','200043','200044','200045','200046','200047','200049','200050','200051','200052','200053','1','3','5','6','7','8','9','10','11','12','13','14','15','16','17','19','20','21','22','23','25','26','27','200054','200055','200056','200057')  AND  `zt_story`.company = '1'  GROUP BY product, status
  SELECT product, count(*) AS count FROM `zt_productPlan` WHERE deleted  = '0' AND product IN ('200035','200007','200011','200014','200015','200016','200017','200018','200020','200021','200027','200025','200026','200028','200029','200030','200031','200032','200037','200038','200039','200040','200041','200042','200043','200044','200045','200046','200047','200049','200050','200051','200052','200053','1','3','5','6','7','8','9','10','11','12','13','14','15','16','17','19','20','21','22','23','25','26','27','200054','200055','200056','200057') AND end  > '2013-12-24 13:59:00'  AND  `zt_productPlan`.company = '1'  GROUP BY product
  SELECT product, count(*) AS count FROM `zt_release` WHERE deleted  = '0' AND product IN ('200035','200007','200011','200014','200015','200016','200017','200018','200020','200021','200027','200025','200026','200028','200029','200030','200031','200032','200037','200038','200039','200040','200041','200042','200043','200044','200045','200046','200047','200049','200050','200051','200052','200053','1','3','5','6','7','8','9','10','11','12','13','14','15','16','17','19','20','21','22','23','25','26','27','200054','200055','200056','200057')  AND  `zt_release`.company = '1'  GROUP BY product
  SELECT product,count(*) AS conut FROM `zt_bug` WHERE deleted  = '0' AND product IN ('200035','200007','200011','200014','200015','200016','200017','200018','200020','200021','200027','200025','200026','200028','200029','200030','200031','200032','200037','200038','200039','200040','200041','200042','200043','200044','200045','200046','200047','200049','200050','200051','200052','200053','1','3','5','6','7','8','9','10','11','12','13','14','15','16','17','19','20','21','22','23','25','26','27','200054','200055','200056','200057')  AND  `zt_bug`.company = '1'  GROUP BY product
  SELECT product,count(*) AS count FROM `zt_bug` WHERE status  = 'active' AND deleted  = '0' AND product IN ('200035','200007','200011','200014','200015','200016','200017','200018','200020','200021','200027','200025','200026','200028','200029','200030','200031','200032','200037','200038','200039','200040','200041','200042','200043','200044','200045','200046','200047','200049','200050','200051','200052','200053','1','3','5','6','7','8','9','10','11','12','13','14','15','16','17','19','20','21','22','23','25','26','27','200054','200055','200056','200057')  AND  `zt_bug`.company = '1'  GROUP BY product
  SELECT product,count(*) AS count FROM `zt_bug` WHERE AssignedTo  = '' AND deleted  = '0' AND product IN ('200035','200007','200011','200014','200015','200016','200017','200018','200020','200021','200027','200025','200026','200028','200029','200030','200031','200032','200037','200038','200039','200040','200041','200042','200043','200044','200045','200046','200047','200049','200050','200051','200052','200053','1','3','5','6','7','8','9','10','11','12','13','14','15','16','17','19','20','21','22','23','25','26','27','200054','200055','200056','200057')  AND  `zt_bug`.company = '1'  GROUP BY product
  SELECT * FROM `zt_action` WHERE 1  AND date  > '2013-12-22' AND date  < '2013-12-25'  AND  `zt_action`.company = '1'  ORDER BY date desc  limit 0, 14 
  SELECT commiter, account, realname FROM `zt_user` WHERE commiter  != '' AND  `zt_user`.company = '1' 
  SELECT id, account AS name FROM `zt_user` WHERE id IN ('200227','200160','200061','200412') AND  `zt_user`.company = '1' 
  SELECT id, title AS name FROM `zt_bug` WHERE id IN ('205537','205536') AND  `zt_bug`.company = '1' 
  SELECT id, name AS name FROM `zt_build` WHERE id IN ('200573') AND  `zt_build`.company = '1' 
  SELECT * FROM `zt_todo` WHERE account  = 'fujia' AND date >= '1970-01-01'  AND date <= '2109-01-01'  AND status IN ('wait','doing')  AND  `zt_todo`.company = '1'  ORDER BY date, status, begin LIMIT 10 
  SELECT * FROM `zt_todo` WHERE account  = 'fujia' AND date >= '1970-01-01'  AND date <= '2109-01-01'  AND status IN ('wait','doing') ORDER BY date, status, begin LIMIT 10 
  SELECT t1.*, t2.id as projectID, t2.name as projectName, t3.id as storyID, t3.title as storyTitle, t3.status AS storyStatus, t3.version AS latestStoryVersion FROM `zt_task` AS t1  LEFT JOIN `zt_project` AS t2  ON t1.project = t2.id  LEFT JOIN `zt_story` AS t3  ON t1.story = t3.id  WHERE t1.deleted  = '0' AND t1.assignedTo  = 'fujia'  AND  t1.company = '1'  ORDER BY id desc LIMIT 10 
  SELECT t1.*, t2.id as projectID, t2.name as projectName, t3.id as storyID, t3.title as storyTitle, t3.status AS storyStatus, t3.version AS latestStoryVersion FROM `zt_task` AS t1  LEFT JOIN `zt_project` AS t2  ON t1.project = t2.id  LEFT JOIN `zt_story` AS t3  ON t1.story = t3.id  WHERE t1.deleted  = '0' AND t1.assignedTo  = 'fujia' ORDER BY id desc LIMIT 10 
  SELECT t1.id, t1.title, t2.name as product FROM `zt_bug` AS t1  LEFT JOIN `zt_product` AS t2  ON t1.product=t2.id  WHERE t1.assignedTo  = 'fujia' AND t1.deleted  = '0'  AND  t1.company = '1'  ORDER BY id desc LIMIT 10 
  SELECT id, title FROM `zt_story` WHERE deleted  = '0' AND assignedTo  = 'fujia'  AND  `zt_story`.company = '1'  ORDER BY id desc LIMIT 10 
  SELECT account, realname FROM `zt_user`  WHERE  `zt_user`.company = '1'  ORDER BY account

20131224 14:00:05: misc-ping
  SELECT * FROM `zt_config` WHERE owner IN ('system','fujia') AND company IN ('1','0') ORDER BY id

20131224 14:05:05: misc-ping
  SELECT * FROM `zt_config` WHERE owner IN ('system','fujia') AND company IN ('1','0') ORDER BY id

20131224 14:10:05: misc-ping
  SELECT * FROM `zt_config` WHERE owner IN ('system','fujia') AND company IN ('1','0') ORDER BY id

20131224 14:15:05: misc-ping
  SELECT * FROM `zt_config` WHERE owner IN ('system','fujia') AND company IN ('1','0') ORDER BY id
  SELECT * FROM `zt_config` WHERE 1 = 1  AND company IN ('1') AND owner IN ('system') AND module IN ('common') AND section IN ('global') AND `key` IN ('sn')

20131224 14:20:06: misc-ping
  SELECT * FROM `zt_config` WHERE owner IN ('system','fujia') AND company IN ('1','0') ORDER BY id
  SELECT * FROM `zt_config` WHERE 1 = 1  AND company IN ('1') AND owner IN ('system') AND module IN ('common') AND section IN ('global') AND `key` IN ('sn')

20131224 14:25:06: misc-ping
  SELECT * FROM `zt_config` WHERE owner IN ('system','fujia') AND company IN ('1','0') ORDER BY id

20131224 14:30:06: misc-ping
  SELECT * FROM `zt_config` WHERE owner IN ('system','fujia') AND company IN ('1','0') ORDER BY id
  SELECT * FROM `zt_config` WHERE 1 = 1  AND company IN ('1') AND owner IN ('system') AND module IN ('common') AND section IN ('global') AND `key` IN ('sn')

20131224 14:35:06: misc-ping
  SELECT * FROM `zt_config` WHERE owner IN ('system','fujia') AND company IN ('1','0') ORDER BY id
  SELECT * FROM `zt_config` WHERE 1 = 1  AND company IN ('1') AND owner IN ('system') AND module IN ('common') AND section IN ('global') AND `key` IN ('sn')

20131224 14:40:06: misc-ping
  SELECT * FROM `zt_config` WHERE owner IN ('system','fujia') AND company IN ('1','0') ORDER BY id

20131224 14:45:06: misc-ping
  SELECT * FROM `zt_config` WHERE owner IN ('system','fujia') AND company IN ('1','0') ORDER BY id

20131224 14:50:06: misc-ping
  SELECT * FROM `zt_config` WHERE owner IN ('system','fujia') AND company IN ('1','0') ORDER BY id

20131224 14:55:06: misc-ping
  SELECT * FROM `zt_config` WHERE owner IN ('system','fujia') AND company IN ('1','0') ORDER BY id
  SELECT * FROM `zt_config` WHERE 1 = 1  AND company IN ('1') AND owner IN ('system') AND module IN ('common') AND section IN ('global') AND `key` IN ('sn')

20131224 15:00:07: misc-ping
  SELECT * FROM `zt_config` WHERE owner IN ('system','fujia') AND company IN ('1','0') ORDER BY id

20131224 15:05:07: misc-ping
  SELECT * FROM `zt_config` WHERE owner IN ('system','fujia') AND company IN ('1','0') ORDER BY id

20131224 15:10:07: misc-ping
  SELECT * FROM `zt_config` WHERE owner IN ('system','fujia') AND company IN ('1','0') ORDER BY id

20131224 15:15:07: misc-ping
  SELECT * FROM `zt_config` WHERE owner IN ('system','fujia') AND company IN ('1','0') ORDER BY id

20131224 15:20:07: misc-ping
  SELECT * FROM `zt_config` WHERE owner IN ('system','fujia') AND company IN ('1','0') ORDER BY id

20131224 15:25:07: misc-ping
  SELECT * FROM `zt_config` WHERE owner IN ('system','fujia') AND company IN ('1','0') ORDER BY id

20131224 15:30:07: misc-ping
  SELECT * FROM `zt_config` WHERE owner IN ('system','fujia') AND company IN ('1','0') ORDER BY id
  SELECT * FROM `zt_config` WHERE 1 = 1  AND company IN ('1') AND owner IN ('system') AND module IN ('common') AND section IN ('global') AND `key` IN ('sn')

20131224 15:35:07: misc-ping
  SELECT * FROM `zt_config` WHERE owner IN ('system','fujia') AND company IN ('1','0') ORDER BY id
  SELECT * FROM `zt_config` WHERE 1 = 1  AND company IN ('1') AND owner IN ('system') AND module IN ('common') AND section IN ('global') AND `key` IN ('sn')

20131224 15:40:08: misc-ping
  SELECT * FROM `zt_config` WHERE owner IN ('system','fujia') AND company IN ('1','0') ORDER BY id

20131224 15:45:08: misc-ping
  SELECT * FROM `zt_config` WHERE owner IN ('system','fujia') AND company IN ('1','0') ORDER BY id

20131224 15:50:08: misc-ping
  SELECT * FROM `zt_company` WHERE `pms` = 'localhost:88' 
  SELECT * FROM `zt_company` WHERE `pms` = 'localhost' 
  SELECT * FROM `zt_config` WHERE owner IN ('system','') AND company IN ('1','0') ORDER BY id

20131224 15:50:08: user-login-L3plbnRhby9taXNjLXBpbmcuaHRtbA==
  SELECT * FROM `zt_config` WHERE owner IN ('system','') AND company IN ('1','0') ORDER BY id

20131224 15:50:08: misc-checkupdate
  SELECT * FROM `zt_config` WHERE owner IN ('system','') AND company IN ('1','0') ORDER BY id

20131224 15:51:08: misc-ping
  SELECT * FROM `zt_config` WHERE owner IN ('system','') AND company IN ('1','0') ORDER BY id

20131224 15:51:08: user-login-L3plbnRhby9taXNjLXBpbmcuaHRtbA==
  SELECT * FROM `zt_config` WHERE owner IN ('system','') AND company IN ('1','0') ORDER BY id

20131224 15:51:09: misc-checkupdate
  SELECT * FROM `zt_config` WHERE owner IN ('system','') AND company IN ('1','0') ORDER BY id

