20130923 09:18:05: 

20130923 09:18:05: api-getsessionid
  SELECT * FROM `zt_company` WHERE `pms` = 'localhost' 
  SELECT * FROM `zt_config` WHERE owner IN ('system','') AND company IN ('1','0') ORDER BY id

20130923 09:18:06: user-login
  SELECT * FROM `zt_config` WHERE owner IN ('system','') AND company IN ('1','0') ORDER BY id
  SELECT locked FROM `zt_user` WHERE account  = 'fujia' AND  `zt_user`.company = '1' 
  SELECT * FROM `zt_user` WHERE account  = 'fujia' AND deleted  = '0' AND  `zt_user`.company = '1' 
  UPDATE `zt_user` SET  visits = visits + 1 , ip = '127.0.0.1', last = '1379899085' WHERE account  = 'fujia' AND  `zt_user`.company = '1' 
  UPDATE `zt_user` SET  fails  = '0', locked = '0000-00-00 00:00:00' WHERE account  = 'fujia'
  SELECT module, method FROM `zt_userGroup` AS t1  LEFT JOIN `zt_groupPriv` AS t2  ON t1.group = t2.group  WHERE t1.account  = 'fujia' AND  t1.company = '1' 
  SELECT `group` FROM `zt_userGroup` WHERE `account` = 'fujia'  AND  `zt_userGroup`.company = '1' 
  INSERT INTO `zt_action` SET `objectType` = 'user',`objectID` = '227',`actor` = 'fujia',`action` = 'login',`date` = '2013-09-23 09:18:05',`comment` = '',`extra` = '',`product` = ',0,',`project` = '0',`company` = '1'

20130923 09:18:06: my-task-assignedTo-id_desc
  SELECT * FROM `zt_config` WHERE owner IN ('system','fujia') AND company IN ('1','0') ORDER BY id
  SELECT t1.*, t2.id as projectID, t2.name as projectName, t3.id as storyID, t3.title as storyTitle, t3.status AS storyStatus, t3.version AS latestStoryVersion FROM `zt_task` AS t1  LEFT JOIN `zt_project` AS t2  ON t1.project = t2.id  LEFT JOIN `zt_story` AS t3  ON t1.story = t3.id  WHERE t1.deleted  = '0' AND t1.assignedTo  = 'fujia'  AND  t1.company = '1'  ORDER BY id desc
  SELECT COUNT(*) AS recTotal FROM `zt_task` AS t1  LEFT JOIN `zt_project` AS t2  ON t1.project = t2.id  LEFT JOIN `zt_story` AS t3  ON t1.story = t3.id  WHERE t1.deleted  = '0' AND t1.assignedTo  = 'fujia'  AND  t1.company = '1'  
  SELECT t1.*, t2.id as projectID, t2.name as projectName, t3.id as storyID, t3.title as storyTitle, t3.status AS storyStatus, t3.version AS latestStoryVersion FROM `zt_task` AS t1  LEFT JOIN `zt_project` AS t2  ON t1.project = t2.id  LEFT JOIN `zt_story` AS t3  ON t1.story = t3.id  WHERE t1.deleted  = '0' AND t1.assignedTo  = 'fujia'  AND  t1.company = '1'  ORDER BY id desc
  SELECT t1.*, t2.id as projectID, t2.name as projectName, t3.id as storyID, t3.title as storyTitle, t3.status AS storyStatus, t3.version AS latestStoryVersion FROM `zt_task` AS t1  LEFT JOIN `zt_project` AS t2  ON t1.project = t2.id  LEFT JOIN `zt_story` AS t3  ON t1.story = t3.id  WHERE t1.deleted  = '0' AND t1.assignedTo  = 'fujia' ORDER BY id desc
  SELECT account, realname FROM `zt_user`  WHERE  `zt_user`.company = '1'  ORDER BY account

20130923 09:30:57: user-login-L3plbnRhby8=
  SELECT * FROM `zt_company` WHERE `pms` = 'localhost:88' 
  SELECT * FROM `zt_company` WHERE `pms` = 'localhost' 
  SELECT * FROM `zt_config` WHERE owner IN ('system','') AND company IN ('1','0') ORDER BY id

20130923 09:31:01: user-login-L3plbnRhby8=
  SELECT * FROM `zt_config` WHERE owner IN ('system','') AND company IN ('1','0') ORDER BY id
  SELECT locked FROM `zt_user` WHERE account  = 'fujia' AND  `zt_user`.company = '1' 
  SELECT * FROM `zt_user` WHERE account  = 'fujia' AND password  = 'a4385e22e023442f25680a4bd2eb8e22' AND deleted  = '0' AND  `zt_user`.company = '1' 
  UPDATE `zt_user` SET  visits = visits + 1 , ip = '::1', last = '1379899861' WHERE account  = 'fujia' AND  `zt_user`.company = '1' 
  UPDATE `zt_user` SET  fails  = '0', locked = '0000-00-00 00:00:00' WHERE account  = 'fujia'
  SELECT module, method FROM `zt_userGroup` AS t1  LEFT JOIN `zt_groupPriv` AS t2  ON t1.group = t2.group  WHERE t1.account  = 'fujia' AND  t1.company = '1' 
  SELECT `group` FROM `zt_userGroup` WHERE `account` = 'fujia'  AND  `zt_userGroup`.company = '1' 
  INSERT INTO `zt_action` SET `objectType` = 'user',`objectID` = '227',`actor` = 'fujia',`action` = 'login',`date` = '2013-09-23 09:31:01',`comment` = '',`extra` = '',`product` = ',0,',`project` = '0',`company` = '1'

20130923 09:31:01: index
  SELECT * FROM `zt_config` WHERE owner IN ('system','fujia') AND company IN ('1','0') ORDER BY id

20130923 09:31:03: my
  SELECT * FROM `zt_config` WHERE owner IN ('system','fujia') AND company IN ('1','0') ORDER BY id
  SELECT *, IF(INSTR(" done", status) < 2, 0, 1) AS isDone FROM `zt_project` WHERE iscat  = '0' AND status  != 'done' AND deleted  = '0'  AND  `zt_project`.company = '1'  ORDER BY isDone, `order`, status
  SELECT id, project, estimate, consumed, `left`, status, closedReason FROM `zt_task` WHERE project IN ('50','8','9','10','11','13','14','16','17','18','20','22','23','24','25','27','28','29','30','31','32','33','35','36','37','34','38','39','41','42','43','45','51','53','52','54','55','56','57','15','21','44','46','66','58','59','60','61','62','63','64','65') AND deleted  = '0' AND  `zt_task`.company = '1' 
  SELECT project, date AS name, `left` AS value FROM `zt_burn` WHERE project IN ('50','8','9','10','11','13','14','16','17','18','20','22','23','24','25','27','28','29','30','31','32','33','35','36','37','34','38','39','41','42','43','45','51','53','52','54','55','56','57','15','21','44','46','66','58','59','60','61','62','63','64','65')  AND  `zt_burn`.company = '1'  ORDER BY date desc
  SELECT * FROM `zt_product` WHERE deleted  = '0' AND status  != 'closed'  AND  `zt_product`.company = '1'  ORDER BY `order` asc
  SELECT product, status, count(status) AS count FROM `zt_story` WHERE deleted  = '0' AND product IN ('35','7','11','12','13','14','15','16','17','18','20','21','27','25','26','28','29','30','31','32','36','37','38','39','40','41','42','43','44')  AND  `zt_story`.company = '1'  GROUP BY product, status
  SELECT product, count(*) AS count FROM `zt_productPlan` WHERE deleted  = '0' AND product IN ('35','7','11','12','13','14','15','16','17','18','20','21','27','25','26','28','29','30','31','32','36','37','38','39','40','41','42','43','44') AND end  > '2013-09-23 09:31:02'  AND  `zt_productPlan`.company = '1'  GROUP BY product
  SELECT product, count(*) AS count FROM `zt_release` WHERE deleted  = '0' AND product IN ('35','7','11','12','13','14','15','16','17','18','20','21','27','25','26','28','29','30','31','32','36','37','38','39','40','41','42','43','44')  AND  `zt_release`.company = '1'  GROUP BY product
  SELECT product,count(*) AS conut FROM `zt_bug` WHERE deleted  = '0' AND product IN ('35','7','11','12','13','14','15','16','17','18','20','21','27','25','26','28','29','30','31','32','36','37','38','39','40','41','42','43','44')  AND  `zt_bug`.company = '1'  GROUP BY product
  SELECT product,count(*) AS count FROM `zt_bug` WHERE status  = 'active' AND deleted  = '0' AND product IN ('35','7','11','12','13','14','15','16','17','18','20','21','27','25','26','28','29','30','31','32','36','37','38','39','40','41','42','43','44')  AND  `zt_bug`.company = '1'  GROUP BY product
  SELECT product,count(*) AS count FROM `zt_bug` WHERE AssignedTo  = '' AND deleted  = '0' AND product IN ('35','7','11','12','13','14','15','16','17','18','20','21','27','25','26','28','29','30','31','32','36','37','38','39','40','41','42','43','44')  AND  `zt_bug`.company = '1'  GROUP BY product
  SELECT * FROM `zt_action` WHERE 1  AND date  > '2013-09-21' AND date  < '2013-09-24'  AND  `zt_action`.company = '1'  ORDER BY date desc  limit 0, 14 
  SELECT commiter, account, realname FROM `zt_user` WHERE commiter  != '' AND  `zt_user`.company = '1' 
  SELECT id, account AS name FROM `zt_user` WHERE id IN ('227') AND  `zt_user`.company = '1' 
  SELECT * FROM `zt_todo` WHERE account  = 'fujia' AND date >= '1970-01-01'  AND date <= '2109-01-01'  AND status IN ('wait','doing')  AND  `zt_todo`.company = '1'  ORDER BY date, status, begin LIMIT 10 
  SELECT * FROM `zt_todo` WHERE account  = 'fujia' AND date >= '1970-01-01'  AND date <= '2109-01-01'  AND status IN ('wait','doing') ORDER BY date, status, begin LIMIT 10 
  SELECT t1.*, t2.id as projectID, t2.name as projectName, t3.id as storyID, t3.title as storyTitle, t3.status AS storyStatus, t3.version AS latestStoryVersion FROM `zt_task` AS t1  LEFT JOIN `zt_project` AS t2  ON t1.project = t2.id  LEFT JOIN `zt_story` AS t3  ON t1.story = t3.id  WHERE t1.deleted  = '0' AND t1.assignedTo  = 'fujia'  AND  t1.company = '1'  ORDER BY id desc LIMIT 10 
  SELECT t1.*, t2.id as projectID, t2.name as projectName, t3.id as storyID, t3.title as storyTitle, t3.status AS storyStatus, t3.version AS latestStoryVersion FROM `zt_task` AS t1  LEFT JOIN `zt_project` AS t2  ON t1.project = t2.id  LEFT JOIN `zt_story` AS t3  ON t1.story = t3.id  WHERE t1.deleted  = '0' AND t1.assignedTo  = 'fujia' ORDER BY id desc LIMIT 10 
  SELECT t1.id, t1.title, t2.name as product FROM `zt_bug` AS t1  LEFT JOIN `zt_product` AS t2  ON t1.product=t2.id  WHERE t1.assignedTo  = 'fujia' AND t1.deleted  = '0'  AND  t1.company = '1'  ORDER BY id desc LIMIT 10 
  SELECT id, title FROM `zt_story` WHERE deleted  = '0' AND assignedTo  = 'fujia'  AND  `zt_story`.company = '1'  ORDER BY id desc LIMIT 10 
  SELECT account, realname FROM `zt_user`  WHERE  `zt_user`.company = '1'  ORDER BY account

20130923 09:31:13: report
  SELECT * FROM `zt_config` WHERE owner IN ('system','fujia') AND company IN ('1','0') ORDER BY id

20130923 09:31:14: report-productinfo
  SELECT * FROM `zt_config` WHERE owner IN ('system','fujia') AND company IN ('1','0') ORDER BY id
  SELECT id, code, name, PO FROM `zt_product` WHERE deleted  = '0' AND  `zt_product`.company = '1' 
  SELECT * FROM `zt_productPlan` WHERE deleted  = '0' AND product IN ('35','7','11','12','13','14','15','16','17','18','20','21','27','25','26','28','29','30','31','32','36','37','38','39','40','41','42','43','44') AND  `zt_productPlan`.company = '1' 
  SELECT plan, id, status FROM `zt_story` WHERE deleted  = '0' AND plan IN ('1','2','3','4','5','6','7','8','9','11','12','17','19','20','21','22','23','24','25','26','28','29','30','31','32','33','34','35','113','36','37','38','39','40','41','42','43','44','45','46','47','48','49','50','51','52','53','54','55','56','57','58','59','60','61','65','66','67','68','69','70','71','72','73','74','75','81','76','77','78','79','80','83','84','85','86','87','88','89','90','91','92','93','94','117','95','96','97','98','99','100','101','102','103','104','105','106','107','108','109','111','112','114','115','116','118','119','120','121','122','123','124','125','126','127','128','129','130','131','132','133','134','135','136','137','138','139','140') AND  `zt_story`.company = '1' 
  SELECT product, id, status FROM `zt_story` WHERE deleted  = '0' AND plan  = '0' AND product IN ('35','7','11','12','13','14','15','16','17','18','20','21','27','25','26','28','29','30','31','32','36','37','38','39','40','41','42','43','44') AND  `zt_story`.company = '1' 
  SELECT account, realname FROM `zt_user`  WHERE  `zt_user`.company = '1'  ORDER BY account

20130923 09:32:14: misc-ping
  SELECT * FROM `zt_config` WHERE owner IN ('system','fujia') AND company IN ('1','0') ORDER BY id

20130923 09:34:31: report-productinfo
  SELECT * FROM `zt_config` WHERE owner IN ('system','fujia') AND company IN ('1','0') ORDER BY id
  SELECT id, code, name, PO FROM `zt_product` WHERE deleted  = '0' AND  `zt_product`.company = '1' 
  SELECT * FROM `zt_productPlan` WHERE deleted  = '0' AND product IN ('35','7','11','12','13','14','15','16','17','18','20','21','27','25','26','28','29','30','31','32','36','37','38','39','40','41','42','43','44') AND  `zt_productPlan`.company = '1' 
  SELECT plan, id, status FROM `zt_story` WHERE deleted  = '0' AND plan IN ('1','2','3','4','5','6','7','8','9','11','12','17','19','20','21','22','23','24','25','26','28','29','30','31','32','33','34','35','113','36','37','38','39','40','41','42','43','44','45','46','47','48','49','50','51','52','53','54','55','56','57','58','59','60','61','65','66','67','68','69','70','71','72','73','74','75','81','76','77','78','79','80','83','84','85','86','87','88','89','90','91','92','93','94','117','95','96','97','98','99','100','101','102','103','104','105','106','107','108','109','111','112','114','115','116','118','119','120','121','122','123','124','125','126','127','128','129','130','131','132','133','134','135','136','137','138','139','140') AND  `zt_story`.company = '1' 
  SELECT product, id, status FROM `zt_story` WHERE deleted  = '0' AND plan  = '0' AND product IN ('35','7','11','12','13','14','15','16','17','18','20','21','27','25','26','28','29','30','31','32','36','37','38','39','40','41','42','43','44') AND  `zt_story`.company = '1' 
  SELECT account, realname FROM `zt_user`  WHERE  `zt_user`.company = '1'  ORDER BY account

20130923 09:34:57: report-productinfo
  SELECT * FROM `zt_config` WHERE owner IN ('system','fujia') AND company IN ('1','0') ORDER BY id
  SELECT id, code, name, PO FROM `zt_product` WHERE deleted  = '0' AND  `zt_product`.company = '1' 
  SELECT * FROM `zt_productPlan` WHERE deleted  = '0' AND product IN ('35','7','11','12','13','14','15','16','17','18','20','21','27','25','26','28','29','30','31','32','36','37','38','39','40','41','42','43','44') AND  `zt_productPlan`.company = '1' 
  SELECT plan, id, status FROM `zt_story` WHERE deleted  = '0' AND plan IN ('1','2','3','4','5','6','7','8','9','11','12','17','19','20','21','22','23','24','25','26','28','29','30','31','32','33','34','35','113','36','37','38','39','40','41','42','43','44','45','46','47','48','49','50','51','52','53','54','55','56','57','58','59','60','61','65','66','67','68','69','70','71','72','73','74','75','81','76','77','78','79','80','83','84','85','86','87','88','89','90','91','92','93','94','117','95','96','97','98','99','100','101','102','103','104','105','106','107','108','109','111','112','114','115','116','118','119','120','121','122','123','124','125','126','127','128','129','130','131','132','133','134','135','136','137','138','139','140') AND  `zt_story`.company = '1' 
  SELECT product, id, status FROM `zt_story` WHERE deleted  = '0' AND plan  = '0' AND product IN ('35','7','11','12','13','14','15','16','17','18','20','21','27','25','26','28','29','30','31','32','36','37','38','39','40','41','42','43','44') AND  `zt_story`.company = '1' 
  SELECT account, realname FROM `zt_user`  WHERE  `zt_user`.company = '1'  ORDER BY account

20130923 09:35:45: report-projectdeviation
  SELECT * FROM `zt_config` WHERE owner IN ('system','fujia') AND company IN ('1','0') ORDER BY id
  SELECT t1.* FROM `zt_task` AS t1  LEFT JOIN `zt_project` AS t2  ON t1.project = t2.id  WHERE t1.status  != 'cancel' AND t1.deleted  = '0' AND t2.deleted  = '0' AND  t1.company = '1' 
  SELECT t1.project FROM `zt_bug` AS t1  LEFT JOIN `zt_project` AS t2  ON t1.project = t2.id  WHERE t1.deleted  = '0' AND t2.deleted  = '0' AND  t1.company = '1' 
  SELECT t1.project FROM `zt_projectStory` AS t1  LEFT JOIN `zt_project` AS t2  ON t1.project = t2.id  LEFT JOIN `zt_story` AS t3  ON t1.story = t3.id  WHERE t2.deleted  = '0' AND t3.deleted  = '0' AND  t1.company = '1' 
  SELECT id, name, status FROM `zt_project` WHERE  `zt_project`.company = '1' 

20130923 09:35:47: report-bugsummary
  SELECT * FROM `zt_config` WHERE owner IN ('system','fujia') AND company IN ('1','0') ORDER BY id
  SELECT id, resolution, openedBy, status FROM `zt_bug` WHERE deleted  = '0' AND openedDate  >= '2013-08-23' AND openedDate  <= '20130924' AND  `zt_bug`.company = '1' 
  SELECT account, realname FROM `zt_user` WHERE deleted  = '0'  AND  `zt_user`.company = '1'  ORDER BY account

20130923 09:36:47: misc-ping
  SELECT * FROM `zt_config` WHERE owner IN ('system','fujia') AND company IN ('1','0') ORDER BY id

20130923 09:41:47: misc-ping
  SELECT * FROM `zt_config` WHERE owner IN ('system','fujia') AND company IN ('1','0') ORDER BY id
  SELECT * FROM `zt_config` WHERE 1 = 1  AND company IN ('1') AND owner IN ('system') AND module IN ('common') AND section IN ('global') AND `key` IN ('sn')

20130923 09:42:35: report-workload
  SELECT * FROM `zt_config` WHERE owner IN ('system','fujia') AND company IN ('1','0') ORDER BY id
  SELECT t1.*, t2.name as projectName FROM `zt_task` AS t1  LEFT JOIN `zt_project` AS t2  ON t1.project = t2.id  WHERE t1.deleted  = '0' AND t1.status  NOT IN ('cancel','closed','done') AND t2.deleted  = '0' AND  t1.company = '1' 
  SELECT account, realname FROM `zt_user` WHERE deleted  = '0'  AND  `zt_user`.company = '1'  ORDER BY account

20130923 09:42:50: report-bugsummary
  SELECT * FROM `zt_config` WHERE owner IN ('system','fujia') AND company IN ('1','0') ORDER BY id
  SELECT id, resolution, openedBy, status FROM `zt_bug` WHERE deleted  = '0' AND openedDate  >= '2013-08-23' AND openedDate  <= '20130924' AND  `zt_bug`.company = '1' 
  SELECT account, realname FROM `zt_user` WHERE deleted  = '0'  AND  `zt_user`.company = '1'  ORDER BY account

20130923 09:42:55: report-projectdeviation
  SELECT * FROM `zt_config` WHERE owner IN ('system','fujia') AND company IN ('1','0') ORDER BY id
  SELECT t1.* FROM `zt_task` AS t1  LEFT JOIN `zt_project` AS t2  ON t1.project = t2.id  WHERE t1.status  != 'cancel' AND t1.deleted  = '0' AND t2.deleted  = '0' AND  t1.company = '1' 
  SELECT t1.project FROM `zt_bug` AS t1  LEFT JOIN `zt_project` AS t2  ON t1.project = t2.id  WHERE t1.deleted  = '0' AND t2.deleted  = '0' AND  t1.company = '1' 
  SELECT t1.project FROM `zt_projectStory` AS t1  LEFT JOIN `zt_project` AS t2  ON t1.project = t2.id  LEFT JOIN `zt_story` AS t3  ON t1.story = t3.id  WHERE t2.deleted  = '0' AND t3.deleted  = '0' AND  t1.company = '1' 
  SELECT id, name, status FROM `zt_project` WHERE  `zt_project`.company = '1' 

20130923 09:43:00: report-productinfo
  SELECT * FROM `zt_config` WHERE owner IN ('system','fujia') AND company IN ('1','0') ORDER BY id
  SELECT id, code, name, PO FROM `zt_product` WHERE deleted  = '0' AND  `zt_product`.company = '1' 
  SELECT * FROM `zt_productPlan` WHERE deleted  = '0' AND product IN ('35','7','11','12','13','14','15','16','17','18','20','21','27','25','26','28','29','30','31','32','36','37','38','39','40','41','42','43','44') AND  `zt_productPlan`.company = '1' 
  SELECT plan, id, status FROM `zt_story` WHERE deleted  = '0' AND plan IN ('1','2','3','4','5','6','7','8','9','11','12','17','19','20','21','22','23','24','25','26','28','29','30','31','32','33','34','35','113','36','37','38','39','40','41','42','43','44','45','46','47','48','49','50','51','52','53','54','55','56','57','58','59','60','61','65','66','67','68','69','70','71','72','73','74','75','81','76','77','78','79','80','83','84','85','86','87','88','89','90','91','92','93','94','117','95','96','97','98','99','100','101','102','103','104','105','106','107','108','109','111','112','114','115','116','118','119','120','121','122','123','124','125','126','127','128','129','130','131','132','133','134','135','136','137','138','139','140') AND  `zt_story`.company = '1' 
  SELECT product, id, status FROM `zt_story` WHERE deleted  = '0' AND plan  = '0' AND product IN ('35','7','11','12','13','14','15','16','17','18','20','21','27','25','26','28','29','30','31','32','36','37','38','39','40','41','42','43','44') AND  `zt_story`.company = '1' 
  SELECT account, realname FROM `zt_user`  WHERE  `zt_user`.company = '1'  ORDER BY account

20130923 09:43:14: qa
  SELECT * FROM `zt_config` WHERE owner IN ('system','fujia') AND company IN ('1','0') ORDER BY id

20130923 09:43:14: bug-browse
  SELECT * FROM `zt_config` WHERE owner IN ('system','fujia') AND company IN ('1','0') ORDER BY id
  SELECT *,  IF(INSTR(" closed", status) < 2, 0, 1) AS isClosed FROM `zt_product` WHERE deleted  = '0'  AND  `zt_product`.company = '1'  ORDER BY isClosed, `order`
  SELECT id, status, name FROM `zt_product` WHERE id IN ('35','7','11','12','13','14','15','16','17','18','20','21','27','25','26','28','29','30','31','32','36','37','38','39','40','41','42','43','44')  AND  `zt_product`.company = '1'  ORDER BY `order`
  SELECT id, status, name FROM `zt_product` WHERE id IN ('35','7','11','12','13','14','15','16','17','18','20','21','27','25','26','28','29','30','31','32','36','37','38','39','40','41','42','43','44')  AND  `zt_product`.company = '1'  ORDER BY `order`
  SELECT *, IF(INSTR(" done", status) < 2, 0, 1) AS isDone FROM `zt_project` WHERE iscat  = '0' AND deleted  = '0'  AND  `zt_project`.company = '1'  ORDER BY isDone, `order`, status
  SELECT * FROM `zt_bug` WHERE product  = '35' AND project IN ('50','8','9','10','11','13','14','16','17','18','20','22','23','24','25','27','28','29','30','31','32','33','35','36','37','34','38','39','41','42','43','45','51','53','52','54','55','56','57','15','21','44','46','66','58','59','60','61','62','63','64','65','5','40','0') AND deleted  = '0'  AND  `zt_bug`.company = '1'  ORDER BY id desc
  SELECT COUNT(*) AS recTotal FROM `zt_bug` WHERE product  = '35' AND project IN ('50','8','9','10','11','13','14','16','17','18','20','22','23','24','25','27','28','29','30','31','32','33','35','36','37','34','38','39','41','42','43','45','51','53','52','54','55','56','57','15','21','44','46','66','58','59','60','61','62','63','64','65','5','40','0') AND deleted  = '0'  AND  `zt_bug`.company = '1'  
  SELECT * FROM `zt_bug` WHERE product  = '35' AND project IN ('50','8','9','10','11','13','14','16','17','18','20','22','23','24','25','27','28','29','30','31','32','33','35','36','37','34','38','39','41','42','43','45','51','53','52','54','55','56','57','15','21','44','46','66','58','59','60','61','62','63','64','65','5','40','0') AND deleted  = '0'  AND  `zt_bug`.company = '1'  ORDER BY id desc  limit 0, 20 
  SELECT * FROM `zt_bug` WHERE product  = '35' AND project IN ('50','8','9','10','11','13','14','16','17','18','20','22','23','24','25','27','28','29','30','31','32','33','35','36','37','34','38','39','41','42','43','45','51','53','52','54','55','56','57','15','21','44','46','66','58','59','60','61','62','63','64','65','5','40','0') AND deleted  = '0' ORDER BY id desc  limit 0, 20 
  SELECT * FROM `zt_module` WHERE root  = '35' AND type  = 'bug'  AND  `zt_module`.company = '1'  ORDER BY grade desc, `order`
  SELECT t2.id, t2.name, t2.deleted FROM `zt_projectProduct` AS t1  LEFT JOIN `zt_project` AS t2  ON t1.project = t2.id  WHERE t1.product  = '35'  AND  t1.company = '1'  ORDER BY t1.project desc
  SELECT id,name FROM `zt_build` WHERE product IN ('35') AND deleted  = '0'  AND  `zt_build`.company = '1'  ORDER BY date desc, id desc
  SELECT id,name FROM `zt_build` WHERE product IN ('35') AND deleted  = '0'  AND  `zt_build`.company = '1'  ORDER BY date desc, id desc
  SELECT account, realname FROM `zt_user`  WHERE  `zt_user`.company = '1'  ORDER BY account
  SELECT id,name FROM `zt_build` WHERE product IN ('35') AND deleted  = '0'  AND  `zt_build`.company = '1'  ORDER BY date desc, id desc
  SELECT * FROM `zt_module` WHERE root  = '35' AND type  = 'bug'  AND  `zt_module`.company = '1'  ORDER BY grade desc, `order`

20130923 09:43:23: bug-report-35-bymodule-0
  SELECT * FROM `zt_config` WHERE owner IN ('system','fujia') AND company IN ('1','0') ORDER BY id
  SELECT *,  IF(INSTR(" closed", status) < 2, 0, 1) AS isClosed FROM `zt_product` WHERE deleted  = '0'  AND  `zt_product`.company = '1'  ORDER BY isClosed, `order`
  SELECT id, status, name FROM `zt_product` WHERE id IN ('35','7','11','12','13','14','15','16','17','18','20','21','27','25','26','28','29','30','31','32','36','37','38','39','40','41','42','43','44')  AND  `zt_product`.company = '1'  ORDER BY `order`
  SELECT id, status, name FROM `zt_product` WHERE id IN ('35','7','11','12','13','14','15','16','17','18','20','21','27','25','26','28','29','30','31','32','36','37','38','39','40','41','42','43','44')  AND  `zt_product`.company = '1'  ORDER BY `order`

20130923 09:44:00: misc-ping
  SELECT * FROM `zt_config` WHERE owner IN ('system','fujia') AND company IN ('1','0') ORDER BY id
  SELECT * FROM `zt_config` WHERE 1 = 1  AND company IN ('1') AND owner IN ('system') AND module IN ('common') AND section IN ('global') AND `key` IN ('sn')

20130923 09:44:24: misc-ping
  SELECT * FROM `zt_config` WHERE owner IN ('system','fujia') AND company IN ('1','0') ORDER BY id

20130923 09:49:00: misc-ping
  SELECT * FROM `zt_config` WHERE owner IN ('system','fujia') AND company IN ('1','0') ORDER BY id
  SELECT * FROM `zt_config` WHERE 1 = 1  AND company IN ('1') AND owner IN ('system') AND module IN ('common') AND section IN ('global') AND `key` IN ('sn')

20130923 09:49:24: misc-ping
  SELECT * FROM `zt_config` WHERE owner IN ('system','fujia') AND company IN ('1','0') ORDER BY id

20130923 09:51:49: bug-report-35-bymodule-0
  SELECT * FROM `zt_config` WHERE owner IN ('system','fujia') AND company IN ('1','0') ORDER BY id
  SELECT *,  IF(INSTR(" closed", status) < 2, 0, 1) AS isClosed FROM `zt_product` WHERE deleted  = '0'  AND  `zt_product`.company = '1'  ORDER BY isClosed, `order`
  SELECT project as name, count(project) as value FROM `zt_bug` WHERE  product  = '35' AND project IN ('50','8','9','10','11','13','14','16','17','18','20','22','23','24','25','27','28','29','30','31','32','33','35','36','37','34','38','39','41','42','43','45','51','53','52','54','55','56','57','15','21','44','46','66','58','59','60','61','62','63','64','65','5','40','0') AND deleted  = '0'    AND  `zt_bug`.company = '1'  GROUP BY project ORDER BY value DESC
  SELECT *, IF(INSTR(" done", status) < 2, 0, 1) AS isDone FROM `zt_project` WHERE iscat  = '0' AND deleted  = '0'  AND  `zt_project`.company = '1'  ORDER BY isDone, `order`, status
  SELECT openedBuild as name, count(openedBuild) as value FROM `zt_bug` WHERE  product  = '35' AND project IN ('50','8','9','10','11','13','14','16','17','18','20','22','23','24','25','27','28','29','30','31','32','33','35','36','37','34','38','39','41','42','43','45','51','53','52','54','55','56','57','15','21','44','46','66','58','59','60','61','62','63','64','65','5','40','0') AND deleted  = '0'    AND  `zt_bug`.company = '1'  GROUP BY openedBuild ORDER BY value DESC
  SELECT id,name FROM `zt_build` WHERE product IN ('35') AND deleted  = '0'  AND  `zt_build`.company = '1'  ORDER BY date desc, id desc
  SELECT module as name, count(module) as value FROM `zt_bug` WHERE  product  = '35' AND project IN ('50','8','9','10','11','13','14','16','17','18','20','22','23','24','25','27','28','29','30','31','32','33','35','36','37','34','38','39','41','42','43','45','51','53','52','54','55','56','57','15','21','44','46','66','58','59','60','61','62','63','64','65','5','40','0') AND deleted  = '0'    AND  `zt_bug`.company = '1'  GROUP BY module ORDER BY value DESC
  SELECT id, name FROM `zt_module` WHERE id IN ('0','464','24','496','23','462','30','31','39','463','22','18','50','500','26','498','28','465','17','34','467','466','25','504','20','21','51','506','499','27','557','38','40') AND  `zt_module`.company = '1' 
  SELECT DATE_FORMAT(openedDate, "%Y-%m-%d") AS name, COUNT(*) AS value FROM `zt_bug` WHERE  product  = '35' AND project IN ('50','8','9','10','11','13','14','16','17','18','20','22','23','24','25','27','28','29','30','31','32','33','35','36','37','34','38','39','41','42','43','45','51','53','52','54','55','56','57','15','21','44','46','66','58','59','60','61','62','63','64','65','5','40','0') AND deleted  = '0'    AND  `zt_bug`.company = '1'  GROUP BY name ORDER BY openedDate
  SELECT DATE_FORMAT(resolvedDate, "%Y-%m-%d") AS name, COUNT(*) AS value FROM `zt_bug` WHERE  product  = '35' AND project IN ('50','8','9','10','11','13','14','16','17','18','20','22','23','24','25','27','28','29','30','31','32','33','35','36','37','34','38','39','41','42','43','45','51','53','52','54','55','56','57','15','21','44','46','66','58','59','60','61','62','63','64','65','5','40','0') AND deleted  = '0'    AND  `zt_bug`.company = '1'  GROUP BY name HAVING name != 0000-00-00 ORDER BY resolvedDate
  SELECT DATE_FORMAT(closedDate, "%Y-%m-%d") AS name, COUNT(*) AS value FROM `zt_bug` WHERE  product  = '35' AND project IN ('50','8','9','10','11','13','14','16','17','18','20','22','23','24','25','27','28','29','30','31','32','33','35','36','37','34','38','39','41','42','43','45','51','53','52','54','55','56','57','15','21','44','46','66','58','59','60','61','62','63','64','65','5','40','0') AND deleted  = '0'    AND  `zt_bug`.company = '1'  GROUP BY name HAVING name != 0000-00-00 ORDER BY closedDate
  SELECT openedBy AS name, COUNT(*) AS value FROM `zt_bug` WHERE  product  = '35' AND project IN ('50','8','9','10','11','13','14','16','17','18','20','22','23','24','25','27','28','29','30','31','32','33','35','36','37','34','38','39','41','42','43','45','51','53','52','54','55','56','57','15','21','44','46','66','58','59','60','61','62','63','64','65','5','40','0') AND deleted  = '0'    AND  `zt_bug`.company = '1'  GROUP BY name ORDER BY value DESC
  SELECT account, realname FROM `zt_user`  WHERE  `zt_user`.company = '1'  ORDER BY account
  SELECT resolvedBy AS name, COUNT(*) AS value FROM `zt_bug` WHERE  product  = '35' AND project IN ('50','8','9','10','11','13','14','16','17','18','20','22','23','24','25','27','28','29','30','31','32','33','35','36','37','34','38','39','41','42','43','45','51','53','52','54','55','56','57','15','21','44','46','66','58','59','60','61','62','63','64','65','5','40','0') AND deleted  = '0'   AND resolvedBy  != ''  AND  `zt_bug`.company = '1'  GROUP BY name ORDER BY value DESC
  SELECT closedBy AS name, COUNT(*) AS value FROM `zt_bug` WHERE  product  = '35' AND project IN ('50','8','9','10','11','13','14','16','17','18','20','22','23','24','25','27','28','29','30','31','32','33','35','36','37','34','38','39','41','42','43','45','51','53','52','54','55','56','57','15','21','44','46','66','58','59','60','61','62','63','64','65','5','40','0') AND deleted  = '0'   AND closedBy  != ''  AND  `zt_bug`.company = '1'  GROUP BY name ORDER BY value DESC
  SELECT severity AS name, COUNT(*) AS value FROM `zt_bug` WHERE  product  = '35' AND project IN ('50','8','9','10','11','13','14','16','17','18','20','22','23','24','25','27','28','29','30','31','32','33','35','36','37','34','38','39','41','42','43','45','51','53','52','54','55','56','57','15','21','44','46','66','58','59','60','61','62','63','64','65','5','40','0') AND deleted  = '0'    AND  `zt_bug`.company = '1'  GROUP BY name ORDER BY value DESC
  SELECT resolution AS name, COUNT(*) AS value FROM `zt_bug` WHERE  product  = '35' AND project IN ('50','8','9','10','11','13','14','16','17','18','20','22','23','24','25','27','28','29','30','31','32','33','35','36','37','34','38','39','41','42','43','45','51','53','52','54','55','56','57','15','21','44','46','66','58','59','60','61','62','63','64','65','5','40','0') AND deleted  = '0'   AND resolution  != ''  AND  `zt_bug`.company = '1'  GROUP BY name ORDER BY value DESC
  SELECT status AS name, COUNT(*) AS value FROM `zt_bug` WHERE  product  = '35' AND project IN ('50','8','9','10','11','13','14','16','17','18','20','22','23','24','25','27','28','29','30','31','32','33','35','36','37','34','38','39','41','42','43','45','51','53','52','54','55','56','57','15','21','44','46','66','58','59','60','61','62','63','64','65','5','40','0') AND deleted  = '0'    AND  `zt_bug`.company = '1'  GROUP BY name ORDER BY value DESC
  SELECT activatedCount AS name, COUNT(*) AS value FROM `zt_bug` WHERE  product  = '35' AND project IN ('50','8','9','10','11','13','14','16','17','18','20','22','23','24','25','27','28','29','30','31','32','33','35','36','37','34','38','39','41','42','43','45','51','53','52','54','55','56','57','15','21','44','46','66','58','59','60','61','62','63','64','65','5','40','0') AND deleted  = '0'    AND  `zt_bug`.company = '1'  GROUP BY name ORDER BY value DESC
  SELECT type AS name, COUNT(*) AS value FROM `zt_bug` WHERE  product  = '35' AND project IN ('50','8','9','10','11','13','14','16','17','18','20','22','23','24','25','27','28','29','30','31','32','33','35','36','37','34','38','39','41','42','43','45','51','53','52','54','55','56','57','15','21','44','46','66','58','59','60','61','62','63','64','65','5','40','0') AND deleted  = '0'    AND  `zt_bug`.company = '1'  GROUP BY name ORDER BY value DESC
  SELECT assignedTo AS name, COUNT(*) AS value FROM `zt_bug` WHERE  product  = '35' AND project IN ('50','8','9','10','11','13','14','16','17','18','20','22','23','24','25','27','28','29','30','31','32','33','35','36','37','34','38','39','41','42','43','45','51','53','52','54','55','56','57','15','21','44','46','66','58','59','60','61','62','63','64','65','5','40','0') AND deleted  = '0'    AND  `zt_bug`.company = '1'  GROUP BY name ORDER BY value DESC
  SELECT id, status, name FROM `zt_product` WHERE id IN ('35','7','11','12','13','14','15','16','17','18','20','21','27','25','26','28','29','30','31','32','36','37','38','39','40','41','42','43','44')  AND  `zt_product`.company = '1'  ORDER BY `order`
  SELECT id, status, name FROM `zt_product` WHERE id IN ('35','7','11','12','13','14','15','16','17','18','20','21','27','25','26','28','29','30','31','32','36','37','38','39','40','41','42','43','44')  AND  `zt_product`.company = '1'  ORDER BY `order`

20130923 09:52:50: misc-ping
  SELECT * FROM `zt_config` WHERE owner IN ('system','fujia') AND company IN ('1','0') ORDER BY id

20130923 09:54:00: misc-ping
  SELECT * FROM `zt_config` WHERE owner IN ('system','fujia') AND company IN ('1','0') ORDER BY id

20130923 09:57:50: misc-ping
  SELECT * FROM `zt_config` WHERE owner IN ('system','fujia') AND company IN ('1','0') ORDER BY id
  SELECT * FROM `zt_config` WHERE 1 = 1  AND company IN ('1') AND owner IN ('system') AND module IN ('common') AND section IN ('global') AND `key` IN ('sn')

20130923 09:58:43: bug-report-35-bymodule-0
  SELECT * FROM `zt_config` WHERE owner IN ('system','fujia') AND company IN ('1','0') ORDER BY id
  SELECT *,  IF(INSTR(" closed", status) < 2, 0, 1) AS isClosed FROM `zt_product` WHERE deleted  = '0'  AND  `zt_product`.company = '1'  ORDER BY isClosed, `order`
  SELECT project as name, count(project) as value FROM `zt_bug` WHERE  product  = '35' AND project IN ('50','8','9','10','11','13','14','16','17','18','20','22','23','24','25','27','28','29','30','31','32','33','35','36','37','34','38','39','41','42','43','45','51','53','52','54','55','56','57','15','21','44','46','66','58','59','60','61','62','63','64','65','5','40','0') AND deleted  = '0'    AND  `zt_bug`.company = '1'  GROUP BY project ORDER BY value DESC
  SELECT *, IF(INSTR(" done", status) < 2, 0, 1) AS isDone FROM `zt_project` WHERE iscat  = '0' AND deleted  = '0'  AND  `zt_project`.company = '1'  ORDER BY isDone, `order`, status
  SELECT openedBuild as name, count(openedBuild) as value FROM `zt_bug` WHERE  product  = '35' AND project IN ('50','8','9','10','11','13','14','16','17','18','20','22','23','24','25','27','28','29','30','31','32','33','35','36','37','34','38','39','41','42','43','45','51','53','52','54','55','56','57','15','21','44','46','66','58','59','60','61','62','63','64','65','5','40','0') AND deleted  = '0'    AND  `zt_bug`.company = '1'  GROUP BY openedBuild ORDER BY value DESC
  SELECT id,name FROM `zt_build` WHERE product IN ('35') AND deleted  = '0'  AND  `zt_build`.company = '1'  ORDER BY date desc, id desc
  SELECT module as name, count(module) as value FROM `zt_bug` WHERE  product  = '35' AND project IN ('50','8','9','10','11','13','14','16','17','18','20','22','23','24','25','27','28','29','30','31','32','33','35','36','37','34','38','39','41','42','43','45','51','53','52','54','55','56','57','15','21','44','46','66','58','59','60','61','62','63','64','65','5','40','0') AND deleted  = '0'    AND  `zt_bug`.company = '1'  GROUP BY module ORDER BY value DESC
  SELECT id, name FROM `zt_module` WHERE id IN ('0','464','24','496','23','462','30','31','39','463','22','18','50','500','26','498','28','465','17','34','467','466','25','504','20','21','51','506','499','27','557','38','40') AND  `zt_module`.company = '1' 
  SELECT DATE_FORMAT(openedDate, "%Y-%m-%d") AS name, COUNT(*) AS value FROM `zt_bug` WHERE  product  = '35' AND project IN ('50','8','9','10','11','13','14','16','17','18','20','22','23','24','25','27','28','29','30','31','32','33','35','36','37','34','38','39','41','42','43','45','51','53','52','54','55','56','57','15','21','44','46','66','58','59','60','61','62','63','64','65','5','40','0') AND deleted  = '0'    AND  `zt_bug`.company = '1'  GROUP BY name ORDER BY openedDate
  SELECT DATE_FORMAT(resolvedDate, "%Y-%m-%d") AS name, COUNT(*) AS value FROM `zt_bug` WHERE  product  = '35' AND project IN ('50','8','9','10','11','13','14','16','17','18','20','22','23','24','25','27','28','29','30','31','32','33','35','36','37','34','38','39','41','42','43','45','51','53','52','54','55','56','57','15','21','44','46','66','58','59','60','61','62','63','64','65','5','40','0') AND deleted  = '0'    AND  `zt_bug`.company = '1'  GROUP BY name HAVING name != 0000-00-00 ORDER BY resolvedDate
  SELECT DATE_FORMAT(closedDate, "%Y-%m-%d") AS name, COUNT(*) AS value FROM `zt_bug` WHERE  product  = '35' AND project IN ('50','8','9','10','11','13','14','16','17','18','20','22','23','24','25','27','28','29','30','31','32','33','35','36','37','34','38','39','41','42','43','45','51','53','52','54','55','56','57','15','21','44','46','66','58','59','60','61','62','63','64','65','5','40','0') AND deleted  = '0'    AND  `zt_bug`.company = '1'  GROUP BY name HAVING name != 0000-00-00 ORDER BY closedDate
  SELECT openedBy AS name, COUNT(*) AS value FROM `zt_bug` WHERE  product  = '35' AND project IN ('50','8','9','10','11','13','14','16','17','18','20','22','23','24','25','27','28','29','30','31','32','33','35','36','37','34','38','39','41','42','43','45','51','53','52','54','55','56','57','15','21','44','46','66','58','59','60','61','62','63','64','65','5','40','0') AND deleted  = '0'    AND  `zt_bug`.company = '1'  GROUP BY name ORDER BY value DESC
  SELECT account, realname FROM `zt_user`  WHERE  `zt_user`.company = '1'  ORDER BY account
  SELECT resolvedBy AS name, COUNT(*) AS value FROM `zt_bug` WHERE  product  = '35' AND project IN ('50','8','9','10','11','13','14','16','17','18','20','22','23','24','25','27','28','29','30','31','32','33','35','36','37','34','38','39','41','42','43','45','51','53','52','54','55','56','57','15','21','44','46','66','58','59','60','61','62','63','64','65','5','40','0') AND deleted  = '0'   AND resolvedBy  != ''  AND  `zt_bug`.company = '1'  GROUP BY name ORDER BY value DESC
  SELECT closedBy AS name, COUNT(*) AS value FROM `zt_bug` WHERE  product  = '35' AND project IN ('50','8','9','10','11','13','14','16','17','18','20','22','23','24','25','27','28','29','30','31','32','33','35','36','37','34','38','39','41','42','43','45','51','53','52','54','55','56','57','15','21','44','46','66','58','59','60','61','62','63','64','65','5','40','0') AND deleted  = '0'   AND closedBy  != ''  AND  `zt_bug`.company = '1'  GROUP BY name ORDER BY value DESC
  SELECT severity AS name, COUNT(*) AS value FROM `zt_bug` WHERE  product  = '35' AND project IN ('50','8','9','10','11','13','14','16','17','18','20','22','23','24','25','27','28','29','30','31','32','33','35','36','37','34','38','39','41','42','43','45','51','53','52','54','55','56','57','15','21','44','46','66','58','59','60','61','62','63','64','65','5','40','0') AND deleted  = '0'    AND  `zt_bug`.company = '1'  GROUP BY name ORDER BY value DESC
  SELECT resolution AS name, COUNT(*) AS value FROM `zt_bug` WHERE  product  = '35' AND project IN ('50','8','9','10','11','13','14','16','17','18','20','22','23','24','25','27','28','29','30','31','32','33','35','36','37','34','38','39','41','42','43','45','51','53','52','54','55','56','57','15','21','44','46','66','58','59','60','61','62','63','64','65','5','40','0') AND deleted  = '0'   AND resolution  != ''  AND  `zt_bug`.company = '1'  GROUP BY name ORDER BY value DESC
  SELECT status AS name, COUNT(*) AS value FROM `zt_bug` WHERE  product  = '35' AND project IN ('50','8','9','10','11','13','14','16','17','18','20','22','23','24','25','27','28','29','30','31','32','33','35','36','37','34','38','39','41','42','43','45','51','53','52','54','55','56','57','15','21','44','46','66','58','59','60','61','62','63','64','65','5','40','0') AND deleted  = '0'    AND  `zt_bug`.company = '1'  GROUP BY name ORDER BY value DESC
  SELECT activatedCount AS name, COUNT(*) AS value FROM `zt_bug` WHERE  product  = '35' AND project IN ('50','8','9','10','11','13','14','16','17','18','20','22','23','24','25','27','28','29','30','31','32','33','35','36','37','34','38','39','41','42','43','45','51','53','52','54','55','56','57','15','21','44','46','66','58','59','60','61','62','63','64','65','5','40','0') AND deleted  = '0'    AND  `zt_bug`.company = '1'  GROUP BY name ORDER BY value DESC
  SELECT type AS name, COUNT(*) AS value FROM `zt_bug` WHERE  product  = '35' AND project IN ('50','8','9','10','11','13','14','16','17','18','20','22','23','24','25','27','28','29','30','31','32','33','35','36','37','34','38','39','41','42','43','45','51','53','52','54','55','56','57','15','21','44','46','66','58','59','60','61','62','63','64','65','5','40','0') AND deleted  = '0'    AND  `zt_bug`.company = '1'  GROUP BY name ORDER BY value DESC
  SELECT assignedTo AS name, COUNT(*) AS value FROM `zt_bug` WHERE  product  = '35' AND project IN ('50','8','9','10','11','13','14','16','17','18','20','22','23','24','25','27','28','29','30','31','32','33','35','36','37','34','38','39','41','42','43','45','51','53','52','54','55','56','57','15','21','44','46','66','58','59','60','61','62','63','64','65','5','40','0') AND deleted  = '0'    AND  `zt_bug`.company = '1'  GROUP BY name ORDER BY value DESC
  SELECT id, status, name FROM `zt_product` WHERE id IN ('35','7','11','12','13','14','15','16','17','18','20','21','27','25','26','28','29','30','31','32','36','37','38','39','40','41','42','43','44')  AND  `zt_product`.company = '1'  ORDER BY `order`
  SELECT id, status, name FROM `zt_product` WHERE id IN ('35','7','11','12','13','14','15','16','17','18','20','21','27','25','26','28','29','30','31','32','36','37','38','39','40','41','42','43','44')  AND  `zt_product`.company = '1'  ORDER BY `order`

20130923 09:59:00: misc-ping
  SELECT * FROM `zt_config` WHERE owner IN ('system','fujia') AND company IN ('1','0') ORDER BY id
  SELECT * FROM `zt_config` WHERE 1 = 1  AND company IN ('1') AND owner IN ('system') AND module IN ('common') AND section IN ('global') AND `key` IN ('sn')

20130923 09:59:45: misc-ping
  SELECT * FROM `zt_config` WHERE owner IN ('system','fujia') AND company IN ('1','0') ORDER BY id
  SELECT * FROM `zt_config` WHERE 1 = 1  AND company IN ('1') AND owner IN ('system') AND module IN ('common') AND section IN ('global') AND `key` IN ('sn')

20130923 10:04:01: misc-ping
  SELECT * FROM `zt_config` WHERE owner IN ('system','fujia') AND company IN ('1','0') ORDER BY id

20130923 10:04:45: misc-ping
  SELECT * FROM `zt_config` WHERE owner IN ('system','fujia') AND company IN ('1','0') ORDER BY id

20130923 10:09:01: misc-ping
  SELECT * FROM `zt_config` WHERE owner IN ('system','fujia') AND company IN ('1','0') ORDER BY id
  SELECT * FROM `zt_config` WHERE 1 = 1  AND company IN ('1') AND owner IN ('system') AND module IN ('common') AND section IN ('global') AND `key` IN ('sn')

20130923 10:09:46: misc-ping
  SELECT * FROM `zt_config` WHERE owner IN ('system','fujia') AND company IN ('1','0') ORDER BY id
  SELECT * FROM `zt_config` WHERE 1 = 1  AND company IN ('1') AND owner IN ('system') AND module IN ('common') AND section IN ('global') AND `key` IN ('sn')

20130923 10:10:09: report-projectdeviation
  SELECT * FROM `zt_config` WHERE owner IN ('system','fujia') AND company IN ('1','0') ORDER BY id
  SELECT t1.* FROM `zt_task` AS t1  LEFT JOIN `zt_project` AS t2  ON t1.project = t2.id  WHERE t1.status  != 'cancel' AND t1.deleted  = '0' AND t2.deleted  = '0' AND  t1.company = '1' 
  SELECT t1.project FROM `zt_bug` AS t1  LEFT JOIN `zt_project` AS t2  ON t1.project = t2.id  WHERE t1.deleted  = '0' AND t2.deleted  = '0' AND  t1.company = '1' 
  SELECT t1.project FROM `zt_projectStory` AS t1  LEFT JOIN `zt_project` AS t2  ON t1.project = t2.id  LEFT JOIN `zt_story` AS t3  ON t1.story = t3.id  WHERE t2.deleted  = '0' AND t3.deleted  = '0' AND  t1.company = '1' 
  SELECT id, name, status FROM `zt_project` WHERE  `zt_project`.company = '1' 

20130923 10:10:12: report-bugsummary
  SELECT * FROM `zt_config` WHERE owner IN ('system','fujia') AND company IN ('1','0') ORDER BY id
  SELECT id, resolution, openedBy, status FROM `zt_bug` WHERE deleted  = '0' AND openedDate  >= '2013-08-23' AND openedDate  <= '20130924' AND  `zt_bug`.company = '1' 
  SELECT account, realname FROM `zt_user` WHERE deleted  = '0'  AND  `zt_user`.company = '1'  ORDER BY account

20130923 10:11:12: misc-ping
  SELECT * FROM `zt_config` WHERE owner IN ('system','fujia') AND company IN ('1','0') ORDER BY id
  SELECT * FROM `zt_config` WHERE 1 = 1  AND company IN ('1') AND owner IN ('system') AND module IN ('common') AND section IN ('global') AND `key` IN ('sn')

20130923 10:14:46: misc-ping
  SELECT * FROM `zt_config` WHERE owner IN ('system','fujia') AND company IN ('1','0') ORDER BY id
  SELECT * FROM `zt_config` WHERE 1 = 1  AND company IN ('1') AND owner IN ('system') AND module IN ('common') AND section IN ('global') AND `key` IN ('sn')

20130923 10:16:13: misc-ping
  SELECT * FROM `zt_config` WHERE owner IN ('system','fujia') AND company IN ('1','0') ORDER BY id
  SELECT * FROM `zt_config` WHERE 1 = 1  AND company IN ('1') AND owner IN ('system') AND module IN ('common') AND section IN ('global') AND `key` IN ('sn')

20130923 10:19:46: misc-ping
  SELECT * FROM `zt_config` WHERE owner IN ('system','fujia') AND company IN ('1','0') ORDER BY id

20130923 10:21:13: misc-ping
  SELECT * FROM `zt_config` WHERE owner IN ('system','fujia') AND company IN ('1','0') ORDER BY id

20130923 10:24:46: misc-ping
  SELECT * FROM `zt_config` WHERE owner IN ('system','fujia') AND company IN ('1','0') ORDER BY id
  SELECT * FROM `zt_config` WHERE 1 = 1  AND company IN ('1') AND owner IN ('system') AND module IN ('common') AND section IN ('global') AND `key` IN ('sn')

20130923 10:26:13: misc-ping
  SELECT * FROM `zt_config` WHERE owner IN ('system','fujia') AND company IN ('1','0') ORDER BY id
  SELECT * FROM `zt_config` WHERE 1 = 1  AND company IN ('1') AND owner IN ('system') AND module IN ('common') AND section IN ('global') AND `key` IN ('sn')

20130923 10:29:46: misc-ping
  SELECT * FROM `zt_config` WHERE owner IN ('system','fujia') AND company IN ('1','0') ORDER BY id
  SELECT * FROM `zt_config` WHERE 1 = 1  AND company IN ('1') AND owner IN ('system') AND module IN ('common') AND section IN ('global') AND `key` IN ('sn')

20130923 10:31:13: misc-ping
  SELECT * FROM `zt_config` WHERE owner IN ('system','fujia') AND company IN ('1','0') ORDER BY id

20130923 10:32:01: report-projectdeviation
  SELECT * FROM `zt_config` WHERE owner IN ('system','fujia') AND company IN ('1','0') ORDER BY id
  SELECT t1.* FROM `zt_task` AS t1  LEFT JOIN `zt_project` AS t2  ON t1.project = t2.id  WHERE t1.status  != 'cancel' AND t1.deleted  = '0' AND t2.deleted  = '0' AND  t1.company = '1' 
  SELECT t1.project FROM `zt_bug` AS t1  LEFT JOIN `zt_project` AS t2  ON t1.project = t2.id  WHERE t1.deleted  = '0' AND t2.deleted  = '0' AND  t1.company = '1' 
  SELECT t1.project FROM `zt_projectStory` AS t1  LEFT JOIN `zt_project` AS t2  ON t1.project = t2.id  LEFT JOIN `zt_story` AS t3  ON t1.story = t3.id  WHERE t2.deleted  = '0' AND t3.deleted  = '0' AND  t1.company = '1' 
  SELECT id, name, status FROM `zt_project` WHERE  `zt_project`.company = '1' 

20130923 10:32:15: report-productinfo
  SELECT * FROM `zt_config` WHERE owner IN ('system','fujia') AND company IN ('1','0') ORDER BY id
  SELECT id, code, name, PO FROM `zt_product` WHERE deleted  = '0' AND  `zt_product`.company = '1' 
  SELECT * FROM `zt_productPlan` WHERE deleted  = '0' AND product IN ('35','7','11','12','13','14','15','16','17','18','20','21','27','25','26','28','29','30','31','32','36','37','38','39','40','41','42','43','44') AND  `zt_productPlan`.company = '1' 
  SELECT plan, id, status FROM `zt_story` WHERE deleted  = '0' AND plan IN ('1','2','3','4','5','6','7','8','9','11','12','17','19','20','21','22','23','24','25','26','28','29','30','31','32','33','34','35','113','36','37','38','39','40','41','42','43','44','45','46','47','48','49','50','51','52','53','54','55','56','57','58','59','60','61','65','66','67','68','69','70','71','72','73','74','75','81','76','77','78','79','80','83','84','85','86','87','88','89','90','91','92','93','94','117','95','96','97','98','99','100','101','102','103','104','105','106','107','108','109','111','112','114','115','116','118','119','120','121','122','123','124','125','126','127','128','129','130','131','132','133','134','135','136','137','138','139','140') AND  `zt_story`.company = '1' 
  SELECT product, id, status FROM `zt_story` WHERE deleted  = '0' AND plan  = '0' AND product IN ('35','7','11','12','13','14','15','16','17','18','20','21','27','25','26','28','29','30','31','32','36','37','38','39','40','41','42','43','44') AND  `zt_story`.company = '1' 
  SELECT account, realname FROM `zt_user`  WHERE  `zt_user`.company = '1'  ORDER BY account

20130923 10:33:15: misc-ping
  SELECT * FROM `zt_config` WHERE owner IN ('system','fujia') AND company IN ('1','0') ORDER BY id
  SELECT * FROM `zt_config` WHERE 1 = 1  AND company IN ('1') AND owner IN ('system') AND module IN ('common') AND section IN ('global') AND `key` IN ('sn')

20130923 10:34:46: misc-ping
  SELECT * FROM `zt_config` WHERE owner IN ('system','fujia') AND company IN ('1','0') ORDER BY id

20130923 10:36:37: report-weekinfo
  SELECT * FROM `zt_config` WHERE owner IN ('system','fujia') AND company IN ('1','0') ORDER BY id

20130923 10:36:55: report-weekinfo
  SELECT * FROM `zt_config` WHERE owner IN ('system','fujia') AND company IN ('1','0') ORDER BY id

20130923 10:37:56: misc-ping
  SELECT * FROM `zt_config` WHERE owner IN ('system','fujia') AND company IN ('1','0') ORDER BY id
  SELECT * FROM `zt_config` WHERE 1 = 1  AND company IN ('1') AND owner IN ('system') AND module IN ('common') AND section IN ('global') AND `key` IN ('sn')

20130923 10:38:30: report-productinfo
  SELECT * FROM `zt_config` WHERE owner IN ('system','fujia') AND company IN ('1','0') ORDER BY id
  SELECT id, code, name, PO FROM `zt_product` WHERE deleted  = '0' AND  `zt_product`.company = '1' 
  SELECT * FROM `zt_productPlan` WHERE deleted  = '0' AND product IN ('35','7','11','12','13','14','15','16','17','18','20','21','27','25','26','28','29','30','31','32','36','37','38','39','40','41','42','43','44') AND  `zt_productPlan`.company = '1' 
  SELECT plan, id, status FROM `zt_story` WHERE deleted  = '0' AND plan IN ('1','2','3','4','5','6','7','8','9','11','12','17','19','20','21','22','23','24','25','26','28','29','30','31','32','33','34','35','113','36','37','38','39','40','41','42','43','44','45','46','47','48','49','50','51','52','53','54','55','56','57','58','59','60','61','65','66','67','68','69','70','71','72','73','74','75','81','76','77','78','79','80','83','84','85','86','87','88','89','90','91','92','93','94','117','95','96','97','98','99','100','101','102','103','104','105','106','107','108','109','111','112','114','115','116','118','119','120','121','122','123','124','125','126','127','128','129','130','131','132','133','134','135','136','137','138','139','140') AND  `zt_story`.company = '1' 
  SELECT product, id, status FROM `zt_story` WHERE deleted  = '0' AND plan  = '0' AND product IN ('35','7','11','12','13','14','15','16','17','18','20','21','27','25','26','28','29','30','31','32','36','37','38','39','40','41','42','43','44') AND  `zt_story`.company = '1' 
  SELECT account, realname FROM `zt_user`  WHERE  `zt_user`.company = '1'  ORDER BY account

20130923 10:39:31: misc-ping
  SELECT * FROM `zt_config` WHERE owner IN ('system','fujia') AND company IN ('1','0') ORDER BY id
  SELECT * FROM `zt_config` WHERE 1 = 1  AND company IN ('1') AND owner IN ('system') AND module IN ('common') AND section IN ('global') AND `key` IN ('sn')

20130923 10:39:47: misc-ping
  SELECT * FROM `zt_config` WHERE owner IN ('system','fujia') AND company IN ('1','0') ORDER BY id
  SELECT * FROM `zt_config` WHERE 1 = 1  AND company IN ('1') AND owner IN ('system') AND module IN ('common') AND section IN ('global') AND `key` IN ('sn')

20130923 10:42:37: report-weekinfo
  SELECT * FROM `zt_config` WHERE owner IN ('system','fujia') AND company IN ('1','0') ORDER BY id

20130923 10:43:38: misc-ping
  SELECT * FROM `zt_config` WHERE owner IN ('system','fujia') AND company IN ('1','0') ORDER BY id
  SELECT * FROM `zt_config` WHERE 1 = 1  AND company IN ('1') AND owner IN ('system') AND module IN ('common') AND section IN ('global') AND `key` IN ('sn')

20130923 10:44:31: misc-ping
  SELECT * FROM `zt_config` WHERE owner IN ('system','fujia') AND company IN ('1','0') ORDER BY id
  SELECT * FROM `zt_config` WHERE 1 = 1  AND company IN ('1') AND owner IN ('system') AND module IN ('common') AND section IN ('global') AND `key` IN ('sn')

20130923 10:44:47: misc-ping
  SELECT * FROM `zt_config` WHERE owner IN ('system','fujia') AND company IN ('1','0') ORDER BY id

20130923 10:48:38: misc-ping
  SELECT * FROM `zt_config` WHERE owner IN ('system','fujia') AND company IN ('1','0') ORDER BY id

20130923 10:49:32: misc-ping
  SELECT * FROM `zt_config` WHERE owner IN ('system','fujia') AND company IN ('1','0') ORDER BY id
  SELECT * FROM `zt_config` WHERE 1 = 1  AND company IN ('1') AND owner IN ('system') AND module IN ('common') AND section IN ('global') AND `key` IN ('sn')

20130923 10:49:47: misc-ping
  SELECT * FROM `zt_config` WHERE owner IN ('system','fujia') AND company IN ('1','0') ORDER BY id
  SELECT * FROM `zt_config` WHERE 1 = 1  AND company IN ('1') AND owner IN ('system') AND module IN ('common') AND section IN ('global') AND `key` IN ('sn')

20130923 10:51:06: report-weekinfo
  SELECT * FROM `zt_config` WHERE owner IN ('system','fujia') AND company IN ('1','0') ORDER BY id

20130923 10:51:32: report-productinfo
  SELECT * FROM `zt_config` WHERE owner IN ('system','fujia') AND company IN ('1','0') ORDER BY id
  SELECT id, code, name, PO FROM `zt_product` WHERE deleted  = '0' AND  `zt_product`.company = '1' 
  SELECT * FROM `zt_productPlan` WHERE deleted  = '0' AND product IN ('35','7','11','12','13','14','15','16','17','18','20','21','27','25','26','28','29','30','31','32','36','37','38','39','40','41','42','43','44') AND  `zt_productPlan`.company = '1' 
  SELECT plan, id, status FROM `zt_story` WHERE deleted  = '0' AND plan IN ('1','2','3','4','5','6','7','8','9','11','12','17','19','20','21','22','23','24','25','26','28','29','30','31','32','33','34','35','113','36','37','38','39','40','41','42','43','44','45','46','47','48','49','50','51','52','53','54','55','56','57','58','59','60','61','65','66','67','68','69','70','71','72','73','74','75','81','76','77','78','79','80','83','84','85','86','87','88','89','90','91','92','93','94','117','95','96','97','98','99','100','101','102','103','104','105','106','107','108','109','111','112','114','115','116','118','119','120','121','122','123','124','125','126','127','128','129','130','131','132','133','134','135','136','137','138','139','140') AND  `zt_story`.company = '1' 
  SELECT product, id, status FROM `zt_story` WHERE deleted  = '0' AND plan  = '0' AND product IN ('35','7','11','12','13','14','15','16','17','18','20','21','27','25','26','28','29','30','31','32','36','37','38','39','40','41','42','43','44') AND  `zt_story`.company = '1' 
  SELECT account, realname FROM `zt_user`  WHERE  `zt_user`.company = '1'  ORDER BY account

20130923 10:51:36: report-weeklyreport
  SELECT * FROM `zt_config` WHERE owner IN ('system','fujia') AND company IN ('1','0') ORDER BY id

20130923 10:52:36: misc-ping
  SELECT * FROM `zt_config` WHERE owner IN ('system','fujia') AND company IN ('1','0') ORDER BY id
  SELECT * FROM `zt_config` WHERE 1 = 1  AND company IN ('1') AND owner IN ('system') AND module IN ('common') AND section IN ('global') AND `key` IN ('sn')

20130923 10:53:07: report-weeklyreport
  SELECT * FROM `zt_config` WHERE owner IN ('system','fujia') AND company IN ('1','0') ORDER BY id

20130923 10:54:07: misc-ping
  SELECT * FROM `zt_config` WHERE owner IN ('system','fujia') AND company IN ('1','0') ORDER BY id
  SELECT * FROM `zt_config` WHERE 1 = 1  AND company IN ('1') AND owner IN ('system') AND module IN ('common') AND section IN ('global') AND `key` IN ('sn')

20130923 10:54:32: misc-ping
  SELECT * FROM `zt_config` WHERE owner IN ('system','fujia') AND company IN ('1','0') ORDER BY id
  SELECT * FROM `zt_config` WHERE 1 = 1  AND company IN ('1') AND owner IN ('system') AND module IN ('common') AND section IN ('global') AND `key` IN ('sn')

20130923 10:54:47: misc-ping
  SELECT * FROM `zt_config` WHERE owner IN ('system','fujia') AND company IN ('1','0') ORDER BY id
  SELECT * FROM `zt_config` WHERE 1 = 1  AND company IN ('1') AND owner IN ('system') AND module IN ('common') AND section IN ('global') AND `key` IN ('sn')

20130923 10:59:08: misc-ping
  SELECT * FROM `zt_config` WHERE owner IN ('system','fujia') AND company IN ('1','0') ORDER BY id

20130923 10:59:32: misc-ping
  SELECT * FROM `zt_config` WHERE owner IN ('system','fujia') AND company IN ('1','0') ORDER BY id

20130923 10:59:48: misc-ping
  SELECT * FROM `zt_config` WHERE owner IN ('system','fujia') AND company IN ('1','0') ORDER BY id
  SELECT * FROM `zt_config` WHERE 1 = 1  AND company IN ('1') AND owner IN ('system') AND module IN ('common') AND section IN ('global') AND `key` IN ('sn')

20130923 11:04:08: misc-ping
  SELECT * FROM `zt_config` WHERE owner IN ('system','fujia') AND company IN ('1','0') ORDER BY id

20130923 11:04:32: misc-ping
  SELECT * FROM `zt_config` WHERE owner IN ('system','fujia') AND company IN ('1','0') ORDER BY id

20130923 11:04:48: misc-ping
  SELECT * FROM `zt_config` WHERE owner IN ('system','fujia') AND company IN ('1','0') ORDER BY id

20130923 11:09:08: misc-ping
  SELECT * FROM `zt_config` WHERE owner IN ('system','fujia') AND company IN ('1','0') ORDER BY id
  SELECT * FROM `zt_config` WHERE 1 = 1  AND company IN ('1') AND owner IN ('system') AND module IN ('common') AND section IN ('global') AND `key` IN ('sn')

20130923 11:09:32: misc-ping
  SELECT * FROM `zt_config` WHERE owner IN ('system','fujia') AND company IN ('1','0') ORDER BY id

20130923 11:09:48: misc-ping
  SELECT * FROM `zt_config` WHERE owner IN ('system','fujia') AND company IN ('1','0') ORDER BY id

20130923 11:14:08: misc-ping
  SELECT * FROM `zt_config` WHERE owner IN ('system','fujia') AND company IN ('1','0') ORDER BY id
  SELECT * FROM `zt_config` WHERE 1 = 1  AND company IN ('1') AND owner IN ('system') AND module IN ('common') AND section IN ('global') AND `key` IN ('sn')

20130923 11:14:33: misc-ping
  SELECT * FROM `zt_config` WHERE owner IN ('system','fujia') AND company IN ('1','0') ORDER BY id
  SELECT * FROM `zt_config` WHERE 1 = 1  AND company IN ('1') AND owner IN ('system') AND module IN ('common') AND section IN ('global') AND `key` IN ('sn')

20130923 11:14:48: misc-ping
  SELECT * FROM `zt_config` WHERE owner IN ('system','fujia') AND company IN ('1','0') ORDER BY id
  SELECT * FROM `zt_config` WHERE 1 = 1  AND company IN ('1') AND owner IN ('system') AND module IN ('common') AND section IN ('global') AND `key` IN ('sn')

20130923 11:19:08: misc-ping
  SELECT * FROM `zt_config` WHERE owner IN ('system','fujia') AND company IN ('1','0') ORDER BY id

20130923 11:19:33: misc-ping
  SELECT * FROM `zt_config` WHERE owner IN ('system','fujia') AND company IN ('1','0') ORDER BY id
  SELECT * FROM `zt_config` WHERE 1 = 1  AND company IN ('1') AND owner IN ('system') AND module IN ('common') AND section IN ('global') AND `key` IN ('sn')

20130923 11:19:48: misc-ping
  SELECT * FROM `zt_config` WHERE owner IN ('system','fujia') AND company IN ('1','0') ORDER BY id
  SELECT * FROM `zt_config` WHERE 1 = 1  AND company IN ('1') AND owner IN ('system') AND module IN ('common') AND section IN ('global') AND `key` IN ('sn')

20130923 11:24:09: misc-ping
  SELECT * FROM `zt_config` WHERE owner IN ('system','fujia') AND company IN ('1','0') ORDER BY id

20130923 11:24:33: misc-ping
  SELECT * FROM `zt_config` WHERE owner IN ('system','fujia') AND company IN ('1','0') ORDER BY id
  SELECT * FROM `zt_config` WHERE 1 = 1  AND company IN ('1') AND owner IN ('system') AND module IN ('common') AND section IN ('global') AND `key` IN ('sn')

20130923 11:24:49: misc-ping
  SELECT * FROM `zt_config` WHERE owner IN ('system','fujia') AND company IN ('1','0') ORDER BY id

20130923 11:29:09: misc-ping
  SELECT * FROM `zt_config` WHERE owner IN ('system','fujia') AND company IN ('1','0') ORDER BY id

20130923 11:29:33: misc-ping
  SELECT * FROM `zt_config` WHERE owner IN ('system','fujia') AND company IN ('1','0') ORDER BY id
  SELECT * FROM `zt_config` WHERE 1 = 1  AND company IN ('1') AND owner IN ('system') AND module IN ('common') AND section IN ('global') AND `key` IN ('sn')

20130923 11:29:49: misc-ping
  SELECT * FROM `zt_config` WHERE owner IN ('system','fujia') AND company IN ('1','0') ORDER BY id
  SELECT * FROM `zt_config` WHERE 1 = 1  AND company IN ('1') AND owner IN ('system') AND module IN ('common') AND section IN ('global') AND `key` IN ('sn')

20130923 11:34:09: misc-ping
  SELECT * FROM `zt_config` WHERE owner IN ('system','fujia') AND company IN ('1','0') ORDER BY id

20130923 11:34:34: misc-ping
  SELECT * FROM `zt_config` WHERE owner IN ('system','fujia') AND company IN ('1','0') ORDER BY id

20130923 11:34:49: misc-ping
  SELECT * FROM `zt_config` WHERE owner IN ('system','fujia') AND company IN ('1','0') ORDER BY id
  SELECT * FROM `zt_config` WHERE 1 = 1  AND company IN ('1') AND owner IN ('system') AND module IN ('common') AND section IN ('global') AND `key` IN ('sn')

20130923 11:39:09: misc-ping
  SELECT * FROM `zt_config` WHERE owner IN ('system','fujia') AND company IN ('1','0') ORDER BY id
  SELECT * FROM `zt_config` WHERE 1 = 1  AND company IN ('1') AND owner IN ('system') AND module IN ('common') AND section IN ('global') AND `key` IN ('sn')

20130923 11:39:34: misc-ping
  SELECT * FROM `zt_config` WHERE owner IN ('system','fujia') AND company IN ('1','0') ORDER BY id
  SELECT * FROM `zt_config` WHERE 1 = 1  AND company IN ('1') AND owner IN ('system') AND module IN ('common') AND section IN ('global') AND `key` IN ('sn')

20130923 11:39:49: misc-ping
  SELECT * FROM `zt_config` WHERE owner IN ('system','fujia') AND company IN ('1','0') ORDER BY id
  SELECT * FROM `zt_config` WHERE 1 = 1  AND company IN ('1') AND owner IN ('system') AND module IN ('common') AND section IN ('global') AND `key` IN ('sn')

20130923 11:43:41: product
  SELECT * FROM `zt_config` WHERE owner IN ('system','fujia') AND company IN ('1','0') ORDER BY id
  SELECT *,  IF(INSTR(" closed", status) < 2, 0, 1) AS isClosed FROM `zt_product` WHERE deleted  = '0'  AND  `zt_product`.company = '1'  ORDER BY isClosed, `order`

20130923 11:43:41: product-browse
  SELECT * FROM `zt_config` WHERE owner IN ('system','fujia') AND company IN ('1','0') ORDER BY id
  SELECT *,  IF(INSTR(" closed", status) < 2, 0, 1) AS isClosed FROM `zt_product` WHERE deleted  = '0'  AND  `zt_product`.company = '1'  ORDER BY isClosed, `order`
  SELECT id, status, name FROM `zt_product` WHERE id IN ('35','7','11','12','13','14','15','16','17','18','20','21','27','25','26','28','29','30','31','32','36','37','38','39','40','41','42','43','44')  AND  `zt_product`.company = '1'  ORDER BY `order`
  SELECT t1.*, t2.title as planTitle FROM `zt_story` AS t1  LEFT JOIN `zt_productPlan` AS t2  ON t1.plan = t2.id  WHERE t1.product IN ('35') AND t1.deleted  = '0'  AND  t1.company = '1'  ORDER BY id desc
  SELECT COUNT(*) AS recTotal FROM `zt_story` AS t1  LEFT JOIN `zt_productPlan` AS t2  ON t1.plan = t2.id  WHERE t1.product IN ('35') AND t1.deleted  = '0'  AND  t1.company = '1'  
  SELECT t1.*, t2.title as planTitle FROM `zt_story` AS t1  LEFT JOIN `zt_productPlan` AS t2  ON t1.plan = t2.id  WHERE t1.product IN ('35') AND t1.deleted  = '0'  AND  t1.company = '1'  ORDER BY id desc  limit 0, 20 
  SELECT t1.*, t2.title as planTitle FROM `zt_story` AS t1  LEFT JOIN `zt_productPlan` AS t2  ON t1.plan = t2.id  WHERE t1.product IN ('35') AND t1.deleted  = '0' ORDER BY id desc  limit 0, 20 
  SELECT id,title FROM `zt_productPlan` WHERE product  = '35' AND deleted  = '0'  AND  `zt_productPlan`.company = '1'  ORDER BY begin
  SELECT * FROM `zt_module` WHERE root  = '35' AND type  = 'story'  AND  `zt_module`.company = '1'  ORDER BY grade desc, `order`
  SELECT * FROM `zt_module` WHERE root  = '35' AND type  = 'story'  AND  `zt_module`.company = '1'  ORDER BY grade desc, `order`
  SELECT account, realname FROM `zt_user`  WHERE  `zt_user`.company = '1'  ORDER BY account

20130923 11:44:09: misc-ping
  SELECT * FROM `zt_config` WHERE owner IN ('system','fujia') AND company IN ('1','0') ORDER BY id

20130923 11:44:42: misc-ping
  SELECT * FROM `zt_config` WHERE owner IN ('system','fujia') AND company IN ('1','0') ORDER BY id
  SELECT * FROM `zt_config` WHERE 1 = 1  AND company IN ('1') AND owner IN ('system') AND module IN ('common') AND section IN ('global') AND `key` IN ('sn')

20130923 11:44:49: misc-ping
  SELECT * FROM `zt_config` WHERE owner IN ('system','fujia') AND company IN ('1','0') ORDER BY id

20130923 11:49:10: misc-ping
  SELECT * FROM `zt_config` WHERE owner IN ('system','fujia') AND company IN ('1','0') ORDER BY id
  SELECT * FROM `zt_config` WHERE 1 = 1  AND company IN ('1') AND owner IN ('system') AND module IN ('common') AND section IN ('global') AND `key` IN ('sn')

20130923 11:49:42: misc-ping
  SELECT * FROM `zt_config` WHERE owner IN ('system','fujia') AND company IN ('1','0') ORDER BY id
  SELECT * FROM `zt_config` WHERE 1 = 1  AND company IN ('1') AND owner IN ('system') AND module IN ('common') AND section IN ('global') AND `key` IN ('sn')

20130923 11:49:50: misc-ping
  SELECT * FROM `zt_config` WHERE owner IN ('system','fujia') AND company IN ('1','0') ORDER BY id

20130923 11:54:10: misc-ping
  SELECT * FROM `zt_config` WHERE owner IN ('system','fujia') AND company IN ('1','0') ORDER BY id

20130923 11:54:42: misc-ping
  SELECT * FROM `zt_config` WHERE owner IN ('system','fujia') AND company IN ('1','0') ORDER BY id

20130923 11:54:50: misc-ping
  SELECT * FROM `zt_config` WHERE owner IN ('system','fujia') AND company IN ('1','0') ORDER BY id

20130923 11:59:10: misc-ping
  SELECT * FROM `zt_config` WHERE owner IN ('system','fujia') AND company IN ('1','0') ORDER BY id
  SELECT * FROM `zt_config` WHERE 1 = 1  AND company IN ('1') AND owner IN ('system') AND module IN ('common') AND section IN ('global') AND `key` IN ('sn')

20130923 11:59:42: misc-ping
  SELECT * FROM `zt_config` WHERE owner IN ('system','fujia') AND company IN ('1','0') ORDER BY id
  SELECT * FROM `zt_config` WHERE 1 = 1  AND company IN ('1') AND owner IN ('system') AND module IN ('common') AND section IN ('global') AND `key` IN ('sn')

20130923 11:59:50: misc-ping
  SELECT * FROM `zt_config` WHERE owner IN ('system','fujia') AND company IN ('1','0') ORDER BY id
  SELECT * FROM `zt_config` WHERE 1 = 1  AND company IN ('1') AND owner IN ('system') AND module IN ('common') AND section IN ('global') AND `key` IN ('sn')

20130923 12:04:10: misc-ping
  SELECT * FROM `zt_config` WHERE owner IN ('system','fujia') AND company IN ('1','0') ORDER BY id
  SELECT * FROM `zt_config` WHERE 1 = 1  AND company IN ('1') AND owner IN ('system') AND module IN ('common') AND section IN ('global') AND `key` IN ('sn')

20130923 12:04:42: misc-ping
  SELECT * FROM `zt_config` WHERE owner IN ('system','fujia') AND company IN ('1','0') ORDER BY id

20130923 12:04:50: misc-ping
  SELECT * FROM `zt_config` WHERE owner IN ('system','fujia') AND company IN ('1','0') ORDER BY id

20130923 12:09:11: misc-ping
  SELECT * FROM `zt_config` WHERE owner IN ('system','fujia') AND company IN ('1','0') ORDER BY id
  SELECT * FROM `zt_config` WHERE 1 = 1  AND company IN ('1') AND owner IN ('system') AND module IN ('common') AND section IN ('global') AND `key` IN ('sn')

20130923 12:09:43: misc-ping
  SELECT * FROM `zt_config` WHERE owner IN ('system','fujia') AND company IN ('1','0') ORDER BY id

20130923 12:09:50: misc-ping
  SELECT * FROM `zt_config` WHERE owner IN ('system','fujia') AND company IN ('1','0') ORDER BY id

20130923 12:14:11: misc-ping
  SELECT * FROM `zt_config` WHERE owner IN ('system','fujia') AND company IN ('1','0') ORDER BY id
  SELECT * FROM `zt_config` WHERE 1 = 1  AND company IN ('1') AND owner IN ('system') AND module IN ('common') AND section IN ('global') AND `key` IN ('sn')

20130923 12:14:43: misc-ping
  SELECT * FROM `zt_config` WHERE owner IN ('system','fujia') AND company IN ('1','0') ORDER BY id

20130923 12:14:51: misc-ping
  SELECT * FROM `zt_config` WHERE owner IN ('system','fujia') AND company IN ('1','0') ORDER BY id

20130923 12:19:11: misc-ping
  SELECT * FROM `zt_config` WHERE owner IN ('system','fujia') AND company IN ('1','0') ORDER BY id

20130923 12:19:43: misc-ping
  SELECT * FROM `zt_config` WHERE owner IN ('system','fujia') AND company IN ('1','0') ORDER BY id

20130923 12:19:51: misc-ping
  SELECT * FROM `zt_config` WHERE owner IN ('system','fujia') AND company IN ('1','0') ORDER BY id
  SELECT * FROM `zt_config` WHERE 1 = 1  AND company IN ('1') AND owner IN ('system') AND module IN ('common') AND section IN ('global') AND `key` IN ('sn')

20130923 12:24:11: misc-ping
  SELECT * FROM `zt_config` WHERE owner IN ('system','fujia') AND company IN ('1','0') ORDER BY id

20130923 12:24:43: misc-ping
  SELECT * FROM `zt_config` WHERE owner IN ('system','fujia') AND company IN ('1','0') ORDER BY id
  SELECT * FROM `zt_config` WHERE 1 = 1  AND company IN ('1') AND owner IN ('system') AND module IN ('common') AND section IN ('global') AND `key` IN ('sn')

20130923 12:24:51: misc-ping
  SELECT * FROM `zt_config` WHERE owner IN ('system','fujia') AND company IN ('1','0') ORDER BY id
  SELECT * FROM `zt_config` WHERE 1 = 1  AND company IN ('1') AND owner IN ('system') AND module IN ('common') AND section IN ('global') AND `key` IN ('sn')

20130923 12:29:11: misc-ping
  SELECT * FROM `zt_config` WHERE owner IN ('system','fujia') AND company IN ('1','0') ORDER BY id

20130923 12:29:43: misc-ping
  SELECT * FROM `zt_config` WHERE owner IN ('system','fujia') AND company IN ('1','0') ORDER BY id
  SELECT * FROM `zt_config` WHERE 1 = 1  AND company IN ('1') AND owner IN ('system') AND module IN ('common') AND section IN ('global') AND `key` IN ('sn')

20130923 12:29:52: misc-ping
  SELECT * FROM `zt_config` WHERE owner IN ('system','fujia') AND company IN ('1','0') ORDER BY id

20130923 12:34:12: misc-ping
  SELECT * FROM `zt_config` WHERE owner IN ('system','fujia') AND company IN ('1','0') ORDER BY id
  SELECT * FROM `zt_config` WHERE 1 = 1  AND company IN ('1') AND owner IN ('system') AND module IN ('common') AND section IN ('global') AND `key` IN ('sn')

20130923 12:34:43: misc-ping
  SELECT * FROM `zt_config` WHERE owner IN ('system','fujia') AND company IN ('1','0') ORDER BY id

20130923 12:34:52: misc-ping
  SELECT * FROM `zt_config` WHERE owner IN ('system','fujia') AND company IN ('1','0') ORDER BY id
  SELECT * FROM `zt_config` WHERE 1 = 1  AND company IN ('1') AND owner IN ('system') AND module IN ('common') AND section IN ('global') AND `key` IN ('sn')

20130923 12:39:12: misc-ping
  SELECT * FROM `zt_config` WHERE owner IN ('system','fujia') AND company IN ('1','0') ORDER BY id

20130923 12:39:44: misc-ping
  SELECT * FROM `zt_config` WHERE owner IN ('system','fujia') AND company IN ('1','0') ORDER BY id

20130923 12:39:52: misc-ping
  SELECT * FROM `zt_config` WHERE owner IN ('system','fujia') AND company IN ('1','0') ORDER BY id
  SELECT * FROM `zt_config` WHERE 1 = 1  AND company IN ('1') AND owner IN ('system') AND module IN ('common') AND section IN ('global') AND `key` IN ('sn')

20130923 12:44:12: misc-ping
  SELECT * FROM `zt_config` WHERE owner IN ('system','fujia') AND company IN ('1','0') ORDER BY id

20130923 12:44:44: misc-ping
  SELECT * FROM `zt_config` WHERE owner IN ('system','fujia') AND company IN ('1','0') ORDER BY id
  SELECT * FROM `zt_config` WHERE 1 = 1  AND company IN ('1') AND owner IN ('system') AND module IN ('common') AND section IN ('global') AND `key` IN ('sn')

20130923 12:44:52: misc-ping
  SELECT * FROM `zt_config` WHERE owner IN ('system','fujia') AND company IN ('1','0') ORDER BY id
  SELECT * FROM `zt_config` WHERE 1 = 1  AND company IN ('1') AND owner IN ('system') AND module IN ('common') AND section IN ('global') AND `key` IN ('sn')

20130923 12:49:12: misc-ping
  SELECT * FROM `zt_config` WHERE owner IN ('system','fujia') AND company IN ('1','0') ORDER BY id
  SELECT * FROM `zt_config` WHERE 1 = 1  AND company IN ('1') AND owner IN ('system') AND module IN ('common') AND section IN ('global') AND `key` IN ('sn')

20130923 12:49:44: misc-ping
  SELECT * FROM `zt_config` WHERE owner IN ('system','fujia') AND company IN ('1','0') ORDER BY id

20130923 12:49:53: misc-ping
  SELECT * FROM `zt_config` WHERE owner IN ('system','fujia') AND company IN ('1','0') ORDER BY id
  SELECT * FROM `zt_config` WHERE 1 = 1  AND company IN ('1') AND owner IN ('system') AND module IN ('common') AND section IN ('global') AND `key` IN ('sn')

20130923 12:54:12: misc-ping
  SELECT * FROM `zt_config` WHERE owner IN ('system','fujia') AND company IN ('1','0') ORDER BY id

20130923 12:54:44: misc-ping
  SELECT * FROM `zt_config` WHERE owner IN ('system','fujia') AND company IN ('1','0') ORDER BY id

20130923 12:54:53: misc-ping
  SELECT * FROM `zt_config` WHERE owner IN ('system','fujia') AND company IN ('1','0') ORDER BY id

20130923 12:59:13: misc-ping
  SELECT * FROM `zt_config` WHERE owner IN ('system','fujia') AND company IN ('1','0') ORDER BY id
  SELECT * FROM `zt_config` WHERE 1 = 1  AND company IN ('1') AND owner IN ('system') AND module IN ('common') AND section IN ('global') AND `key` IN ('sn')

20130923 12:59:44: misc-ping
  SELECT * FROM `zt_config` WHERE owner IN ('system','fujia') AND company IN ('1','0') ORDER BY id

20130923 12:59:53: misc-ping
  SELECT * FROM `zt_config` WHERE owner IN ('system','fujia') AND company IN ('1','0') ORDER BY id
  SELECT * FROM `zt_config` WHERE 1 = 1  AND company IN ('1') AND owner IN ('system') AND module IN ('common') AND section IN ('global') AND `key` IN ('sn')

20130923 13:04:13: misc-ping
  SELECT * FROM `zt_config` WHERE owner IN ('system','fujia') AND company IN ('1','0') ORDER BY id

20130923 13:04:44: misc-ping
  SELECT * FROM `zt_config` WHERE owner IN ('system','fujia') AND company IN ('1','0') ORDER BY id

20130923 13:04:53: misc-ping
  SELECT * FROM `zt_config` WHERE owner IN ('system','fujia') AND company IN ('1','0') ORDER BY id
  SELECT * FROM `zt_config` WHERE 1 = 1  AND company IN ('1') AND owner IN ('system') AND module IN ('common') AND section IN ('global') AND `key` IN ('sn')

20130923 13:09:13: misc-ping
  SELECT * FROM `zt_config` WHERE owner IN ('system','fujia') AND company IN ('1','0') ORDER BY id
  SELECT * FROM `zt_config` WHERE 1 = 1  AND company IN ('1') AND owner IN ('system') AND module IN ('common') AND section IN ('global') AND `key` IN ('sn')

20130923 13:09:45: misc-ping
  SELECT * FROM `zt_config` WHERE owner IN ('system','fujia') AND company IN ('1','0') ORDER BY id
  SELECT * FROM `zt_config` WHERE 1 = 1  AND company IN ('1') AND owner IN ('system') AND module IN ('common') AND section IN ('global') AND `key` IN ('sn')

20130923 13:09:54: misc-ping
  SELECT * FROM `zt_config` WHERE owner IN ('system','fujia') AND company IN ('1','0') ORDER BY id
  SELECT * FROM `zt_config` WHERE 1 = 1  AND company IN ('1') AND owner IN ('system') AND module IN ('common') AND section IN ('global') AND `key` IN ('sn')

20130923 13:14:13: misc-ping
  SELECT * FROM `zt_config` WHERE owner IN ('system','fujia') AND company IN ('1','0') ORDER BY id
  SELECT * FROM `zt_config` WHERE 1 = 1  AND company IN ('1') AND owner IN ('system') AND module IN ('common') AND section IN ('global') AND `key` IN ('sn')

20130923 13:14:45: misc-ping
  SELECT * FROM `zt_config` WHERE owner IN ('system','fujia') AND company IN ('1','0') ORDER BY id

20130923 13:14:54: misc-ping
  SELECT * FROM `zt_config` WHERE owner IN ('system','fujia') AND company IN ('1','0') ORDER BY id

20130923 13:19:14: misc-ping
  SELECT * FROM `zt_config` WHERE owner IN ('system','fujia') AND company IN ('1','0') ORDER BY id

20130923 13:19:45: misc-ping
  SELECT * FROM `zt_config` WHERE owner IN ('system','fujia') AND company IN ('1','0') ORDER BY id

20130923 13:19:54: misc-ping
  SELECT * FROM `zt_config` WHERE owner IN ('system','fujia') AND company IN ('1','0') ORDER BY id
  SELECT * FROM `zt_config` WHERE 1 = 1  AND company IN ('1') AND owner IN ('system') AND module IN ('common') AND section IN ('global') AND `key` IN ('sn')

20130923 13:24:14: misc-ping
  SELECT * FROM `zt_config` WHERE owner IN ('system','fujia') AND company IN ('1','0') ORDER BY id

20130923 13:24:45: misc-ping
  SELECT * FROM `zt_config` WHERE owner IN ('system','fujia') AND company IN ('1','0') ORDER BY id
  SELECT * FROM `zt_config` WHERE 1 = 1  AND company IN ('1') AND owner IN ('system') AND module IN ('common') AND section IN ('global') AND `key` IN ('sn')

20130923 13:24:54: misc-ping
  SELECT * FROM `zt_config` WHERE owner IN ('system','fujia') AND company IN ('1','0') ORDER BY id

20130923 13:29:14: misc-ping
  SELECT * FROM `zt_config` WHERE owner IN ('system','fujia') AND company IN ('1','0') ORDER BY id
  SELECT * FROM `zt_config` WHERE 1 = 1  AND company IN ('1') AND owner IN ('system') AND module IN ('common') AND section IN ('global') AND `key` IN ('sn')

20130923 13:29:45: misc-ping
  SELECT * FROM `zt_config` WHERE owner IN ('system','fujia') AND company IN ('1','0') ORDER BY id
  SELECT * FROM `zt_config` WHERE 1 = 1  AND company IN ('1') AND owner IN ('system') AND module IN ('common') AND section IN ('global') AND `key` IN ('sn')

20130923 13:29:55: misc-ping
  SELECT * FROM `zt_config` WHERE owner IN ('system','fujia') AND company IN ('1','0') ORDER BY id
  SELECT * FROM `zt_config` WHERE 1 = 1  AND company IN ('1') AND owner IN ('system') AND module IN ('common') AND section IN ('global') AND `key` IN ('sn')

20130923 13:34:14: misc-ping
  SELECT * FROM `zt_config` WHERE owner IN ('system','fujia') AND company IN ('1','0') ORDER BY id

20130923 13:34:46: misc-ping
  SELECT * FROM `zt_config` WHERE owner IN ('system','fujia') AND company IN ('1','0') ORDER BY id

20130923 13:34:55: misc-ping
  SELECT * FROM `zt_config` WHERE owner IN ('system','fujia') AND company IN ('1','0') ORDER BY id

20130923 13:39:14: misc-ping
  SELECT * FROM `zt_config` WHERE owner IN ('system','fujia') AND company IN ('1','0') ORDER BY id

20130923 13:39:46: misc-ping
  SELECT * FROM `zt_config` WHERE owner IN ('system','fujia') AND company IN ('1','0') ORDER BY id
  SELECT * FROM `zt_config` WHERE 1 = 1  AND company IN ('1') AND owner IN ('system') AND module IN ('common') AND section IN ('global') AND `key` IN ('sn')

20130923 13:39:55: misc-ping
  SELECT * FROM `zt_config` WHERE owner IN ('system','fujia') AND company IN ('1','0') ORDER BY id

20130923 13:44:15: misc-ping
  SELECT * FROM `zt_config` WHERE owner IN ('system','fujia') AND company IN ('1','0') ORDER BY id

20130923 13:44:46: misc-ping
  SELECT * FROM `zt_config` WHERE owner IN ('system','fujia') AND company IN ('1','0') ORDER BY id

20130923 13:44:55: misc-ping
  SELECT * FROM `zt_config` WHERE owner IN ('system','fujia') AND company IN ('1','0') ORDER BY id

20130923 13:49:20: user-login-L3plbnRhby8=
  SELECT * FROM `zt_company` WHERE `pms` = 'localhost:88' 
  SELECT * FROM `zt_company` WHERE `pms` = 'localhost' 
  SELECT * FROM `zt_config` WHERE owner IN ('system','') AND company IN ('1','0') ORDER BY id

20130923 13:50:21: misc-ping
  SELECT * FROM `zt_config` WHERE owner IN ('system','') AND company IN ('1','0') ORDER BY id

20130923 13:50:21: user-login-L3plbnRhby9taXNjLXBpbmcuaHRtbA==
  SELECT * FROM `zt_config` WHERE owner IN ('system','') AND company IN ('1','0') ORDER BY id

20130923 13:54:52: user-login-L3plbnRhby8=
  SELECT * FROM `zt_config` WHERE owner IN ('system','') AND company IN ('1','0') ORDER BY id
  SELECT locked FROM `zt_user` WHERE account  = 'fujia' AND  `zt_user`.company = '1' 
  SELECT * FROM `zt_user` WHERE account  = 'fujia' AND password  = 'a4385e22e023442f25680a4bd2eb8e22' AND deleted  = '0' AND  `zt_user`.company = '1' 
  UPDATE `zt_user` SET  visits = visits + 1 , ip = '::1', last = '1379915692' WHERE account  = 'fujia' AND  `zt_user`.company = '1' 
  UPDATE `zt_user` SET  fails  = '0', locked = '0000-00-00 00:00:00' WHERE account  = 'fujia'
  SELECT module, method FROM `zt_userGroup` AS t1  LEFT JOIN `zt_groupPriv` AS t2  ON t1.group = t2.group  WHERE t1.account  = 'fujia' AND  t1.company = '1' 
  SELECT `group` FROM `zt_userGroup` WHERE `account` = 'fujia'  AND  `zt_userGroup`.company = '1' 
  INSERT INTO `zt_action` SET `objectType` = 'user',`objectID` = '227',`actor` = 'fujia',`action` = 'login',`date` = '2013-09-23 13:54:52',`comment` = '',`extra` = '',`product` = ',0,',`project` = '0',`company` = '1'

20130923 13:54:53: 
  SELECT * FROM `zt_config` WHERE owner IN ('system','fujia') AND company IN ('1','0') ORDER BY id

20130923 13:54:55: my
  SELECT * FROM `zt_config` WHERE owner IN ('system','fujia') AND company IN ('1','0') ORDER BY id
  SELECT *, IF(INSTR(" done", status) < 2, 0, 1) AS isDone FROM `zt_project` WHERE iscat  = '0' AND status  != 'done' AND deleted  = '0'  AND  `zt_project`.company = '1'  ORDER BY isDone, `order`, status
  SELECT id, project, estimate, consumed, `left`, status, closedReason FROM `zt_task` WHERE project IN ('50','8','9','10','11','13','14','16','17','18','20','22','23','24','25','27','28','29','30','31','32','33','35','36','37','34','38','39','41','42','43','45','51','53','52','54','55','56','57','15','21','44','46','66','58','59','60','61','62','63','64','65') AND deleted  = '0' AND  `zt_task`.company = '1' 
  SELECT project, date AS name, `left` AS value FROM `zt_burn` WHERE project IN ('50','8','9','10','11','13','14','16','17','18','20','22','23','24','25','27','28','29','30','31','32','33','35','36','37','34','38','39','41','42','43','45','51','53','52','54','55','56','57','15','21','44','46','66','58','59','60','61','62','63','64','65')  AND  `zt_burn`.company = '1'  ORDER BY date desc
  SELECT * FROM `zt_product` WHERE deleted  = '0' AND status  != 'closed'  AND  `zt_product`.company = '1'  ORDER BY `order` asc
  SELECT product, status, count(status) AS count FROM `zt_story` WHERE deleted  = '0' AND product IN ('35','7','11','12','13','14','15','16','17','18','20','21','27','25','26','28','29','30','31','32','36','37','38','39','40','41','42','43','44')  AND  `zt_story`.company = '1'  GROUP BY product, status
  SELECT product, count(*) AS count FROM `zt_productPlan` WHERE deleted  = '0' AND product IN ('35','7','11','12','13','14','15','16','17','18','20','21','27','25','26','28','29','30','31','32','36','37','38','39','40','41','42','43','44') AND end  > '2013-09-23 13:54:53'  AND  `zt_productPlan`.company = '1'  GROUP BY product
  SELECT product, count(*) AS count FROM `zt_release` WHERE deleted  = '0' AND product IN ('35','7','11','12','13','14','15','16','17','18','20','21','27','25','26','28','29','30','31','32','36','37','38','39','40','41','42','43','44')  AND  `zt_release`.company = '1'  GROUP BY product
  SELECT product,count(*) AS conut FROM `zt_bug` WHERE deleted  = '0' AND product IN ('35','7','11','12','13','14','15','16','17','18','20','21','27','25','26','28','29','30','31','32','36','37','38','39','40','41','42','43','44')  AND  `zt_bug`.company = '1'  GROUP BY product
  SELECT product,count(*) AS count FROM `zt_bug` WHERE status  = 'active' AND deleted  = '0' AND product IN ('35','7','11','12','13','14','15','16','17','18','20','21','27','25','26','28','29','30','31','32','36','37','38','39','40','41','42','43','44')  AND  `zt_bug`.company = '1'  GROUP BY product
  SELECT product,count(*) AS count FROM `zt_bug` WHERE AssignedTo  = '' AND deleted  = '0' AND product IN ('35','7','11','12','13','14','15','16','17','18','20','21','27','25','26','28','29','30','31','32','36','37','38','39','40','41','42','43','44')  AND  `zt_bug`.company = '1'  GROUP BY product
  SELECT * FROM `zt_action` WHERE 1  AND date  > '2013-09-21' AND date  < '2013-09-24'  AND  `zt_action`.company = '1'  ORDER BY date desc  limit 0, 14 
  SELECT commiter, account, realname FROM `zt_user` WHERE commiter  != '' AND  `zt_user`.company = '1' 
  SELECT id, account AS name FROM `zt_user` WHERE id IN ('227') AND  `zt_user`.company = '1' 
  SELECT * FROM `zt_todo` WHERE account  = 'fujia' AND date >= '1970-01-01'  AND date <= '2109-01-01'  AND status IN ('wait','doing')  AND  `zt_todo`.company = '1'  ORDER BY date, status, begin LIMIT 10 
  SELECT * FROM `zt_todo` WHERE account  = 'fujia' AND date >= '1970-01-01'  AND date <= '2109-01-01'  AND status IN ('wait','doing') ORDER BY date, status, begin LIMIT 10 
  SELECT t1.*, t2.id as projectID, t2.name as projectName, t3.id as storyID, t3.title as storyTitle, t3.status AS storyStatus, t3.version AS latestStoryVersion FROM `zt_task` AS t1  LEFT JOIN `zt_project` AS t2  ON t1.project = t2.id  LEFT JOIN `zt_story` AS t3  ON t1.story = t3.id  WHERE t1.deleted  = '0' AND t1.assignedTo  = 'fujia'  AND  t1.company = '1'  ORDER BY id desc LIMIT 10 
  SELECT t1.*, t2.id as projectID, t2.name as projectName, t3.id as storyID, t3.title as storyTitle, t3.status AS storyStatus, t3.version AS latestStoryVersion FROM `zt_task` AS t1  LEFT JOIN `zt_project` AS t2  ON t1.project = t2.id  LEFT JOIN `zt_story` AS t3  ON t1.story = t3.id  WHERE t1.deleted  = '0' AND t1.assignedTo  = 'fujia' ORDER BY id desc LIMIT 10 
  SELECT t1.id, t1.title, t2.name as product FROM `zt_bug` AS t1  LEFT JOIN `zt_product` AS t2  ON t1.product=t2.id  WHERE t1.assignedTo  = 'fujia' AND t1.deleted  = '0'  AND  t1.company = '1'  ORDER BY id desc LIMIT 10 
  SELECT id, title FROM `zt_story` WHERE deleted  = '0' AND assignedTo  = 'fujia'  AND  `zt_story`.company = '1'  ORDER BY id desc LIMIT 10 
  SELECT account, realname FROM `zt_user`  WHERE  `zt_user`.company = '1'  ORDER BY account

20130923 13:54:58: report
  SELECT * FROM `zt_config` WHERE owner IN ('system','fujia') AND company IN ('1','0') ORDER BY id

20130923 13:54:58: report-productinfo
  SELECT * FROM `zt_config` WHERE owner IN ('system','fujia') AND company IN ('1','0') ORDER BY id
  SELECT id, code, name, PO FROM `zt_product` WHERE deleted  = '0' AND  `zt_product`.company = '1' 
  SELECT * FROM `zt_productPlan` WHERE deleted  = '0' AND product IN ('35','7','11','12','13','14','15','16','17','18','20','21','27','25','26','28','29','30','31','32','36','37','38','39','40','41','42','43','44') AND  `zt_productPlan`.company = '1' 
  SELECT plan, id, status FROM `zt_story` WHERE deleted  = '0' AND plan IN ('1','2','3','4','5','6','7','8','9','11','12','17','19','20','21','22','23','24','25','26','28','29','30','31','32','33','34','35','113','36','37','38','39','40','41','42','43','44','45','46','47','48','49','50','51','52','53','54','55','56','57','58','59','60','61','65','66','67','68','69','70','71','72','73','74','75','81','76','77','78','79','80','83','84','85','86','87','88','89','90','91','92','93','94','117','95','96','97','98','99','100','101','102','103','104','105','106','107','108','109','111','112','114','115','116','118','119','120','121','122','123','124','125','126','127','128','129','130','131','132','133','134','135','136','137','138','139','140') AND  `zt_story`.company = '1' 
  SELECT product, id, status FROM `zt_story` WHERE deleted  = '0' AND plan  = '0' AND product IN ('35','7','11','12','13','14','15','16','17','18','20','21','27','25','26','28','29','30','31','32','36','37','38','39','40','41','42','43','44') AND  `zt_story`.company = '1' 
  SELECT account, realname FROM `zt_user`  WHERE  `zt_user`.company = '1'  ORDER BY account

20130923 13:55:08: report-weeklyreport
  SELECT * FROM `zt_config` WHERE owner IN ('system','fujia') AND company IN ('1','0') ORDER BY id

20130923 13:56:08: misc-ping
  SELECT * FROM `zt_config` WHERE owner IN ('system','fujia') AND company IN ('1','0') ORDER BY id

20130923 14:01:08: misc-ping
  SELECT * FROM `zt_config` WHERE owner IN ('system','fujia') AND company IN ('1','0') ORDER BY id
  SELECT * FROM `zt_config` WHERE 1 = 1  AND company IN ('1') AND owner IN ('system') AND module IN ('common') AND section IN ('global') AND `key` IN ('sn')

20130923 14:06:08: misc-ping
  SELECT * FROM `zt_config` WHERE owner IN ('system','fujia') AND company IN ('1','0') ORDER BY id

20130923 14:11:09: misc-ping
  SELECT * FROM `zt_config` WHERE owner IN ('system','fujia') AND company IN ('1','0') ORDER BY id

20130923 14:16:09: misc-ping
  SELECT * FROM `zt_config` WHERE owner IN ('system','fujia') AND company IN ('1','0') ORDER BY id

20130923 14:21:09: misc-ping
  SELECT * FROM `zt_config` WHERE owner IN ('system','fujia') AND company IN ('1','0') ORDER BY id

20130923 14:26:09: misc-ping
  SELECT * FROM `zt_config` WHERE owner IN ('system','fujia') AND company IN ('1','0') ORDER BY id
  SELECT * FROM `zt_config` WHERE 1 = 1  AND company IN ('1') AND owner IN ('system') AND module IN ('common') AND section IN ('global') AND `key` IN ('sn')

20130923 14:31:09: misc-ping
  SELECT * FROM `zt_config` WHERE owner IN ('system','fujia') AND company IN ('1','0') ORDER BY id
  SELECT * FROM `zt_config` WHERE 1 = 1  AND company IN ('1') AND owner IN ('system') AND module IN ('common') AND section IN ('global') AND `key` IN ('sn')

