20130922 09:58:16: user-login-L3plbnRhby8=
  SELECT * FROM `zt_company` WHERE `pms` = 'localhost:88' 
  SELECT * FROM `zt_company` WHERE `pms` = 'localhost' 
  SELECT * FROM `zt_config` WHERE owner IN ('system','') AND company IN ('1','0') ORDER BY id

20130922 09:58:19: user-login-L3plbnRhby8=
  SELECT * FROM `zt_config` WHERE owner IN ('system','') AND company IN ('1','0') ORDER BY id
  SELECT locked FROM `zt_user` WHERE account  = 'fujia' AND  `zt_user`.company = '1' 
  SELECT * FROM `zt_user` WHERE account  = 'fujia' AND password  = 'a4385e22e023442f25680a4bd2eb8e22' AND deleted  = '0' AND  `zt_user`.company = '1' 
  UPDATE `zt_user` SET  visits = visits + 1 , ip = '::1', last = '1379815099' WHERE account  = 'fujia' AND  `zt_user`.company = '1' 
  UPDATE `zt_user` SET  fails  = '0', locked = '0000-00-00 00:00:00' WHERE account  = 'fujia'
  SELECT module, method FROM `zt_userGroup` AS t1  LEFT JOIN `zt_groupPriv` AS t2  ON t1.group = t2.group  WHERE t1.account  = 'fujia' AND  t1.company = '1' 
  SELECT `group` FROM `zt_userGroup` WHERE `account` = 'fujia'  AND  `zt_userGroup`.company = '1' 
  INSERT INTO `zt_action` SET `objectType` = 'user',`objectID` = '227',`actor` = 'fujia',`action` = 'login',`date` = '2013-09-22 09:58:19',`comment` = '',`extra` = '',`product` = ',0,',`project` = '0',`company` = '1'

20130922 09:58:20: index
  SELECT * FROM `zt_config` WHERE owner IN ('system','fujia') AND company IN ('1','0') ORDER BY id

20130922 09:58:22: my
  SELECT * FROM `zt_config` WHERE owner IN ('system','fujia') AND company IN ('1','0') ORDER BY id
  SELECT *, IF(INSTR(" done", status) < 2, 0, 1) AS isDone FROM `zt_project` WHERE iscat  = '0' AND status  != 'done' AND deleted  = '0'  AND  `zt_project`.company = '1'  ORDER BY isDone, `order`, status
  SELECT id, project, estimate, consumed, `left`, status, closedReason FROM `zt_task` WHERE project IN ('50','8','9','10','11','13','14','16','17','18','20','22','23','24','25','27','28','29','30','31','32','33','35','36','37','34','38','39','41','42','43','45','51','53','52','54','55','56','57','15','21','44','46','66','58','59','60','61','62','63','64','65') AND deleted  = '0' AND  `zt_task`.company = '1' 
  SELECT project, date AS name, `left` AS value FROM `zt_burn` WHERE project IN ('50','8','9','10','11','13','14','16','17','18','20','22','23','24','25','27','28','29','30','31','32','33','35','36','37','34','38','39','41','42','43','45','51','53','52','54','55','56','57','15','21','44','46','66','58','59','60','61','62','63','64','65')  AND  `zt_burn`.company = '1'  ORDER BY date desc
  SELECT * FROM `zt_product` WHERE deleted  = '0' AND status  != 'closed'  AND  `zt_product`.company = '1'  ORDER BY `order` asc
  SELECT product, status, count(status) AS count FROM `zt_story` WHERE deleted  = '0' AND product IN ('35','7','11','12','13','14','15','16','17','18','20','21','27','25','26','28','29','30','31','32','36','37','38','39','40','41','42','43','44')  AND  `zt_story`.company = '1'  GROUP BY product, status
  SELECT product, count(*) AS count FROM `zt_productPlan` WHERE deleted  = '0' AND product IN ('35','7','11','12','13','14','15','16','17','18','20','21','27','25','26','28','29','30','31','32','36','37','38','39','40','41','42','43','44') AND end  > '2013-09-22 09:58:20'  AND  `zt_productPlan`.company = '1'  GROUP BY product
  SELECT product, count(*) AS count FROM `zt_release` WHERE deleted  = '0' AND product IN ('35','7','11','12','13','14','15','16','17','18','20','21','27','25','26','28','29','30','31','32','36','37','38','39','40','41','42','43','44')  AND  `zt_release`.company = '1'  GROUP BY product
  SELECT product,count(*) AS conut FROM `zt_bug` WHERE deleted  = '0' AND product IN ('35','7','11','12','13','14','15','16','17','18','20','21','27','25','26','28','29','30','31','32','36','37','38','39','40','41','42','43','44')  AND  `zt_bug`.company = '1'  GROUP BY product
  SELECT product,count(*) AS count FROM `zt_bug` WHERE status  = 'active' AND deleted  = '0' AND product IN ('35','7','11','12','13','14','15','16','17','18','20','21','27','25','26','28','29','30','31','32','36','37','38','39','40','41','42','43','44')  AND  `zt_bug`.company = '1'  GROUP BY product
  SELECT product,count(*) AS count FROM `zt_bug` WHERE AssignedTo  = '' AND deleted  = '0' AND product IN ('35','7','11','12','13','14','15','16','17','18','20','21','27','25','26','28','29','30','31','32','36','37','38','39','40','41','42','43','44')  AND  `zt_bug`.company = '1'  GROUP BY product
  SELECT * FROM `zt_action` WHERE 1  AND date  > '2013-09-20' AND date  < '2013-09-23'  AND  `zt_action`.company = '1'  ORDER BY date desc  limit 0, 14 
  SELECT commiter, account, realname FROM `zt_user` WHERE commiter  != '' AND  `zt_user`.company = '1' 
  SELECT id, account AS name FROM `zt_user` WHERE id IN ('227') AND  `zt_user`.company = '1' 
  SELECT * FROM `zt_todo` WHERE account  = 'fujia' AND date >= '1970-01-01'  AND date <= '2109-01-01'  AND status IN ('wait','doing')  AND  `zt_todo`.company = '1'  ORDER BY date, status, begin LIMIT 10 
  SELECT * FROM `zt_todo` WHERE account  = 'fujia' AND date >= '1970-01-01'  AND date <= '2109-01-01'  AND status IN ('wait','doing') ORDER BY date, status, begin LIMIT 10 
  SELECT t1.*, t2.id as projectID, t2.name as projectName, t3.id as storyID, t3.title as storyTitle, t3.status AS storyStatus, t3.version AS latestStoryVersion FROM `zt_task` AS t1  LEFT JOIN `zt_project` AS t2  ON t1.project = t2.id  LEFT JOIN `zt_story` AS t3  ON t1.story = t3.id  WHERE t1.deleted  = '0' AND t1.assignedTo  = 'fujia'  AND  t1.company = '1'  ORDER BY id desc LIMIT 10 
  SELECT t1.*, t2.id as projectID, t2.name as projectName, t3.id as storyID, t3.title as storyTitle, t3.status AS storyStatus, t3.version AS latestStoryVersion FROM `zt_task` AS t1  LEFT JOIN `zt_project` AS t2  ON t1.project = t2.id  LEFT JOIN `zt_story` AS t3  ON t1.story = t3.id  WHERE t1.deleted  = '0' AND t1.assignedTo  = 'fujia' ORDER BY id desc LIMIT 10 
  SELECT t1.id, t1.title, t2.name as product FROM `zt_bug` AS t1  LEFT JOIN `zt_product` AS t2  ON t1.product=t2.id  WHERE t1.assignedTo  = 'fujia' AND t1.deleted  = '0'  AND  t1.company = '1'  ORDER BY id desc LIMIT 10 
  SELECT id, title FROM `zt_story` WHERE deleted  = '0' AND assignedTo  = 'fujia'  AND  `zt_story`.company = '1'  ORDER BY id desc LIMIT 10 
  SELECT account, realname FROM `zt_user`  WHERE  `zt_user`.company = '1'  ORDER BY account

20130922 09:58:33: report
  SELECT * FROM `zt_config` WHERE owner IN ('system','fujia') AND company IN ('1','0') ORDER BY id

20130922 09:58:33: report-productinfo
  SELECT * FROM `zt_config` WHERE owner IN ('system','fujia') AND company IN ('1','0') ORDER BY id
  SELECT id, code, name, PO FROM `zt_product` WHERE deleted  = '0' AND  `zt_product`.company = '1' 
  SELECT * FROM `zt_productPlan` WHERE deleted  = '0' AND product IN ('35','7','11','12','13','14','15','16','17','18','20','21','27','25','26','28','29','30','31','32','36','37','38','39','40','41','42','43','44') AND  `zt_productPlan`.company = '1' 
  SELECT plan, id, status FROM `zt_story` WHERE deleted  = '0' AND plan IN ('1','2','3','4','5','6','7','8','9','11','12','17','19','20','21','22','23','24','25','26','28','29','30','31','32','33','34','35','113','36','37','38','39','40','41','42','43','44','45','46','47','48','49','50','51','52','53','54','55','56','57','58','59','60','61','65','66','67','68','69','70','71','72','73','74','75','81','76','77','78','79','80','83','84','85','86','87','88','89','90','91','92','93','94','117','95','96','97','98','99','100','101','102','103','104','105','106','107','108','109','111','112','114','115','116','118','119','120','121','122','123','124','125','126','127','128','129','130','131','132','133','134','135','136','137','138','139','140') AND  `zt_story`.company = '1' 
  SELECT product, id, status FROM `zt_story` WHERE deleted  = '0' AND plan  = '0' AND product IN ('35','7','11','12','13','14','15','16','17','18','20','21','27','25','26','28','29','30','31','32','36','37','38','39','40','41','42','43','44') AND  `zt_story`.company = '1' 
  SELECT account, realname FROM `zt_user`  WHERE  `zt_user`.company = '1'  ORDER BY account

20130922 09:58:42: report-projectdeviation
  SELECT * FROM `zt_config` WHERE owner IN ('system','fujia') AND company IN ('1','0') ORDER BY id
  SELECT t1.* FROM `zt_task` AS t1  LEFT JOIN `zt_project` AS t2  ON t1.project = t2.id  WHERE t1.status  != 'cancel' AND t1.deleted  = '0' AND t2.deleted  = '0' AND  t1.company = '1' 
  SELECT t1.project FROM `zt_bug` AS t1  LEFT JOIN `zt_project` AS t2  ON t1.project = t2.id  WHERE t1.deleted  = '0' AND t2.deleted  = '0' AND  t1.company = '1' 
  SELECT t1.project FROM `zt_projectStory` AS t1  LEFT JOIN `zt_project` AS t2  ON t1.project = t2.id  LEFT JOIN `zt_story` AS t3  ON t1.story = t3.id  WHERE t2.deleted  = '0' AND t3.deleted  = '0' AND  t1.company = '1' 
  SELECT id, name, status FROM `zt_project` WHERE  `zt_project`.company = '1' 

20130922 09:58:46: report-bugsummary
  SELECT * FROM `zt_config` WHERE owner IN ('system','fujia') AND company IN ('1','0') ORDER BY id
  SELECT id, resolution, openedBy, status FROM `zt_bug` WHERE deleted  = '0' AND openedDate  >= '2013-08-22' AND openedDate  <= '20130923' AND  `zt_bug`.company = '1' 
  SELECT account, realname FROM `zt_user` WHERE deleted  = '0'  AND  `zt_user`.company = '1'  ORDER BY account

20130922 09:58:49: report-workload
  SELECT * FROM `zt_config` WHERE owner IN ('system','fujia') AND company IN ('1','0') ORDER BY id
  SELECT t1.*, t2.name as projectName FROM `zt_task` AS t1  LEFT JOIN `zt_project` AS t2  ON t1.project = t2.id  WHERE t1.deleted  = '0' AND t1.status  NOT IN ('cancel','closed','done') AND t2.deleted  = '0' AND  t1.company = '1' 
  SELECT account, realname FROM `zt_user` WHERE deleted  = '0'  AND  `zt_user`.company = '1'  ORDER BY account

20130922 09:59:11: project
  SELECT * FROM `zt_config` WHERE owner IN ('system','fujia') AND company IN ('1','0') ORDER BY id
  SELECT *, IF(INSTR(" done", status) < 2, 0, 1) AS isDone FROM `zt_project` WHERE iscat  = '0' AND deleted  = '0'  AND  `zt_project`.company = '1'  ORDER BY isDone, `order`, status

20130922 09:59:13: project-task
  SELECT * FROM `zt_config` WHERE owner IN ('system','fujia') AND company IN ('1','0') ORDER BY id
  SELECT *, IF(INSTR(" done", status) < 2, 0, 1) AS isDone FROM `zt_project` WHERE iscat  = '0' AND deleted  = '0'  AND  `zt_project`.company = '1'  ORDER BY isDone, `order`, status
  SELECT * FROM `zt_project` WHERE `id` = '50'  AND  `zt_project`.company = '1' 
  SELECT 
            SUM(estimate) AS totalEstimate, 
            SUM(consumed) AS totalConsumed, 
            SUM(`left`) AS totalLeft FROM `zt_task` WHERE project  = '50' AND status  != 'cancel' AND deleted  = '0' AND  `zt_task`.company = '1' 
  SELECT sum(days * hours) AS totalHours FROM `zt_team` WHERE project  = '50' AND  `zt_team`.company = '1' 
  SELECT t2.id, t2.name FROM `zt_projectProduct` AS t1  LEFT JOIN `zt_product` AS t2  ON t1.product = t2.id  WHERE t1.project  = '50' AND  t1.company = '1' 
  SELECT id, name FROM `zt_project` WHERE parent  = '50' AND  `zt_project`.company = '1' 
  SELECT t1.*, t1.hours * t1.days AS totalHours, t2.realname FROM `zt_team` AS t1  LEFT JOIN `zt_user` AS t2  ON t1.account = t2.account  WHERE t1.project  = '50' AND t2.company  = '1' AND  t1.company = '1' 
  SELECT commiter, account, realname FROM `zt_user` WHERE commiter  != '' AND  `zt_user`.company = '1' 
  SELECT * FROM `zt_action` WHERE objectType  = 'project' AND objectID  = '50'  AND  `zt_action`.company = '1'  ORDER BY date, id
  SELECT * FROM `zt_history` WHERE action IN ('130','2839','2850','5766','35807')  AND  `zt_history`.company = '1'  ORDER BY id
  SELECT * FROM `zt_project` WHERE `id` = '50'  AND  `zt_project`.company = '1' 
  SELECT 
            SUM(estimate) AS totalEstimate, 
            SUM(consumed) AS totalConsumed, 
            SUM(`left`) AS totalLeft FROM `zt_task` WHERE project  = '50' AND status  != 'cancel' AND deleted  = '0' AND  `zt_task`.company = '1' 
  SELECT sum(days * hours) AS totalHours FROM `zt_team` WHERE project  = '50' AND  `zt_team`.company = '1' 
  SELECT *,  IF(INSTR(" closed", status) < 2, 0, 1) AS isClosed FROM `zt_product` WHERE deleted  = '0'  AND  `zt_product`.company = '1'  ORDER BY isClosed, `order`
  SELECT t1.id, t1.name,t1.status, t2.product FROM `zt_project` AS t1  LEFT JOIN `zt_projectProduct` AS t2  ON t1.id = t2.project  WHERE t1.deleted  = '0'  AND  t1.company = '1'  ORDER BY t1.order
  SELECT *, IF(INSTR(" done", status) < 2, 0, 1) AS isDone FROM `zt_project` WHERE iscat  = '0' AND deleted  = '0'  AND  `zt_project`.company = '1'  ORDER BY isDone, `order`, status
  SELECT t1.*, t2.id AS storyID, t2.title AS storyTitle, t2.version AS latestStoryVersion, t2.status AS storyStatus, t3.realname AS assignedToRealName FROM `zt_task` AS t1  LEFT JOIN `zt_story` AS t2  ON t1.story = t2.id  LEFT JOIN `zt_user` AS t3  ON t1.assignedTo = t3.account  WHERE t1.project  = '50' AND t1.deleted  = '0'  AND  t1.company = '1'  ORDER BY statusCustom,id desc
  SELECT COUNT(*) AS recTotal FROM `zt_task` AS t1  LEFT JOIN `zt_story` AS t2  ON t1.story = t2.id  LEFT JOIN `zt_user` AS t3  ON t1.assignedTo = t3.account  WHERE t1.project  = '50' AND t1.deleted  = '0'  AND  t1.company = '1'  
  SELECT t1.*, t2.id AS storyID, t2.title AS storyTitle, t2.version AS latestStoryVersion, t2.status AS storyStatus, t3.realname AS assignedToRealName FROM `zt_task` AS t1  LEFT JOIN `zt_story` AS t2  ON t1.story = t2.id  LEFT JOIN `zt_user` AS t3  ON t1.assignedTo = t3.account  WHERE t1.project  = '50' AND t1.deleted  = '0'  AND  t1.company = '1'  ORDER BY statusCustom,id desc  limit 0, 100 
  SELECT t1.*, t2.id AS storyID, t2.title AS storyTitle, t2.version AS latestStoryVersion, t2.status AS storyStatus, t3.realname AS assignedToRealName FROM `zt_task` AS t1  LEFT JOIN `zt_story` AS t2  ON t1.story = t2.id  LEFT JOIN `zt_user` AS t3  ON t1.assignedTo = t3.account  WHERE t1.project  = '50' AND t1.deleted  = '0' ORDER BY statusCustom,id desc  limit 0, 100 
  SELECT * FROM `zt_module` WHERE root  = '50' AND type  = 'task'  AND  `zt_module`.company = '1'  ORDER BY grade desc, `order`
  SELECT account, realname FROM `zt_user`  WHERE  `zt_user`.company = '1'  ORDER BY account
  SELECT * FROM `zt_module` WHERE root  = '50' AND type  = 'task'  AND  `zt_module`.company = '1'  ORDER BY grade desc, `order`
  SELECT *,  IF(INSTR(" closed", status) < 2, 0, 1) AS isClosed FROM `zt_product` WHERE deleted  = '0'  AND  `zt_product`.company = '1'  ORDER BY isClosed, `order`
  SELECT t1.id, t1.name,t1.status, t2.product FROM `zt_project` AS t1  LEFT JOIN `zt_projectProduct` AS t2  ON t1.id = t2.project  WHERE t1.deleted  = '0'  AND  t1.company = '1'  ORDER BY t1.order
  SELECT *, IF(INSTR(" done", status) < 2, 0, 1) AS isDone FROM `zt_project` WHERE iscat  = '0' AND deleted  = '0'  AND  `zt_project`.company = '1'  ORDER BY isDone, `order`, status

20130922 09:59:16: project-bug-50
  SELECT * FROM `zt_config` WHERE owner IN ('system','fujia') AND company IN ('1','0') ORDER BY id
  SELECT *, IF(INSTR(" done", status) < 2, 0, 1) AS isDone FROM `zt_project` WHERE iscat  = '0' AND deleted  = '0'  AND  `zt_project`.company = '1'  ORDER BY isDone, `order`, status
  SELECT * FROM `zt_project` WHERE `id` = '50'  AND  `zt_project`.company = '1' 
  SELECT 
            SUM(estimate) AS totalEstimate, 
            SUM(consumed) AS totalConsumed, 
            SUM(`left`) AS totalLeft FROM `zt_task` WHERE project  = '50' AND status  != 'cancel' AND deleted  = '0' AND  `zt_task`.company = '1' 
  SELECT sum(days * hours) AS totalHours FROM `zt_team` WHERE project  = '50' AND  `zt_team`.company = '1' 
  SELECT t2.id, t2.name FROM `zt_projectProduct` AS t1  LEFT JOIN `zt_product` AS t2  ON t1.product = t2.id  WHERE t1.project  = '50' AND  t1.company = '1' 
  SELECT id, name FROM `zt_project` WHERE parent  = '50' AND  `zt_project`.company = '1' 
  SELECT t1.*, t1.hours * t1.days AS totalHours, t2.realname FROM `zt_team` AS t1  LEFT JOIN `zt_user` AS t2  ON t1.account = t2.account  WHERE t1.project  = '50' AND t2.company  = '1' AND  t1.company = '1' 
  SELECT commiter, account, realname FROM `zt_user` WHERE commiter  != '' AND  `zt_user`.company = '1' 
  SELECT * FROM `zt_action` WHERE objectType  = 'project' AND objectID  = '50'  AND  `zt_action`.company = '1'  ORDER BY date, id
  SELECT * FROM `zt_history` WHERE action IN ('130','2839','2850','5766','35807')  AND  `zt_history`.company = '1'  ORDER BY id
  SELECT * FROM `zt_project` WHERE `id` = '50'  AND  `zt_project`.company = '1' 
  SELECT 
            SUM(estimate) AS totalEstimate, 
            SUM(consumed) AS totalConsumed, 
            SUM(`left`) AS totalLeft FROM `zt_task` WHERE project  = '50' AND status  != 'cancel' AND deleted  = '0' AND  `zt_task`.company = '1' 
  SELECT sum(days * hours) AS totalHours FROM `zt_team` WHERE project  = '50' AND  `zt_team`.company = '1' 
  SELECT *,  IF(INSTR(" closed", status) < 2, 0, 1) AS isClosed FROM `zt_product` WHERE deleted  = '0'  AND  `zt_product`.company = '1'  ORDER BY isClosed, `order`
  SELECT t1.id, t1.name,t1.status, t2.product FROM `zt_project` AS t1  LEFT JOIN `zt_projectProduct` AS t2  ON t1.id = t2.project  WHERE t1.deleted  = '0'  AND  t1.company = '1'  ORDER BY t1.order
  SELECT *, IF(INSTR(" done", status) < 2, 0, 1) AS isDone FROM `zt_project` WHERE iscat  = '0' AND deleted  = '0'  AND  `zt_project`.company = '1'  ORDER BY isDone, `order`, status
  SELECT t2.id, t2.name FROM `zt_projectProduct` AS t1  LEFT JOIN `zt_product` AS t2  ON t1.product = t2.id  WHERE t1.project  = '50' AND  t1.company = '1' 
  SELECT * FROM `zt_bug` WHERE project  = '50' AND deleted  = '0'  AND  `zt_bug`.company = '1'  ORDER BY status,id desc
  SELECT COUNT(*) AS recTotal FROM `zt_bug` WHERE project  = '50' AND deleted  = '0'  AND  `zt_bug`.company = '1'  
  SELECT * FROM `zt_bug` WHERE project  = '50' AND deleted  = '0'  AND  `zt_bug`.company = '1'  ORDER BY status,id desc  limit 0, 20 
  SELECT * FROM `zt_bug` WHERE project  = '50' AND deleted  = '0' ORDER BY status,id desc  limit 0, 20 
  SELECT account, realname FROM `zt_user`  WHERE  `zt_user`.company = '1'  ORDER BY account
  SELECT t1.*, t2.name as projectName, t3.name as productName FROM `zt_build` AS t1  LEFT JOIN `zt_project` AS t2  ON t1.project = t2.id  LEFT JOIN `zt_product` AS t3  ON t1.product = t3.id  WHERE t1.id  = '0' AND  t1.company = '1' 

20130922 09:59:22: product
  SELECT * FROM `zt_config` WHERE owner IN ('system','fujia') AND company IN ('1','0') ORDER BY id
  SELECT *,  IF(INSTR(" closed", status) < 2, 0, 1) AS isClosed FROM `zt_product` WHERE deleted  = '0'  AND  `zt_product`.company = '1'  ORDER BY isClosed, `order`

20130922 09:59:22: product-browse
  SELECT * FROM `zt_config` WHERE owner IN ('system','fujia') AND company IN ('1','0') ORDER BY id
  SELECT *,  IF(INSTR(" closed", status) < 2, 0, 1) AS isClosed FROM `zt_product` WHERE deleted  = '0'  AND  `zt_product`.company = '1'  ORDER BY isClosed, `order`
  SELECT id, status, name FROM `zt_product` WHERE id IN ('35','7','11','12','13','14','15','16','17','18','20','21','27','25','26','28','29','30','31','32','36','37','38','39','40','41','42','43','44')  AND  `zt_product`.company = '1'  ORDER BY `order`
  SELECT t1.*, t2.title as planTitle FROM `zt_story` AS t1  LEFT JOIN `zt_productPlan` AS t2  ON t1.plan = t2.id  WHERE t1.product IN ('35') AND t1.deleted  = '0'  AND  t1.company = '1'  ORDER BY id desc
  SELECT COUNT(*) AS recTotal FROM `zt_story` AS t1  LEFT JOIN `zt_productPlan` AS t2  ON t1.plan = t2.id  WHERE t1.product IN ('35') AND t1.deleted  = '0'  AND  t1.company = '1'  
  SELECT t1.*, t2.title as planTitle FROM `zt_story` AS t1  LEFT JOIN `zt_productPlan` AS t2  ON t1.plan = t2.id  WHERE t1.product IN ('35') AND t1.deleted  = '0'  AND  t1.company = '1'  ORDER BY id desc  limit 0, 20 
  SELECT t1.*, t2.title as planTitle FROM `zt_story` AS t1  LEFT JOIN `zt_productPlan` AS t2  ON t1.plan = t2.id  WHERE t1.product IN ('35') AND t1.deleted  = '0' ORDER BY id desc  limit 0, 20 
  SELECT id,title FROM `zt_productPlan` WHERE product  = '35' AND deleted  = '0'  AND  `zt_productPlan`.company = '1'  ORDER BY begin
  SELECT * FROM `zt_module` WHERE root  = '35' AND type  = 'story'  AND  `zt_module`.company = '1'  ORDER BY grade desc, `order`
  SELECT * FROM `zt_module` WHERE root  = '35' AND type  = 'story'  AND  `zt_module`.company = '1'  ORDER BY grade desc, `order`
  SELECT account, realname FROM `zt_user`  WHERE  `zt_user`.company = '1'  ORDER BY account

20130922 09:59:25: qa
  SELECT * FROM `zt_config` WHERE owner IN ('system','fujia') AND company IN ('1','0') ORDER BY id

20130922 09:59:25: bug-browse
  SELECT * FROM `zt_config` WHERE owner IN ('system','fujia') AND company IN ('1','0') ORDER BY id
  SELECT *,  IF(INSTR(" closed", status) < 2, 0, 1) AS isClosed FROM `zt_product` WHERE deleted  = '0'  AND  `zt_product`.company = '1'  ORDER BY isClosed, `order`
  SELECT id, status, name FROM `zt_product` WHERE id IN ('35','7','11','12','13','14','15','16','17','18','20','21','27','25','26','28','29','30','31','32','36','37','38','39','40','41','42','43','44')  AND  `zt_product`.company = '1'  ORDER BY `order`
  SELECT id, status, name FROM `zt_product` WHERE id IN ('35','7','11','12','13','14','15','16','17','18','20','21','27','25','26','28','29','30','31','32','36','37','38','39','40','41','42','43','44')  AND  `zt_product`.company = '1'  ORDER BY `order`
  SELECT *, IF(INSTR(" done", status) < 2, 0, 1) AS isDone FROM `zt_project` WHERE iscat  = '0' AND deleted  = '0'  AND  `zt_project`.company = '1'  ORDER BY isDone, `order`, status
  SELECT * FROM `zt_bug` WHERE product  = '35' AND project IN ('50','8','9','10','11','13','14','16','17','18','20','22','23','24','25','27','28','29','30','31','32','33','35','36','37','34','38','39','41','42','43','45','51','53','52','54','55','56','57','15','21','44','46','66','58','59','60','61','62','63','64','65','5','40','0') AND deleted  = '0'  AND  `zt_bug`.company = '1'  ORDER BY id desc
  SELECT COUNT(*) AS recTotal FROM `zt_bug` WHERE product  = '35' AND project IN ('50','8','9','10','11','13','14','16','17','18','20','22','23','24','25','27','28','29','30','31','32','33','35','36','37','34','38','39','41','42','43','45','51','53','52','54','55','56','57','15','21','44','46','66','58','59','60','61','62','63','64','65','5','40','0') AND deleted  = '0'  AND  `zt_bug`.company = '1'  
  SELECT * FROM `zt_bug` WHERE product  = '35' AND project IN ('50','8','9','10','11','13','14','16','17','18','20','22','23','24','25','27','28','29','30','31','32','33','35','36','37','34','38','39','41','42','43','45','51','53','52','54','55','56','57','15','21','44','46','66','58','59','60','61','62','63','64','65','5','40','0') AND deleted  = '0'  AND  `zt_bug`.company = '1'  ORDER BY id desc  limit 0, 20 
  SELECT * FROM `zt_bug` WHERE product  = '35' AND project IN ('50','8','9','10','11','13','14','16','17','18','20','22','23','24','25','27','28','29','30','31','32','33','35','36','37','34','38','39','41','42','43','45','51','53','52','54','55','56','57','15','21','44','46','66','58','59','60','61','62','63','64','65','5','40','0') AND deleted  = '0' ORDER BY id desc  limit 0, 20 
  SELECT * FROM `zt_module` WHERE root  = '35' AND type  = 'bug'  AND  `zt_module`.company = '1'  ORDER BY grade desc, `order`
  SELECT t2.id, t2.name, t2.deleted FROM `zt_projectProduct` AS t1  LEFT JOIN `zt_project` AS t2  ON t1.project = t2.id  WHERE t1.product  = '35'  AND  t1.company = '1'  ORDER BY t1.project desc
  SELECT id,name FROM `zt_build` WHERE product IN ('35') AND deleted  = '0'  AND  `zt_build`.company = '1'  ORDER BY date desc, id desc
  SELECT id,name FROM `zt_build` WHERE product IN ('35') AND deleted  = '0'  AND  `zt_build`.company = '1'  ORDER BY date desc, id desc
  SELECT account, realname FROM `zt_user`  WHERE  `zt_user`.company = '1'  ORDER BY account
  SELECT id,name FROM `zt_build` WHERE product IN ('35') AND deleted  = '0'  AND  `zt_build`.company = '1'  ORDER BY date desc, id desc
  SELECT * FROM `zt_module` WHERE root  = '35' AND type  = 'bug'  AND  `zt_module`.company = '1'  ORDER BY grade desc, `order`

20130922 09:59:27: bug-report-35-bymodule-0
  SELECT * FROM `zt_config` WHERE owner IN ('system','fujia') AND company IN ('1','0') ORDER BY id
  SELECT *,  IF(INSTR(" closed", status) < 2, 0, 1) AS isClosed FROM `zt_product` WHERE deleted  = '0'  AND  `zt_product`.company = '1'  ORDER BY isClosed, `order`
  SELECT id, status, name FROM `zt_product` WHERE id IN ('35','7','11','12','13','14','15','16','17','18','20','21','27','25','26','28','29','30','31','32','36','37','38','39','40','41','42','43','44')  AND  `zt_product`.company = '1'  ORDER BY `order`
  SELECT id, status, name FROM `zt_product` WHERE id IN ('35','7','11','12','13','14','15','16','17','18','20','21','27','25','26','28','29','30','31','32','36','37','38','39','40','41','42','43','44')  AND  `zt_product`.company = '1'  ORDER BY `order`

20130922 09:59:39: bug-report-35-bymodule-0
  SELECT * FROM `zt_config` WHERE owner IN ('system','fujia') AND company IN ('1','0') ORDER BY id
  SELECT *,  IF(INSTR(" closed", status) < 2, 0, 1) AS isClosed FROM `zt_product` WHERE deleted  = '0'  AND  `zt_product`.company = '1'  ORDER BY isClosed, `order`
  SELECT project as name, count(project) as value FROM `zt_bug` WHERE  product  = '35' AND project IN ('50','8','9','10','11','13','14','16','17','18','20','22','23','24','25','27','28','29','30','31','32','33','35','36','37','34','38','39','41','42','43','45','51','53','52','54','55','56','57','15','21','44','46','66','58','59','60','61','62','63','64','65','5','40','0') AND deleted  = '0'    AND  `zt_bug`.company = '1'  GROUP BY project ORDER BY value DESC
  SELECT *, IF(INSTR(" done", status) < 2, 0, 1) AS isDone FROM `zt_project` WHERE iscat  = '0' AND deleted  = '0'  AND  `zt_project`.company = '1'  ORDER BY isDone, `order`, status
  SELECT openedBuild as name, count(openedBuild) as value FROM `zt_bug` WHERE  product  = '35' AND project IN ('50','8','9','10','11','13','14','16','17','18','20','22','23','24','25','27','28','29','30','31','32','33','35','36','37','34','38','39','41','42','43','45','51','53','52','54','55','56','57','15','21','44','46','66','58','59','60','61','62','63','64','65','5','40','0') AND deleted  = '0'    AND  `zt_bug`.company = '1'  GROUP BY openedBuild ORDER BY value DESC
  SELECT id,name FROM `zt_build` WHERE product IN ('35') AND deleted  = '0'  AND  `zt_build`.company = '1'  ORDER BY date desc, id desc
  SELECT module as name, count(module) as value FROM `zt_bug` WHERE  product  = '35' AND project IN ('50','8','9','10','11','13','14','16','17','18','20','22','23','24','25','27','28','29','30','31','32','33','35','36','37','34','38','39','41','42','43','45','51','53','52','54','55','56','57','15','21','44','46','66','58','59','60','61','62','63','64','65','5','40','0') AND deleted  = '0'    AND  `zt_bug`.company = '1'  GROUP BY module ORDER BY value DESC
  SELECT id, name FROM `zt_module` WHERE id IN ('0','464','24','496','23','462','30','31','39','463','22','18','50','500','26','498','465','28','17','466','25','34','467','20','504','21','51','506','499','27','557','38','40') AND  `zt_module`.company = '1' 
  SELECT DATE_FORMAT(openedDate, "%Y-%m-%d") AS name, COUNT(*) AS value FROM `zt_bug` WHERE  product  = '35' AND project IN ('50','8','9','10','11','13','14','16','17','18','20','22','23','24','25','27','28','29','30','31','32','33','35','36','37','34','38','39','41','42','43','45','51','53','52','54','55','56','57','15','21','44','46','66','58','59','60','61','62','63','64','65','5','40','0') AND deleted  = '0'    AND  `zt_bug`.company = '1'  GROUP BY name ORDER BY openedDate
  SELECT DATE_FORMAT(resolvedDate, "%Y-%m-%d") AS name, COUNT(*) AS value FROM `zt_bug` WHERE  product  = '35' AND project IN ('50','8','9','10','11','13','14','16','17','18','20','22','23','24','25','27','28','29','30','31','32','33','35','36','37','34','38','39','41','42','43','45','51','53','52','54','55','56','57','15','21','44','46','66','58','59','60','61','62','63','64','65','5','40','0') AND deleted  = '0'    AND  `zt_bug`.company = '1'  GROUP BY name HAVING name != 0000-00-00 ORDER BY resolvedDate
  SELECT DATE_FORMAT(closedDate, "%Y-%m-%d") AS name, COUNT(*) AS value FROM `zt_bug` WHERE  product  = '35' AND project IN ('50','8','9','10','11','13','14','16','17','18','20','22','23','24','25','27','28','29','30','31','32','33','35','36','37','34','38','39','41','42','43','45','51','53','52','54','55','56','57','15','21','44','46','66','58','59','60','61','62','63','64','65','5','40','0') AND deleted  = '0'    AND  `zt_bug`.company = '1'  GROUP BY name HAVING name != 0000-00-00 ORDER BY closedDate
  SELECT openedBy AS name, COUNT(*) AS value FROM `zt_bug` WHERE  product  = '35' AND project IN ('50','8','9','10','11','13','14','16','17','18','20','22','23','24','25','27','28','29','30','31','32','33','35','36','37','34','38','39','41','42','43','45','51','53','52','54','55','56','57','15','21','44','46','66','58','59','60','61','62','63','64','65','5','40','0') AND deleted  = '0'    AND  `zt_bug`.company = '1'  GROUP BY name ORDER BY value DESC
  SELECT account, realname FROM `zt_user`  WHERE  `zt_user`.company = '1'  ORDER BY account
  SELECT resolvedBy AS name, COUNT(*) AS value FROM `zt_bug` WHERE  product  = '35' AND project IN ('50','8','9','10','11','13','14','16','17','18','20','22','23','24','25','27','28','29','30','31','32','33','35','36','37','34','38','39','41','42','43','45','51','53','52','54','55','56','57','15','21','44','46','66','58','59','60','61','62','63','64','65','5','40','0') AND deleted  = '0'   AND resolvedBy  != ''  AND  `zt_bug`.company = '1'  GROUP BY name ORDER BY value DESC
  SELECT closedBy AS name, COUNT(*) AS value FROM `zt_bug` WHERE  product  = '35' AND project IN ('50','8','9','10','11','13','14','16','17','18','20','22','23','24','25','27','28','29','30','31','32','33','35','36','37','34','38','39','41','42','43','45','51','53','52','54','55','56','57','15','21','44','46','66','58','59','60','61','62','63','64','65','5','40','0') AND deleted  = '0'   AND closedBy  != ''  AND  `zt_bug`.company = '1'  GROUP BY name ORDER BY value DESC
  SELECT severity AS name, COUNT(*) AS value FROM `zt_bug` WHERE  product  = '35' AND project IN ('50','8','9','10','11','13','14','16','17','18','20','22','23','24','25','27','28','29','30','31','32','33','35','36','37','34','38','39','41','42','43','45','51','53','52','54','55','56','57','15','21','44','46','66','58','59','60','61','62','63','64','65','5','40','0') AND deleted  = '0'    AND  `zt_bug`.company = '1'  GROUP BY name ORDER BY value DESC
  SELECT resolution AS name, COUNT(*) AS value FROM `zt_bug` WHERE  product  = '35' AND project IN ('50','8','9','10','11','13','14','16','17','18','20','22','23','24','25','27','28','29','30','31','32','33','35','36','37','34','38','39','41','42','43','45','51','53','52','54','55','56','57','15','21','44','46','66','58','59','60','61','62','63','64','65','5','40','0') AND deleted  = '0'   AND resolution  != ''  AND  `zt_bug`.company = '1'  GROUP BY name ORDER BY value DESC
  SELECT status AS name, COUNT(*) AS value FROM `zt_bug` WHERE  product  = '35' AND project IN ('50','8','9','10','11','13','14','16','17','18','20','22','23','24','25','27','28','29','30','31','32','33','35','36','37','34','38','39','41','42','43','45','51','53','52','54','55','56','57','15','21','44','46','66','58','59','60','61','62','63','64','65','5','40','0') AND deleted  = '0'    AND  `zt_bug`.company = '1'  GROUP BY name ORDER BY value DESC
  SELECT activatedCount AS name, COUNT(*) AS value FROM `zt_bug` WHERE  product  = '35' AND project IN ('50','8','9','10','11','13','14','16','17','18','20','22','23','24','25','27','28','29','30','31','32','33','35','36','37','34','38','39','41','42','43','45','51','53','52','54','55','56','57','15','21','44','46','66','58','59','60','61','62','63','64','65','5','40','0') AND deleted  = '0'    AND  `zt_bug`.company = '1'  GROUP BY name ORDER BY value DESC
  SELECT type AS name, COUNT(*) AS value FROM `zt_bug` WHERE  product  = '35' AND project IN ('50','8','9','10','11','13','14','16','17','18','20','22','23','24','25','27','28','29','30','31','32','33','35','36','37','34','38','39','41','42','43','45','51','53','52','54','55','56','57','15','21','44','46','66','58','59','60','61','62','63','64','65','5','40','0') AND deleted  = '0'    AND  `zt_bug`.company = '1'  GROUP BY name ORDER BY value DESC
  SELECT assignedTo AS name, COUNT(*) AS value FROM `zt_bug` WHERE  product  = '35' AND project IN ('50','8','9','10','11','13','14','16','17','18','20','22','23','24','25','27','28','29','30','31','32','33','35','36','37','34','38','39','41','42','43','45','51','53','52','54','55','56','57','15','21','44','46','66','58','59','60','61','62','63','64','65','5','40','0') AND deleted  = '0'    AND  `zt_bug`.company = '1'  GROUP BY name ORDER BY value DESC
  SELECT id, status, name FROM `zt_product` WHERE id IN ('35','7','11','12','13','14','15','16','17','18','20','21','27','25','26','28','29','30','31','32','36','37','38','39','40','41','42','43','44')  AND  `zt_product`.company = '1'  ORDER BY `order`
  SELECT id, status, name FROM `zt_product` WHERE id IN ('35','7','11','12','13','14','15','16','17','18','20','21','27','25','26','28','29','30','31','32','36','37','38','39','40','41','42','43','44')  AND  `zt_product`.company = '1'  ORDER BY `order`

20130922 10:00:39: misc-ping
  SELECT * FROM `zt_config` WHERE owner IN ('system','fujia') AND company IN ('1','0') ORDER BY id
  SELECT * FROM `zt_config` WHERE 1 = 1  AND company IN ('1') AND owner IN ('system') AND module IN ('common') AND section IN ('global') AND `key` IN ('sn')

20130922 10:05:39: misc-ping
  SELECT * FROM `zt_config` WHERE owner IN ('system','fujia') AND company IN ('1','0') ORDER BY id

20130922 10:10:40: misc-ping
  SELECT * FROM `zt_config` WHERE owner IN ('system','fujia') AND company IN ('1','0') ORDER BY id

20130922 10:13:54: report
  SELECT * FROM `zt_config` WHERE owner IN ('system','fujia') AND company IN ('1','0') ORDER BY id

20130922 10:13:55: report-productinfo
  SELECT * FROM `zt_config` WHERE owner IN ('system','fujia') AND company IN ('1','0') ORDER BY id
  SELECT id, code, name, PO FROM `zt_product` WHERE deleted  = '0' AND  `zt_product`.company = '1' 
  SELECT * FROM `zt_productPlan` WHERE deleted  = '0' AND product IN ('35','7','11','12','13','14','15','16','17','18','20','21','27','25','26','28','29','30','31','32','36','37','38','39','40','41','42','43','44') AND  `zt_productPlan`.company = '1' 
  SELECT plan, id, status FROM `zt_story` WHERE deleted  = '0' AND plan IN ('1','2','3','4','5','6','7','8','9','11','12','17','19','20','21','22','23','24','25','26','28','29','30','31','32','33','34','35','113','36','37','38','39','40','41','42','43','44','45','46','47','48','49','50','51','52','53','54','55','56','57','58','59','60','61','65','66','67','68','69','70','71','72','73','74','75','81','76','77','78','79','80','83','84','85','86','87','88','89','90','91','92','93','94','117','95','96','97','98','99','100','101','102','103','104','105','106','107','108','109','111','112','114','115','116','118','119','120','121','122','123','124','125','126','127','128','129','130','131','132','133','134','135','136','137','138','139','140') AND  `zt_story`.company = '1' 
  SELECT product, id, status FROM `zt_story` WHERE deleted  = '0' AND plan  = '0' AND product IN ('35','7','11','12','13','14','15','16','17','18','20','21','27','25','26','28','29','30','31','32','36','37','38','39','40','41','42','43','44') AND  `zt_story`.company = '1' 
  SELECT account, realname FROM `zt_user`  WHERE  `zt_user`.company = '1'  ORDER BY account

20130922 10:14:55: misc-ping
  SELECT * FROM `zt_config` WHERE owner IN ('system','fujia') AND company IN ('1','0') ORDER BY id

20130922 10:15:40: misc-ping
  SELECT * FROM `zt_config` WHERE owner IN ('system','fujia') AND company IN ('1','0') ORDER BY id

20130922 10:15:53: report-projectdeviation
  SELECT * FROM `zt_config` WHERE owner IN ('system','fujia') AND company IN ('1','0') ORDER BY id
  SELECT t1.* FROM `zt_task` AS t1  LEFT JOIN `zt_project` AS t2  ON t1.project = t2.id  WHERE t1.status  != 'cancel' AND t1.deleted  = '0' AND t2.deleted  = '0' AND  t1.company = '1' 
  SELECT t1.project FROM `zt_bug` AS t1  LEFT JOIN `zt_project` AS t2  ON t1.project = t2.id  WHERE t1.deleted  = '0' AND t2.deleted  = '0' AND  t1.company = '1' 
  SELECT t1.project FROM `zt_projectStory` AS t1  LEFT JOIN `zt_project` AS t2  ON t1.project = t2.id  LEFT JOIN `zt_story` AS t3  ON t1.story = t3.id  WHERE t2.deleted  = '0' AND t3.deleted  = '0' AND  t1.company = '1' 
  SELECT id, name, status FROM `zt_project` WHERE  `zt_project`.company = '1' 

20130922 10:15:55: report-bugsummary
  SELECT * FROM `zt_config` WHERE owner IN ('system','fujia') AND company IN ('1','0') ORDER BY id
  SELECT id, resolution, openedBy, status FROM `zt_bug` WHERE deleted  = '0' AND openedDate  >= '2013-08-22' AND openedDate  <= '20130923' AND  `zt_bug`.company = '1' 
  SELECT account, realname FROM `zt_user` WHERE deleted  = '0'  AND  `zt_user`.company = '1'  ORDER BY account

20130922 10:15:59: report-workload
  SELECT * FROM `zt_config` WHERE owner IN ('system','fujia') AND company IN ('1','0') ORDER BY id
  SELECT t1.*, t2.name as projectName FROM `zt_task` AS t1  LEFT JOIN `zt_project` AS t2  ON t1.project = t2.id  WHERE t1.deleted  = '0' AND t1.status  NOT IN ('cancel','closed','done') AND t2.deleted  = '0' AND  t1.company = '1' 
  SELECT account, realname FROM `zt_user` WHERE deleted  = '0'  AND  `zt_user`.company = '1'  ORDER BY account

20130922 10:16:03: report-bugsummary
  SELECT * FROM `zt_config` WHERE owner IN ('system','fujia') AND company IN ('1','0') ORDER BY id
  SELECT id, resolution, openedBy, status FROM `zt_bug` WHERE deleted  = '0' AND openedDate  >= '2013-08-22' AND openedDate  <= '20130923' AND  `zt_bug`.company = '1' 
  SELECT account, realname FROM `zt_user` WHERE deleted  = '0'  AND  `zt_user`.company = '1'  ORDER BY account

20130922 10:17:04: misc-ping
  SELECT * FROM `zt_config` WHERE owner IN ('system','fujia') AND company IN ('1','0') ORDER BY id
  SELECT * FROM `zt_config` WHERE 1 = 1  AND company IN ('1') AND owner IN ('system') AND module IN ('common') AND section IN ('global') AND `key` IN ('sn')

20130922 10:20:40: misc-ping
  SELECT * FROM `zt_config` WHERE owner IN ('system','fujia') AND company IN ('1','0') ORDER BY id
  SELECT * FROM `zt_config` WHERE 1 = 1  AND company IN ('1') AND owner IN ('system') AND module IN ('common') AND section IN ('global') AND `key` IN ('sn')

20130922 10:21:40: qa
  SELECT * FROM `zt_config` WHERE owner IN ('system','fujia') AND company IN ('1','0') ORDER BY id

20130922 10:21:40: bug-browse
  SELECT * FROM `zt_config` WHERE owner IN ('system','fujia') AND company IN ('1','0') ORDER BY id
  SELECT *,  IF(INSTR(" closed", status) < 2, 0, 1) AS isClosed FROM `zt_product` WHERE deleted  = '0'  AND  `zt_product`.company = '1'  ORDER BY isClosed, `order`
  SELECT id, status, name FROM `zt_product` WHERE id IN ('35','7','11','12','13','14','15','16','17','18','20','21','27','25','26','28','29','30','31','32','36','37','38','39','40','41','42','43','44')  AND  `zt_product`.company = '1'  ORDER BY `order`
  SELECT id, status, name FROM `zt_product` WHERE id IN ('35','7','11','12','13','14','15','16','17','18','20','21','27','25','26','28','29','30','31','32','36','37','38','39','40','41','42','43','44')  AND  `zt_product`.company = '1'  ORDER BY `order`
  SELECT *, IF(INSTR(" done", status) < 2, 0, 1) AS isDone FROM `zt_project` WHERE iscat  = '0' AND deleted  = '0'  AND  `zt_project`.company = '1'  ORDER BY isDone, `order`, status
  SELECT * FROM `zt_bug` WHERE product  = '35' AND project IN ('50','8','9','10','11','13','14','16','17','18','20','22','23','24','25','27','28','29','30','31','32','33','35','36','37','34','38','39','41','42','43','45','51','53','52','54','55','56','57','15','21','44','46','66','58','59','60','61','62','63','64','65','5','40','0') AND deleted  = '0'  AND  `zt_bug`.company = '1'  ORDER BY id desc
  SELECT COUNT(*) AS recTotal FROM `zt_bug` WHERE product  = '35' AND project IN ('50','8','9','10','11','13','14','16','17','18','20','22','23','24','25','27','28','29','30','31','32','33','35','36','37','34','38','39','41','42','43','45','51','53','52','54','55','56','57','15','21','44','46','66','58','59','60','61','62','63','64','65','5','40','0') AND deleted  = '0'  AND  `zt_bug`.company = '1'  
  SELECT * FROM `zt_bug` WHERE product  = '35' AND project IN ('50','8','9','10','11','13','14','16','17','18','20','22','23','24','25','27','28','29','30','31','32','33','35','36','37','34','38','39','41','42','43','45','51','53','52','54','55','56','57','15','21','44','46','66','58','59','60','61','62','63','64','65','5','40','0') AND deleted  = '0'  AND  `zt_bug`.company = '1'  ORDER BY id desc  limit 0, 20 
  SELECT * FROM `zt_bug` WHERE product  = '35' AND project IN ('50','8','9','10','11','13','14','16','17','18','20','22','23','24','25','27','28','29','30','31','32','33','35','36','37','34','38','39','41','42','43','45','51','53','52','54','55','56','57','15','21','44','46','66','58','59','60','61','62','63','64','65','5','40','0') AND deleted  = '0' ORDER BY id desc  limit 0, 20 
  SELECT * FROM `zt_module` WHERE root  = '35' AND type  = 'bug'  AND  `zt_module`.company = '1'  ORDER BY grade desc, `order`
  SELECT t2.id, t2.name, t2.deleted FROM `zt_projectProduct` AS t1  LEFT JOIN `zt_project` AS t2  ON t1.project = t2.id  WHERE t1.product  = '35'  AND  t1.company = '1'  ORDER BY t1.project desc
  SELECT id,name FROM `zt_build` WHERE product IN ('35') AND deleted  = '0'  AND  `zt_build`.company = '1'  ORDER BY date desc, id desc
  SELECT id,name FROM `zt_build` WHERE product IN ('35') AND deleted  = '0'  AND  `zt_build`.company = '1'  ORDER BY date desc, id desc
  SELECT account, realname FROM `zt_user`  WHERE  `zt_user`.company = '1'  ORDER BY account
  SELECT id,name FROM `zt_build` WHERE product IN ('35') AND deleted  = '0'  AND  `zt_build`.company = '1'  ORDER BY date desc, id desc
  SELECT * FROM `zt_module` WHERE root  = '35' AND type  = 'bug'  AND  `zt_module`.company = '1'  ORDER BY grade desc, `order`

20130922 10:21:45: bug-report-35-bymodule-0
  SELECT * FROM `zt_config` WHERE owner IN ('system','fujia') AND company IN ('1','0') ORDER BY id
  SELECT *,  IF(INSTR(" closed", status) < 2, 0, 1) AS isClosed FROM `zt_product` WHERE deleted  = '0'  AND  `zt_product`.company = '1'  ORDER BY isClosed, `order`
  SELECT id, status, name FROM `zt_product` WHERE id IN ('35','7','11','12','13','14','15','16','17','18','20','21','27','25','26','28','29','30','31','32','36','37','38','39','40','41','42','43','44')  AND  `zt_product`.company = '1'  ORDER BY `order`
  SELECT id, status, name FROM `zt_product` WHERE id IN ('35','7','11','12','13','14','15','16','17','18','20','21','27','25','26','28','29','30','31','32','36','37','38','39','40','41','42','43','44')  AND  `zt_product`.company = '1'  ORDER BY `order`

20130922 10:21:51: bug-export-35-id_desc
  SELECT * FROM `zt_config` WHERE owner IN ('system','fujia') AND company IN ('1','0') ORDER BY id
  SELECT *,  IF(INSTR(" closed", status) < 2, 0, 1) AS isClosed FROM `zt_product` WHERE deleted  = '0'  AND  `zt_product`.company = '1'  ORDER BY isClosed, `order`

20130922 10:21:57: testcase-browse-35
  SELECT * FROM `zt_config` WHERE owner IN ('system','fujia') AND company IN ('1','0') ORDER BY id
  SELECT *,  IF(INSTR(" closed", status) < 2, 0, 1) AS isClosed FROM `zt_product` WHERE deleted  = '0'  AND  `zt_product`.company = '1'  ORDER BY isClosed, `order`
  SELECT id, status, name FROM `zt_product` WHERE id IN ('35','7','11','12','13','14','15','16','17','18','20','21','27','25','26','28','29','30','31','32','36','37','38','39','40','41','42','43','44')  AND  `zt_product`.company = '1'  ORDER BY `order`
  SELECT id, status, name FROM `zt_product` WHERE id IN ('35','7','11','12','13','14','15','16','17','18','20','21','27','25','26','28','29','30','31','32','36','37','38','39','40','41','42','43','44')  AND  `zt_product`.company = '1'  ORDER BY `order`
  SELECT * FROM `zt_case` WHERE product  = '35' AND deleted  = '0'  AND  `zt_case`.company = '1'  ORDER BY id desc
  SELECT COUNT(*) AS recTotal FROM `zt_case` WHERE product  = '35' AND deleted  = '0'  AND  `zt_case`.company = '1'  
  SELECT * FROM `zt_case` WHERE product  = '35' AND deleted  = '0'  AND  `zt_case`.company = '1'  ORDER BY id desc
  SELECT * FROM `zt_case` WHERE product  = '35' AND deleted  = '0' ORDER BY id desc
  SELECT * FROM `zt_module` WHERE root  = '35' AND type  = 'case'  AND  `zt_module`.company = '1'  ORDER BY grade desc, `order`
  SELECT * FROM `zt_module` WHERE root  = '35' AND type  = 'case'  AND  `zt_module`.company = '1'  ORDER BY grade desc, `order`
  SELECT account, realname FROM `zt_user`  WHERE  `zt_user`.company = '1'  ORDER BY account

20130922 10:22:58: misc-ping
  SELECT * FROM `zt_config` WHERE owner IN ('system','fujia') AND company IN ('1','0') ORDER BY id
  SELECT * FROM `zt_config` WHERE 1 = 1  AND company IN ('1') AND owner IN ('system') AND module IN ('common') AND section IN ('global') AND `key` IN ('sn')

20130922 10:25:40: misc-ping
  SELECT * FROM `zt_config` WHERE owner IN ('system','fujia') AND company IN ('1','0') ORDER BY id
  SELECT * FROM `zt_config` WHERE 1 = 1  AND company IN ('1') AND owner IN ('system') AND module IN ('common') AND section IN ('global') AND `key` IN ('sn')

20130922 10:27:58: misc-ping
  SELECT * FROM `zt_config` WHERE owner IN ('system','fujia') AND company IN ('1','0') ORDER BY id
  SELECT * FROM `zt_config` WHERE 1 = 1  AND company IN ('1') AND owner IN ('system') AND module IN ('common') AND section IN ('global') AND `key` IN ('sn')

20130922 10:30:40: misc-ping
  SELECT * FROM `zt_config` WHERE owner IN ('system','fujia') AND company IN ('1','0') ORDER BY id

20130922 10:32:58: misc-ping
  SELECT * FROM `zt_config` WHERE owner IN ('system','fujia') AND company IN ('1','0') ORDER BY id

20130922 10:35:40: misc-ping
  SELECT * FROM `zt_config` WHERE owner IN ('system','fujia') AND company IN ('1','0') ORDER BY id
  SELECT * FROM `zt_config` WHERE 1 = 1  AND company IN ('1') AND owner IN ('system') AND module IN ('common') AND section IN ('global') AND `key` IN ('sn')

20130922 10:37:58: misc-ping
  SELECT * FROM `zt_config` WHERE owner IN ('system','fujia') AND company IN ('1','0') ORDER BY id
  SELECT * FROM `zt_config` WHERE 1 = 1  AND company IN ('1') AND owner IN ('system') AND module IN ('common') AND section IN ('global') AND `key` IN ('sn')

20130922 10:40:41: misc-ping
  SELECT * FROM `zt_config` WHERE owner IN ('system','fujia') AND company IN ('1','0') ORDER BY id

20130922 10:42:58: misc-ping
  SELECT * FROM `zt_config` WHERE owner IN ('system','fujia') AND company IN ('1','0') ORDER BY id

20130922 10:45:41: misc-ping
  SELECT * FROM `zt_config` WHERE owner IN ('system','fujia') AND company IN ('1','0') ORDER BY id
  SELECT * FROM `zt_config` WHERE 1 = 1  AND company IN ('1') AND owner IN ('system') AND module IN ('common') AND section IN ('global') AND `key` IN ('sn')

20130922 10:47:59: misc-ping
  SELECT * FROM `zt_config` WHERE owner IN ('system','fujia') AND company IN ('1','0') ORDER BY id

20130922 10:50:41: misc-ping
  SELECT * FROM `zt_config` WHERE owner IN ('system','fujia') AND company IN ('1','0') ORDER BY id
  SELECT * FROM `zt_config` WHERE 1 = 1  AND company IN ('1') AND owner IN ('system') AND module IN ('common') AND section IN ('global') AND `key` IN ('sn')

20130922 10:52:59: misc-ping
  SELECT * FROM `zt_config` WHERE owner IN ('system','fujia') AND company IN ('1','0') ORDER BY id

20130922 10:55:41: misc-ping
  SELECT * FROM `zt_config` WHERE owner IN ('system','fujia') AND company IN ('1','0') ORDER BY id
  SELECT * FROM `zt_config` WHERE 1 = 1  AND company IN ('1') AND owner IN ('system') AND module IN ('common') AND section IN ('global') AND `key` IN ('sn')

20130922 10:57:59: misc-ping
  SELECT * FROM `zt_config` WHERE owner IN ('system','fujia') AND company IN ('1','0') ORDER BY id
  SELECT * FROM `zt_config` WHERE 1 = 1  AND company IN ('1') AND owner IN ('system') AND module IN ('common') AND section IN ('global') AND `key` IN ('sn')

20130922 11:00:41: misc-ping
  SELECT * FROM `zt_config` WHERE owner IN ('system','fujia') AND company IN ('1','0') ORDER BY id
  SELECT * FROM `zt_config` WHERE 1 = 1  AND company IN ('1') AND owner IN ('system') AND module IN ('common') AND section IN ('global') AND `key` IN ('sn')

20130922 11:02:59: misc-ping
  SELECT * FROM `zt_config` WHERE owner IN ('system','fujia') AND company IN ('1','0') ORDER BY id
  SELECT * FROM `zt_config` WHERE 1 = 1  AND company IN ('1') AND owner IN ('system') AND module IN ('common') AND section IN ('global') AND `key` IN ('sn')

20130922 11:05:42: misc-ping
  SELECT * FROM `zt_config` WHERE owner IN ('system','fujia') AND company IN ('1','0') ORDER BY id
  SELECT * FROM `zt_config` WHERE 1 = 1  AND company IN ('1') AND owner IN ('system') AND module IN ('common') AND section IN ('global') AND `key` IN ('sn')

20130922 11:07:59: misc-ping
  SELECT * FROM `zt_config` WHERE owner IN ('system','fujia') AND company IN ('1','0') ORDER BY id

20130922 11:10:42: misc-ping
  SELECT * FROM `zt_config` WHERE owner IN ('system','fujia') AND company IN ('1','0') ORDER BY id
  SELECT * FROM `zt_config` WHERE 1 = 1  AND company IN ('1') AND owner IN ('system') AND module IN ('common') AND section IN ('global') AND `key` IN ('sn')

20130922 11:13:00: misc-ping
  SELECT * FROM `zt_config` WHERE owner IN ('system','fujia') AND company IN ('1','0') ORDER BY id

20130922 11:15:42: misc-ping
  SELECT * FROM `zt_config` WHERE owner IN ('system','fujia') AND company IN ('1','0') ORDER BY id

20130922 11:18:00: misc-ping
  SELECT * FROM `zt_config` WHERE owner IN ('system','fujia') AND company IN ('1','0') ORDER BY id
  SELECT * FROM `zt_config` WHERE 1 = 1  AND company IN ('1') AND owner IN ('system') AND module IN ('common') AND section IN ('global') AND `key` IN ('sn')

20130922 11:20:42: misc-ping
  SELECT * FROM `zt_config` WHERE owner IN ('system','fujia') AND company IN ('1','0') ORDER BY id
  SELECT * FROM `zt_config` WHERE 1 = 1  AND company IN ('1') AND owner IN ('system') AND module IN ('common') AND section IN ('global') AND `key` IN ('sn')

20130922 11:23:00: misc-ping
  SELECT * FROM `zt_config` WHERE owner IN ('system','fujia') AND company IN ('1','0') ORDER BY id
  SELECT * FROM `zt_config` WHERE 1 = 1  AND company IN ('1') AND owner IN ('system') AND module IN ('common') AND section IN ('global') AND `key` IN ('sn')

20130922 11:25:42: misc-ping
  SELECT * FROM `zt_config` WHERE owner IN ('system','fujia') AND company IN ('1','0') ORDER BY id

20130922 11:28:00: misc-ping
  SELECT * FROM `zt_config` WHERE owner IN ('system','fujia') AND company IN ('1','0') ORDER BY id
  SELECT * FROM `zt_config` WHERE 1 = 1  AND company IN ('1') AND owner IN ('system') AND module IN ('common') AND section IN ('global') AND `key` IN ('sn')

20130922 11:30:42: misc-ping
  SELECT * FROM `zt_config` WHERE owner IN ('system','fujia') AND company IN ('1','0') ORDER BY id

20130922 11:33:00: misc-ping
  SELECT * FROM `zt_config` WHERE owner IN ('system','fujia') AND company IN ('1','0') ORDER BY id
  SELECT * FROM `zt_config` WHERE 1 = 1  AND company IN ('1') AND owner IN ('system') AND module IN ('common') AND section IN ('global') AND `key` IN ('sn')

20130922 11:35:43: misc-ping
  SELECT * FROM `zt_config` WHERE owner IN ('system','fujia') AND company IN ('1','0') ORDER BY id

20130922 11:38:00: misc-ping
  SELECT * FROM `zt_config` WHERE owner IN ('system','fujia') AND company IN ('1','0') ORDER BY id

20130922 11:40:43: misc-ping
  SELECT * FROM `zt_config` WHERE owner IN ('system','fujia') AND company IN ('1','0') ORDER BY id
  SELECT * FROM `zt_config` WHERE 1 = 1  AND company IN ('1') AND owner IN ('system') AND module IN ('common') AND section IN ('global') AND `key` IN ('sn')

20130922 11:43:01: misc-ping
  SELECT * FROM `zt_config` WHERE owner IN ('system','fujia') AND company IN ('1','0') ORDER BY id

20130922 11:45:43: misc-ping
  SELECT * FROM `zt_config` WHERE owner IN ('system','fujia') AND company IN ('1','0') ORDER BY id
  SELECT * FROM `zt_config` WHERE 1 = 1  AND company IN ('1') AND owner IN ('system') AND module IN ('common') AND section IN ('global') AND `key` IN ('sn')

20130922 11:48:01: misc-ping
  SELECT * FROM `zt_config` WHERE owner IN ('system','fujia') AND company IN ('1','0') ORDER BY id

20130922 11:50:43: misc-ping
  SELECT * FROM `zt_config` WHERE owner IN ('system','fujia') AND company IN ('1','0') ORDER BY id

20130922 11:53:01: misc-ping
  SELECT * FROM `zt_config` WHERE owner IN ('system','fujia') AND company IN ('1','0') ORDER BY id

20130922 11:55:43: misc-ping
  SELECT * FROM `zt_config` WHERE owner IN ('system','fujia') AND company IN ('1','0') ORDER BY id
  SELECT * FROM `zt_config` WHERE 1 = 1  AND company IN ('1') AND owner IN ('system') AND module IN ('common') AND section IN ('global') AND `key` IN ('sn')

20130922 11:58:01: misc-ping
  SELECT * FROM `zt_config` WHERE owner IN ('system','fujia') AND company IN ('1','0') ORDER BY id
  SELECT * FROM `zt_config` WHERE 1 = 1  AND company IN ('1') AND owner IN ('system') AND module IN ('common') AND section IN ('global') AND `key` IN ('sn')

20130922 12:00:44: misc-ping
  SELECT * FROM `zt_config` WHERE owner IN ('system','fujia') AND company IN ('1','0') ORDER BY id
  SELECT * FROM `zt_config` WHERE 1 = 1  AND company IN ('1') AND owner IN ('system') AND module IN ('common') AND section IN ('global') AND `key` IN ('sn')

20130922 12:03:01: misc-ping
  SELECT * FROM `zt_config` WHERE owner IN ('system','fujia') AND company IN ('1','0') ORDER BY id
  SELECT * FROM `zt_config` WHERE 1 = 1  AND company IN ('1') AND owner IN ('system') AND module IN ('common') AND section IN ('global') AND `key` IN ('sn')

20130922 12:05:44: misc-ping
  SELECT * FROM `zt_config` WHERE owner IN ('system','fujia') AND company IN ('1','0') ORDER BY id
  SELECT * FROM `zt_config` WHERE 1 = 1  AND company IN ('1') AND owner IN ('system') AND module IN ('common') AND section IN ('global') AND `key` IN ('sn')

20130922 12:08:02: misc-ping
  SELECT * FROM `zt_config` WHERE owner IN ('system','fujia') AND company IN ('1','0') ORDER BY id

20130922 12:10:44: misc-ping
  SELECT * FROM `zt_config` WHERE owner IN ('system','fujia') AND company IN ('1','0') ORDER BY id

20130922 12:13:02: misc-ping
  SELECT * FROM `zt_config` WHERE owner IN ('system','fujia') AND company IN ('1','0') ORDER BY id
  SELECT * FROM `zt_config` WHERE 1 = 1  AND company IN ('1') AND owner IN ('system') AND module IN ('common') AND section IN ('global') AND `key` IN ('sn')

20130922 12:15:44: misc-ping
  SELECT * FROM `zt_config` WHERE owner IN ('system','fujia') AND company IN ('1','0') ORDER BY id

20130922 12:18:02: misc-ping
  SELECT * FROM `zt_config` WHERE owner IN ('system','fujia') AND company IN ('1','0') ORDER BY id

20130922 12:20:44: misc-ping
  SELECT * FROM `zt_config` WHERE owner IN ('system','fujia') AND company IN ('1','0') ORDER BY id
  SELECT * FROM `zt_config` WHERE 1 = 1  AND company IN ('1') AND owner IN ('system') AND module IN ('common') AND section IN ('global') AND `key` IN ('sn')

20130922 12:23:02: misc-ping
  SELECT * FROM `zt_config` WHERE owner IN ('system','fujia') AND company IN ('1','0') ORDER BY id

20130922 12:25:44: misc-ping
  SELECT * FROM `zt_config` WHERE owner IN ('system','fujia') AND company IN ('1','0') ORDER BY id
  SELECT * FROM `zt_config` WHERE 1 = 1  AND company IN ('1') AND owner IN ('system') AND module IN ('common') AND section IN ('global') AND `key` IN ('sn')

20130922 12:28:02: misc-ping
  SELECT * FROM `zt_config` WHERE owner IN ('system','fujia') AND company IN ('1','0') ORDER BY id
  SELECT * FROM `zt_config` WHERE 1 = 1  AND company IN ('1') AND owner IN ('system') AND module IN ('common') AND section IN ('global') AND `key` IN ('sn')

20130922 12:30:45: misc-ping
  SELECT * FROM `zt_config` WHERE owner IN ('system','fujia') AND company IN ('1','0') ORDER BY id

20130922 12:33:02: misc-ping
  SELECT * FROM `zt_config` WHERE owner IN ('system','fujia') AND company IN ('1','0') ORDER BY id
  SELECT * FROM `zt_config` WHERE 1 = 1  AND company IN ('1') AND owner IN ('system') AND module IN ('common') AND section IN ('global') AND `key` IN ('sn')

20130922 12:35:45: misc-ping
  SELECT * FROM `zt_config` WHERE owner IN ('system','fujia') AND company IN ('1','0') ORDER BY id
  SELECT * FROM `zt_config` WHERE 1 = 1  AND company IN ('1') AND owner IN ('system') AND module IN ('common') AND section IN ('global') AND `key` IN ('sn')

20130922 12:38:03: misc-ping
  SELECT * FROM `zt_config` WHERE owner IN ('system','fujia') AND company IN ('1','0') ORDER BY id
  SELECT * FROM `zt_config` WHERE 1 = 1  AND company IN ('1') AND owner IN ('system') AND module IN ('common') AND section IN ('global') AND `key` IN ('sn')

20130922 12:40:45: misc-ping
  SELECT * FROM `zt_config` WHERE owner IN ('system','fujia') AND company IN ('1','0') ORDER BY id
  SELECT * FROM `zt_config` WHERE 1 = 1  AND company IN ('1') AND owner IN ('system') AND module IN ('common') AND section IN ('global') AND `key` IN ('sn')

20130922 12:43:03: misc-ping
  SELECT * FROM `zt_config` WHERE owner IN ('system','fujia') AND company IN ('1','0') ORDER BY id

20130922 12:45:45: misc-ping
  SELECT * FROM `zt_config` WHERE owner IN ('system','fujia') AND company IN ('1','0') ORDER BY id

20130922 12:48:03: misc-ping
  SELECT * FROM `zt_config` WHERE owner IN ('system','fujia') AND company IN ('1','0') ORDER BY id

20130922 12:50:45: misc-ping
  SELECT * FROM `zt_config` WHERE owner IN ('system','fujia') AND company IN ('1','0') ORDER BY id
  SELECT * FROM `zt_config` WHERE 1 = 1  AND company IN ('1') AND owner IN ('system') AND module IN ('common') AND section IN ('global') AND `key` IN ('sn')

20130922 12:53:03: misc-ping
  SELECT * FROM `zt_config` WHERE owner IN ('system','fujia') AND company IN ('1','0') ORDER BY id
  SELECT * FROM `zt_config` WHERE 1 = 1  AND company IN ('1') AND owner IN ('system') AND module IN ('common') AND section IN ('global') AND `key` IN ('sn')

20130922 12:55:45: misc-ping
  SELECT * FROM `zt_config` WHERE owner IN ('system','fujia') AND company IN ('1','0') ORDER BY id

20130922 12:58:03: misc-ping
  SELECT * FROM `zt_config` WHERE owner IN ('system','fujia') AND company IN ('1','0') ORDER BY id

20130922 13:00:46: misc-ping
  SELECT * FROM `zt_config` WHERE owner IN ('system','fujia') AND company IN ('1','0') ORDER BY id
  SELECT * FROM `zt_config` WHERE 1 = 1  AND company IN ('1') AND owner IN ('system') AND module IN ('common') AND section IN ('global') AND `key` IN ('sn')

20130922 13:03:03: misc-ping
  SELECT * FROM `zt_config` WHERE owner IN ('system','fujia') AND company IN ('1','0') ORDER BY id
  SELECT * FROM `zt_config` WHERE 1 = 1  AND company IN ('1') AND owner IN ('system') AND module IN ('common') AND section IN ('global') AND `key` IN ('sn')

20130922 13:05:46: misc-ping
  SELECT * FROM `zt_config` WHERE owner IN ('system','fujia') AND company IN ('1','0') ORDER BY id

20130922 13:08:04: misc-ping
  SELECT * FROM `zt_config` WHERE owner IN ('system','fujia') AND company IN ('1','0') ORDER BY id

20130922 13:10:46: misc-ping
  SELECT * FROM `zt_config` WHERE owner IN ('system','fujia') AND company IN ('1','0') ORDER BY id

20130922 13:13:04: misc-ping
  SELECT * FROM `zt_config` WHERE owner IN ('system','fujia') AND company IN ('1','0') ORDER BY id
  SELECT * FROM `zt_config` WHERE 1 = 1  AND company IN ('1') AND owner IN ('system') AND module IN ('common') AND section IN ('global') AND `key` IN ('sn')

20130922 13:15:46: misc-ping
  SELECT * FROM `zt_config` WHERE owner IN ('system','fujia') AND company IN ('1','0') ORDER BY id
  SELECT * FROM `zt_config` WHERE 1 = 1  AND company IN ('1') AND owner IN ('system') AND module IN ('common') AND section IN ('global') AND `key` IN ('sn')

20130922 13:18:04: misc-ping
  SELECT * FROM `zt_config` WHERE owner IN ('system','fujia') AND company IN ('1','0') ORDER BY id

20130922 13:20:46: misc-ping
  SELECT * FROM `zt_config` WHERE owner IN ('system','fujia') AND company IN ('1','0') ORDER BY id
  SELECT * FROM `zt_config` WHERE 1 = 1  AND company IN ('1') AND owner IN ('system') AND module IN ('common') AND section IN ('global') AND `key` IN ('sn')

20130922 13:23:04: misc-ping
  SELECT * FROM `zt_config` WHERE owner IN ('system','fujia') AND company IN ('1','0') ORDER BY id

20130922 13:25:46: misc-ping
  SELECT * FROM `zt_config` WHERE owner IN ('system','fujia') AND company IN ('1','0') ORDER BY id

20130922 13:28:04: misc-ping
  SELECT * FROM `zt_config` WHERE owner IN ('system','fujia') AND company IN ('1','0') ORDER BY id

20130922 13:30:46: misc-ping
  SELECT * FROM `zt_config` WHERE owner IN ('system','fujia') AND company IN ('1','0') ORDER BY id
  SELECT * FROM `zt_config` WHERE 1 = 1  AND company IN ('1') AND owner IN ('system') AND module IN ('common') AND section IN ('global') AND `key` IN ('sn')

20130922 13:33:04: misc-ping
  SELECT * FROM `zt_config` WHERE owner IN ('system','fujia') AND company IN ('1','0') ORDER BY id

20130922 13:35:47: misc-ping
  SELECT * FROM `zt_config` WHERE owner IN ('system','fujia') AND company IN ('1','0') ORDER BY id

20130922 13:38:05: misc-ping
  SELECT * FROM `zt_config` WHERE owner IN ('system','fujia') AND company IN ('1','0') ORDER BY id

20130922 13:40:47: misc-ping
  SELECT * FROM `zt_config` WHERE owner IN ('system','fujia') AND company IN ('1','0') ORDER BY id

20130922 13:43:05: misc-ping
  SELECT * FROM `zt_config` WHERE owner IN ('system','fujia') AND company IN ('1','0') ORDER BY id
  SELECT * FROM `zt_config` WHERE 1 = 1  AND company IN ('1') AND owner IN ('system') AND module IN ('common') AND section IN ('global') AND `key` IN ('sn')

20130922 13:45:47: misc-ping
  SELECT * FROM `zt_config` WHERE owner IN ('system','fujia') AND company IN ('1','0') ORDER BY id
  SELECT * FROM `zt_config` WHERE 1 = 1  AND company IN ('1') AND owner IN ('system') AND module IN ('common') AND section IN ('global') AND `key` IN ('sn')

20130922 13:48:05: misc-ping
  SELECT * FROM `zt_config` WHERE owner IN ('system','fujia') AND company IN ('1','0') ORDER BY id
  SELECT * FROM `zt_config` WHERE 1 = 1  AND company IN ('1') AND owner IN ('system') AND module IN ('common') AND section IN ('global') AND `key` IN ('sn')

20130922 13:50:47: misc-ping
  SELECT * FROM `zt_config` WHERE owner IN ('system','fujia') AND company IN ('1','0') ORDER BY id
  SELECT * FROM `zt_config` WHERE 1 = 1  AND company IN ('1') AND owner IN ('system') AND module IN ('common') AND section IN ('global') AND `key` IN ('sn')

20130922 13:53:05: misc-ping
  SELECT * FROM `zt_config` WHERE owner IN ('system','fujia') AND company IN ('1','0') ORDER BY id

20130922 13:55:47: misc-ping
  SELECT * FROM `zt_config` WHERE owner IN ('system','fujia') AND company IN ('1','0') ORDER BY id
  SELECT * FROM `zt_config` WHERE 1 = 1  AND company IN ('1') AND owner IN ('system') AND module IN ('common') AND section IN ('global') AND `key` IN ('sn')

20130922 14:00:48: misc-ping
  SELECT * FROM `zt_config` WHERE owner IN ('system','fujia') AND company IN ('1','0') ORDER BY id

20130922 14:05:48: misc-ping
  SELECT * FROM `zt_config` WHERE owner IN ('system','fujia') AND company IN ('1','0') ORDER BY id
  SELECT * FROM `zt_config` WHERE 1 = 1  AND company IN ('1') AND owner IN ('system') AND module IN ('common') AND section IN ('global') AND `key` IN ('sn')

20130922 14:10:48: misc-ping
  SELECT * FROM `zt_config` WHERE owner IN ('system','fujia') AND company IN ('1','0') ORDER BY id

20130922 14:15:48: misc-ping
  SELECT * FROM `zt_config` WHERE owner IN ('system','fujia') AND company IN ('1','0') ORDER BY id

20130922 14:20:48: misc-ping
  SELECT * FROM `zt_config` WHERE owner IN ('system','fujia') AND company IN ('1','0') ORDER BY id
  SELECT * FROM `zt_config` WHERE 1 = 1  AND company IN ('1') AND owner IN ('system') AND module IN ('common') AND section IN ('global') AND `key` IN ('sn')

20130922 14:25:48: misc-ping
  SELECT * FROM `zt_config` WHERE owner IN ('system','fujia') AND company IN ('1','0') ORDER BY id

20130922 14:30:48: misc-ping
  SELECT * FROM `zt_config` WHERE owner IN ('system','fujia') AND company IN ('1','0') ORDER BY id

20130922 14:35:48: misc-ping
  SELECT * FROM `zt_config` WHERE owner IN ('system','fujia') AND company IN ('1','0') ORDER BY id

20130922 14:40:49: misc-ping
  SELECT * FROM `zt_config` WHERE owner IN ('system','fujia') AND company IN ('1','0') ORDER BY id
  SELECT * FROM `zt_config` WHERE 1 = 1  AND company IN ('1') AND owner IN ('system') AND module IN ('common') AND section IN ('global') AND `key` IN ('sn')

20130922 14:45:49: misc-ping
  SELECT * FROM `zt_config` WHERE owner IN ('system','fujia') AND company IN ('1','0') ORDER BY id
  SELECT * FROM `zt_config` WHERE 1 = 1  AND company IN ('1') AND owner IN ('system') AND module IN ('common') AND section IN ('global') AND `key` IN ('sn')

20130922 14:50:49: misc-ping
  SELECT * FROM `zt_config` WHERE owner IN ('system','fujia') AND company IN ('1','0') ORDER BY id
  SELECT * FROM `zt_config` WHERE 1 = 1  AND company IN ('1') AND owner IN ('system') AND module IN ('common') AND section IN ('global') AND `key` IN ('sn')

20130922 14:55:49: misc-ping
  SELECT * FROM `zt_config` WHERE owner IN ('system','fujia') AND company IN ('1','0') ORDER BY id

20130922 15:00:49: misc-ping
  SELECT * FROM `zt_config` WHERE owner IN ('system','fujia') AND company IN ('1','0') ORDER BY id

20130922 15:05:49: misc-ping
  SELECT * FROM `zt_config` WHERE owner IN ('system','fujia') AND company IN ('1','0') ORDER BY id
  SELECT * FROM `zt_config` WHERE 1 = 1  AND company IN ('1') AND owner IN ('system') AND module IN ('common') AND section IN ('global') AND `key` IN ('sn')

20130922 15:10:49: misc-ping
  SELECT * FROM `zt_config` WHERE owner IN ('system','fujia') AND company IN ('1','0') ORDER BY id
  SELECT * FROM `zt_config` WHERE 1 = 1  AND company IN ('1') AND owner IN ('system') AND module IN ('common') AND section IN ('global') AND `key` IN ('sn')

20130922 15:15:50: misc-ping
  SELECT * FROM `zt_config` WHERE owner IN ('system','fujia') AND company IN ('1','0') ORDER BY id
  SELECT * FROM `zt_config` WHERE 1 = 1  AND company IN ('1') AND owner IN ('system') AND module IN ('common') AND section IN ('global') AND `key` IN ('sn')

20130922 15:20:50: misc-ping
  SELECT * FROM `zt_config` WHERE owner IN ('system','fujia') AND company IN ('1','0') ORDER BY id
  SELECT * FROM `zt_config` WHERE 1 = 1  AND company IN ('1') AND owner IN ('system') AND module IN ('common') AND section IN ('global') AND `key` IN ('sn')

20130922 15:25:50: misc-ping
  SELECT * FROM `zt_config` WHERE owner IN ('system','fujia') AND company IN ('1','0') ORDER BY id

20130922 15:30:50: misc-ping
  SELECT * FROM `zt_config` WHERE owner IN ('system','fujia') AND company IN ('1','0') ORDER BY id
  SELECT * FROM `zt_config` WHERE 1 = 1  AND company IN ('1') AND owner IN ('system') AND module IN ('common') AND section IN ('global') AND `key` IN ('sn')

20130922 15:35:50: misc-ping
  SELECT * FROM `zt_config` WHERE owner IN ('system','fujia') AND company IN ('1','0') ORDER BY id
  SELECT * FROM `zt_config` WHERE 1 = 1  AND company IN ('1') AND owner IN ('system') AND module IN ('common') AND section IN ('global') AND `key` IN ('sn')

20130922 15:40:50: misc-ping
  SELECT * FROM `zt_config` WHERE owner IN ('system','fujia') AND company IN ('1','0') ORDER BY id
  SELECT * FROM `zt_config` WHERE 1 = 1  AND company IN ('1') AND owner IN ('system') AND module IN ('common') AND section IN ('global') AND `key` IN ('sn')

20130922 15:45:50: misc-ping
  SELECT * FROM `zt_config` WHERE owner IN ('system','fujia') AND company IN ('1','0') ORDER BY id

20130922 15:50:51: misc-ping
  SELECT * FROM `zt_config` WHERE owner IN ('system','fujia') AND company IN ('1','0') ORDER BY id

20130922 15:55:51: misc-ping
  SELECT * FROM `zt_config` WHERE owner IN ('system','fujia') AND company IN ('1','0') ORDER BY id
  SELECT * FROM `zt_config` WHERE 1 = 1  AND company IN ('1') AND owner IN ('system') AND module IN ('common') AND section IN ('global') AND `key` IN ('sn')

20130922 16:00:51: misc-ping
  SELECT * FROM `zt_config` WHERE owner IN ('system','fujia') AND company IN ('1','0') ORDER BY id

20130922 16:05:51: misc-ping
  SELECT * FROM `zt_config` WHERE owner IN ('system','fujia') AND company IN ('1','0') ORDER BY id
  SELECT * FROM `zt_config` WHERE 1 = 1  AND company IN ('1') AND owner IN ('system') AND module IN ('common') AND section IN ('global') AND `key` IN ('sn')

20130922 16:10:51: misc-ping
  SELECT * FROM `zt_config` WHERE owner IN ('system','fujia') AND company IN ('1','0') ORDER BY id
  SELECT * FROM `zt_config` WHERE 1 = 1  AND company IN ('1') AND owner IN ('system') AND module IN ('common') AND section IN ('global') AND `key` IN ('sn')

20130922 16:15:51: misc-ping
  SELECT * FROM `zt_config` WHERE owner IN ('system','fujia') AND company IN ('1','0') ORDER BY id

20130922 16:20:52: misc-ping
  SELECT * FROM `zt_config` WHERE owner IN ('system','fujia') AND company IN ('1','0') ORDER BY id
  SELECT * FROM `zt_config` WHERE 1 = 1  AND company IN ('1') AND owner IN ('system') AND module IN ('common') AND section IN ('global') AND `key` IN ('sn')

20130922 16:25:52: misc-ping
  SELECT * FROM `zt_config` WHERE owner IN ('system','fujia') AND company IN ('1','0') ORDER BY id

20130922 16:30:52: misc-ping
  SELECT * FROM `zt_config` WHERE owner IN ('system','fujia') AND company IN ('1','0') ORDER BY id
  SELECT * FROM `zt_config` WHERE 1 = 1  AND company IN ('1') AND owner IN ('system') AND module IN ('common') AND section IN ('global') AND `key` IN ('sn')

20130922 16:35:52: misc-ping
  SELECT * FROM `zt_config` WHERE owner IN ('system','fujia') AND company IN ('1','0') ORDER BY id

20130922 16:40:52: misc-ping
  SELECT * FROM `zt_config` WHERE owner IN ('system','fujia') AND company IN ('1','0') ORDER BY id
  SELECT * FROM `zt_config` WHERE 1 = 1  AND company IN ('1') AND owner IN ('system') AND module IN ('common') AND section IN ('global') AND `key` IN ('sn')

20130922 16:45:52: misc-ping
  SELECT * FROM `zt_config` WHERE owner IN ('system','fujia') AND company IN ('1','0') ORDER BY id
  SELECT * FROM `zt_config` WHERE 1 = 1  AND company IN ('1') AND owner IN ('system') AND module IN ('common') AND section IN ('global') AND `key` IN ('sn')

20130922 16:50:52: misc-ping
  SELECT * FROM `zt_config` WHERE owner IN ('system','fujia') AND company IN ('1','0') ORDER BY id

20130922 16:55:53: misc-ping
  SELECT * FROM `zt_config` WHERE owner IN ('system','fujia') AND company IN ('1','0') ORDER BY id

20130922 17:00:53: misc-ping
  SELECT * FROM `zt_config` WHERE owner IN ('system','fujia') AND company IN ('1','0') ORDER BY id
  SELECT * FROM `zt_config` WHERE 1 = 1  AND company IN ('1') AND owner IN ('system') AND module IN ('common') AND section IN ('global') AND `key` IN ('sn')

